mode: atomic
github.com/douyu/jupiter/pkg/util/xmap/map.go:42.28,46.2 1 0
github.com/douyu/jupiter/pkg/util/xmap/map.go:49.73,51.50 2 0
github.com/douyu/jupiter/pkg/util/xmap/map.go:54.2,54.25 1 0
github.com/douyu/jupiter/pkg/util/xmap/map.go:51.50,53.3 1 0
github.com/douyu/jupiter/pkg/util/xmap/map.go:57.63,63.46 5 0
github.com/douyu/jupiter/pkg/util/xmap/map.go:71.2,71.12 1 0
github.com/douyu/jupiter/pkg/util/xmap/map.go:63.46,65.40 2 0
github.com/douyu/jupiter/pkg/util/xmap/map.go:68.3,68.26 1 0
github.com/douyu/jupiter/pkg/util/xmap/map.go:65.40,67.4 1 0
github.com/douyu/jupiter/pkg/util/xmap/map.go:75.61,81.2 5 0
github.com/douyu/jupiter/pkg/util/xmap/map.go:84.50,86.2 1 0
github.com/douyu/jupiter/pkg/util/xmap/map.go:89.51,91.2 1 0
github.com/douyu/jupiter/pkg/util/xmap/map.go:94.47,96.2 1 0
github.com/douyu/jupiter/pkg/util/xmap/map.go:99.45,101.2 1 0
github.com/douyu/jupiter/pkg/util/xmap/map.go:104.49,106.2 1 0
github.com/douyu/jupiter/pkg/util/xmap/map.go:109.53,111.2 1 0
github.com/douyu/jupiter/pkg/util/xmap/map.go:114.52,116.2 1 0
github.com/douyu/jupiter/pkg/util/xmap/map.go:119.60,121.2 1 0
github.com/douyu/jupiter/pkg/util/xmap/map.go:124.58,126.2 1 0
github.com/douyu/jupiter/pkg/util/xmap/map.go:129.57,131.2 1 0
github.com/douyu/jupiter/pkg/util/xmap/map.go:134.70,136.2 1 0
github.com/douyu/jupiter/pkg/util/xmap/map.go:139.71,141.2 1 0
github.com/douyu/jupiter/pkg/util/xmap/map.go:144.78,146.2 1 0
github.com/douyu/jupiter/pkg/util/xmap/map.go:149.89,156.16 3 0
github.com/douyu/jupiter/pkg/util/xmap/map.go:159.2,159.15 1 0
github.com/douyu/jupiter/pkg/util/xmap/map.go:165.2,166.18 2 0
github.com/douyu/jupiter/pkg/util/xmap/map.go:170.2,170.30 1 0
github.com/douyu/jupiter/pkg/util/xmap/map.go:156.16,158.3 1 0
github.com/douyu/jupiter/pkg/util/xmap/map.go:159.15,163.3 3 0
github.com/douyu/jupiter/pkg/util/xmap/map.go:166.18,168.3 1 0
github.com/douyu/jupiter/pkg/util/xmap/map.go:174.30,180.66 4 0
github.com/douyu/jupiter/pkg/util/xmap/map.go:180.66,183.3 2 0
github.com/douyu/jupiter/pkg/util/xmap/map.go:186.51,188.8 2 0
github.com/douyu/jupiter/pkg/util/xmap/map.go:192.2,198.11 7 0
github.com/douyu/jupiter/pkg/util/xmap/map.go:188.8,190.3 1 0
github.com/douyu/jupiter/pkg/util/xmap/map.go:201.100,202.27 1 0
github.com/douyu/jupiter/pkg/util/xmap/map.go:202.27,204.19 2 0
github.com/douyu/jupiter/pkg/util/xmap/map.go:207.3,207.51 1 0
github.com/douyu/jupiter/pkg/util/xmap/map.go:204.19,206.4 1 0
github.com/douyu/jupiter/pkg/util/xmap/map.go:207.51,209.4 1 0
github.com/douyu/jupiter/pkg/util/xmap/map.go:209.9,211.4 1 0
github.com/douyu/jupiter/pkg/util/xmap/map.go:215.66,219.2 3 0
github.com/douyu/jupiter/pkg/util/xmap/map.go:221.81,222.25 1 0
github.com/douyu/jupiter/pkg/util/xmap/map.go:237.2,237.10 1 0
github.com/douyu/jupiter/pkg/util/xmap/map.go:222.25,224.10 2 0
github.com/douyu/jupiter/pkg/util/xmap/map.go:230.3,231.10 2 0
github.com/douyu/jupiter/pkg/util/xmap/map.go:235.3,235.9 1 0
github.com/douyu/jupiter/pkg/util/xmap/map.go:224.10,228.12 4 0
github.com/douyu/jupiter/pkg/util/xmap/map.go:231.10,234.4 2 0
github.com/douyu/jupiter/pkg/conf/init.go:30.13,31.149 1 1
github.com/douyu/jupiter/pkg/conf/init.go:36.2,36.123 1 1
github.com/douyu/jupiter/pkg/conf/init.go:66.2,66.157 1 1
github.com/douyu/jupiter/pkg/conf/init.go:70.2,70.218 1 1
github.com/douyu/jupiter/pkg/conf/init.go:74.2,74.182 1 1
github.com/douyu/jupiter/pkg/conf/init.go:31.149,34.3 2 0
github.com/douyu/jupiter/pkg/conf/init.go:36.123,42.17 5 0
github.com/douyu/jupiter/pkg/conf/init.go:46.3,47.35 2 0
github.com/douyu/jupiter/pkg/conf/init.go:58.3,58.69 1 0
github.com/douyu/jupiter/pkg/conf/init.go:61.3,63.40 2 0
github.com/douyu/jupiter/pkg/conf/init.go:42.17,44.4 1 0
github.com/douyu/jupiter/pkg/conf/init.go:48.16,48.16 0 0
github.com/douyu/jupiter/pkg/conf/init.go:50.24,51.32 1 0
github.com/douyu/jupiter/pkg/conf/init.go:52.16,53.32 1 0
github.com/douyu/jupiter/pkg/conf/init.go:54.11,55.71 1 0
github.com/douyu/jupiter/pkg/conf/init.go:58.69,60.4 1 0
github.com/douyu/jupiter/pkg/conf/init.go:66.157,68.3 1 0
github.com/douyu/jupiter/pkg/conf/init.go:70.218,72.3 1 0
github.com/douyu/jupiter/pkg/conf/init.go:74.182,76.3 1 0
github.com/douyu/jupiter/pkg/util/xgo/chan.go:17.44,18.9 1 0
github.com/douyu/jupiter/pkg/util/xgo/chan.go:23.2,23.14 1 0
github.com/douyu/jupiter/pkg/util/xgo/chan.go:19.12,20.14 1 0
github.com/douyu/jupiter/pkg/util/xgo/chan.go:21.10,21.10 0 0
github.com/douyu/jupiter/pkg/core/sentinel/sentinel_circuitbreaker.go:55.73,58.29 2 0
github.com/douyu/jupiter/pkg/core/sentinel/sentinel_circuitbreaker.go:73.2,73.11 1 0
github.com/douyu/jupiter/pkg/core/sentinel/sentinel_circuitbreaker.go:58.29,59.18 1 0
github.com/douyu/jupiter/pkg/core/sentinel/sentinel_circuitbreaker.go:59.18,70.4 1 0
github.com/douyu/jupiter/pkg/core/sentinel/sentinel_circuitbreaker.go:76.39,80.2 1 0
github.com/douyu/jupiter/pkg/core/sentinel/sentinel_circuitbreaker.go:85.108,87.2 1 0
github.com/douyu/jupiter/pkg/core/sentinel/sentinel_circuitbreaker.go:91.77,93.2 1 0
github.com/douyu/jupiter/pkg/core/sentinel/sentinel_circuitbreaker.go:96.110,98.2 1 0
github.com/douyu/jupiter/pkg/server/server.go:55.45,57.2 1 2
github.com/douyu/jupiter/pkg/server/server.go:59.46,61.2 1 0
github.com/douyu/jupiter/pkg/server/server.go:64.38,66.2 1 2
github.com/douyu/jupiter/pkg/server/server.go:71.49,78.2 2 0
github.com/douyu/jupiter/pkg/server/server.go:103.50,105.33 2 7
github.com/douyu/jupiter/pkg/server/server.go:108.2,108.13 1 7
github.com/douyu/jupiter/pkg/server/server.go:105.33,107.3 1 21
github.com/douyu/jupiter/pkg/server/server.go:111.45,112.30 1 0
github.com/douyu/jupiter/pkg/server/server.go:112.30,114.3 1 0
github.com/douyu/jupiter/pkg/server/server.go:117.39,118.30 1 7
github.com/douyu/jupiter/pkg/server/server.go:118.30,120.3 1 7
github.com/douyu/jupiter/pkg/server/server.go:123.41,124.30 1 7
github.com/douyu/jupiter/pkg/server/server.go:124.30,126.3 1 7
github.com/douyu/jupiter/pkg/server/server.go:129.49,130.30 1 7
github.com/douyu/jupiter/pkg/server/server.go:130.30,132.3 1 7
github.com/douyu/jupiter/pkg/server/server.go:135.39,157.2 6 7
github.com/douyu/jupiter/pkg/client/redis/interceptor.go:37.100,39.2 1 0
github.com/douyu/jupiter/pkg/client/redis/interceptor.go:41.80,43.2 1 0
github.com/douyu/jupiter/pkg/client/redis/interceptor.go:45.111,47.2 1 0
github.com/douyu/jupiter/pkg/client/redis/interceptor.go:49.91,51.2 1 0
github.com/douyu/jupiter/pkg/client/redis/interceptor.go:53.88,55.86 1 0
github.com/douyu/jupiter/pkg/client/redis/interceptor.go:55.86,57.4 1 0
github.com/douyu/jupiter/pkg/client/redis/interceptor.go:58.66,60.4 1 0
github.com/douyu/jupiter/pkg/client/redis/interceptor.go:61.97,63.4 1 0
github.com/douyu/jupiter/pkg/client/redis/interceptor.go:64.77,66.4 1 0
github.com/douyu/jupiter/pkg/client/redis/interceptor.go:70.124,73.2 2 0
github.com/douyu/jupiter/pkg/client/redis/interceptor.go:75.104,78.2 2 0
github.com/douyu/jupiter/pkg/client/redis/interceptor.go:80.135,83.2 2 0
github.com/douyu/jupiter/pkg/client/redis/interceptor.go:85.115,88.2 2 0
github.com/douyu/jupiter/pkg/client/redis/interceptor.go:89.103,91.88 1 0
github.com/douyu/jupiter/pkg/client/redis/interceptor.go:91.88,93.4 1 0
github.com/douyu/jupiter/pkg/client/redis/interceptor.go:94.99,96.4 1 0
github.com/douyu/jupiter/pkg/client/redis/interceptor.go:96.71,99.83 2 0
github.com/douyu/jupiter/pkg/client/redis/interceptor.go:106.3,106.13 1 0
github.com/douyu/jupiter/pkg/client/redis/interceptor.go:99.83,105.4 1 0
github.com/douyu/jupiter/pkg/client/redis/interceptor.go:107.81,110.83 2 0
github.com/douyu/jupiter/pkg/client/redis/interceptor.go:118.3,118.13 1 0
github.com/douyu/jupiter/pkg/client/redis/interceptor.go:110.83,117.4 1 0
github.com/douyu/jupiter/pkg/client/redis/interceptor.go:122.103,125.68 1 0
github.com/douyu/jupiter/pkg/client/redis/interceptor.go:125.68,130.18 5 0
github.com/douyu/jupiter/pkg/client/redis/interceptor.go:135.4,135.14 1 0
github.com/douyu/jupiter/pkg/client/redis/interceptor.go:130.18,132.5 1 0
github.com/douyu/jupiter/pkg/client/redis/interceptor.go:132.10,134.5 1 0
github.com/douyu/jupiter/pkg/client/redis/interceptor.go:137.79,141.29 4 0
github.com/douyu/jupiter/pkg/client/redis/interceptor.go:149.4,150.14 2 0
github.com/douyu/jupiter/pkg/client/redis/interceptor.go:141.29,143.19 2 0
github.com/douyu/jupiter/pkg/client/redis/interceptor.go:143.19,145.6 1 0
github.com/douyu/jupiter/pkg/client/redis/interceptor.go:145.11,147.6 1 0
github.com/douyu/jupiter/pkg/client/redis/interceptor.go:153.104,156.68 1 0
github.com/douyu/jupiter/pkg/client/redis/interceptor.go:156.68,161.18 5 0
github.com/douyu/jupiter/pkg/client/redis/interceptor.go:167.4,168.14 2 0
github.com/douyu/jupiter/pkg/client/redis/interceptor.go:161.18,162.34 1 0
github.com/douyu/jupiter/pkg/client/redis/interceptor.go:165.5,165.69 1 0
github.com/douyu/jupiter/pkg/client/redis/interceptor.go:162.34,164.6 1 0
github.com/douyu/jupiter/pkg/client/redis/interceptor.go:169.82,173.28 4 0
github.com/douyu/jupiter/pkg/client/redis/interceptor.go:183.3,183.13 1 0
github.com/douyu/jupiter/pkg/client/redis/interceptor.go:173.28,175.24 2 0
github.com/douyu/jupiter/pkg/client/redis/interceptor.go:181.4,181.65 1 0
github.com/douyu/jupiter/pkg/client/redis/interceptor.go:175.24,176.40 1 0
github.com/douyu/jupiter/pkg/client/redis/interceptor.go:179.5,179.69 1 0
github.com/douyu/jupiter/pkg/client/redis/interceptor.go:176.40,178.6 1 0
github.com/douyu/jupiter/pkg/client/redis/interceptor.go:186.104,188.68 1 0
github.com/douyu/jupiter/pkg/client/redis/interceptor.go:188.68,199.18 5 0
github.com/douyu/jupiter/pkg/client/redis/interceptor.go:208.4,211.14 3 0
github.com/douyu/jupiter/pkg/client/redis/interceptor.go:199.18,201.34 2 0
github.com/douyu/jupiter/pkg/client/redis/interceptor.go:205.5,206.15 2 0
github.com/douyu/jupiter/pkg/client/redis/interceptor.go:201.34,204.6 2 0
github.com/douyu/jupiter/pkg/client/redis/interceptor.go:213.81,216.28 2 0
github.com/douyu/jupiter/pkg/client/redis/interceptor.go:240.3,240.13 1 0
github.com/douyu/jupiter/pkg/client/redis/interceptor.go:216.28,226.18 4 0
github.com/douyu/jupiter/pkg/client/redis/interceptor.go:235.4,238.12 3 0
github.com/douyu/jupiter/pkg/client/redis/interceptor.go:226.18,228.34 2 0
github.com/douyu/jupiter/pkg/client/redis/interceptor.go:232.5,233.13 2 0
github.com/douyu/jupiter/pkg/client/redis/interceptor.go:228.34,230.14 2 0
github.com/douyu/jupiter/pkg/client/redis/interceptor.go:243.103,252.88 3 0
github.com/douyu/jupiter/pkg/client/redis/interceptor.go:252.88,259.4 3 0
github.com/douyu/jupiter/pkg/client/redis/interceptor.go:260.68,262.56 2 0
github.com/douyu/jupiter/pkg/client/redis/interceptor.go:269.4,270.14 2 0
github.com/douyu/jupiter/pkg/client/redis/interceptor.go:262.56,265.5 2 0
github.com/douyu/jupiter/pkg/client/redis/interceptor.go:265.10,267.5 1 0
github.com/douyu/jupiter/pkg/client/redis/interceptor.go:272.99,278.4 3 0
github.com/douyu/jupiter/pkg/client/redis/interceptor.go:279.79,281.29 2 0
github.com/douyu/jupiter/pkg/client/redis/interceptor.go:289.4,291.14 3 0
github.com/douyu/jupiter/pkg/client/redis/interceptor.go:281.29,282.57 1 0
github.com/douyu/jupiter/pkg/client/redis/interceptor.go:282.57,287.6 4 0
github.com/douyu/jupiter/pkg/client/redis/interceptor.go:294.39,295.28 1 0
github.com/douyu/jupiter/pkg/client/redis/interceptor.go:296.18,297.39 1 0
github.com/douyu/jupiter/pkg/client/redis/interceptor.go:298.24,299.39 1 0
github.com/douyu/jupiter/pkg/client/redis/interceptor.go:300.24,301.39 1 0
github.com/douyu/jupiter/pkg/client/redis/interceptor.go:302.21,303.39 1 0
github.com/douyu/jupiter/pkg/client/redis/interceptor.go:304.26,305.39 1 0
github.com/douyu/jupiter/pkg/client/redis/interceptor.go:306.22,307.39 1 0
github.com/douyu/jupiter/pkg/client/redis/interceptor.go:308.30,309.39 1 0
github.com/douyu/jupiter/pkg/client/redis/interceptor.go:310.29,311.39 1 0
github.com/douyu/jupiter/pkg/client/redis/interceptor.go:312.10,313.12 1 0
github.com/douyu/jupiter/pkg/client/redis/interceptor.go:316.45,319.27 3 0
github.com/douyu/jupiter/pkg/client/redis/interceptor.go:325.2,325.35 1 0
github.com/douyu/jupiter/pkg/client/redis/interceptor.go:319.27,320.30 1 0
github.com/douyu/jupiter/pkg/client/redis/interceptor.go:320.30,323.4 2 0
github.com/douyu/jupiter/pkg/client/redis/interceptor.go:328.106,330.88 1 0
github.com/douyu/jupiter/pkg/client/redis/interceptor.go:330.88,335.23 2 0
github.com/douyu/jupiter/pkg/client/redis/interceptor.go:339.4,339.48 1 0
github.com/douyu/jupiter/pkg/client/redis/interceptor.go:335.23,337.5 1 0
github.com/douyu/jupiter/pkg/client/redis/interceptor.go:341.68,342.56 1 0
github.com/douyu/jupiter/pkg/client/redis/interceptor.go:351.4,351.14 1 0
github.com/douyu/jupiter/pkg/client/redis/interceptor.go:342.56,344.61 2 0
github.com/douyu/jupiter/pkg/client/redis/interceptor.go:348.5,348.40 1 0
github.com/douyu/jupiter/pkg/client/redis/interceptor.go:344.61,346.6 1 0
github.com/douyu/jupiter/pkg/client/redis/interceptor.go:353.99,358.23 2 0
github.com/douyu/jupiter/pkg/client/redis/interceptor.go:362.4,362.48 1 0
github.com/douyu/jupiter/pkg/client/redis/interceptor.go:358.23,360.5 1 0
github.com/douyu/jupiter/pkg/client/redis/interceptor.go:363.82,364.55 1 0
github.com/douyu/jupiter/pkg/client/redis/interceptor.go:378.3,378.13 1 0
github.com/douyu/jupiter/pkg/client/redis/interceptor.go:364.55,366.29 2 0
github.com/douyu/jupiter/pkg/client/redis/interceptor.go:375.4,375.39 1 0
github.com/douyu/jupiter/pkg/client/redis/interceptor.go:366.29,368.61 1 0
github.com/douyu/jupiter/pkg/client/redis/interceptor.go:368.61,371.11 2 0
github.com/douyu/jupiter/pkg/util/xfile/filestat_posix.go:30.53,31.18 1 0
github.com/douyu/jupiter/pkg/util/xfile/filestat_posix.go:46.2,46.41 1 0
github.com/douyu/jupiter/pkg/util/xfile/filestat_posix.go:31.18,33.17 2 0
github.com/douyu/jupiter/pkg/util/xfile/filestat_posix.go:36.3,44.17 9 0
github.com/douyu/jupiter/pkg/util/xfile/filestat_posix.go:33.17,35.4 1 0
github.com/douyu/jupiter/pkg/flag/init.go:26.42,29.4 2 0
github.com/douyu/jupiter/pkg/core/sentinel/sentinel.go:62.13,63.53 1 1
github.com/douyu/jupiter/pkg/core/sentinel/sentinel.go:63.53,65.3 1 0
github.com/douyu/jupiter/pkg/core/sentinel/sentinel.go:69.20,73.2 2 0
github.com/douyu/jupiter/pkg/core/sentinel/sentinel.go:76.80,78.2 1 1
github.com/douyu/jupiter/pkg/server/governor/config.go:30.37,32.2 1 0
github.com/douyu/jupiter/pkg/server/governor/config.go:35.36,37.26 2 0
github.com/douyu/jupiter/pkg/server/governor/config.go:40.2,40.56 1 0
github.com/douyu/jupiter/pkg/server/governor/config.go:46.2,46.15 1 0
github.com/douyu/jupiter/pkg/server/governor/config.go:37.26,39.3 1 0
github.com/douyu/jupiter/pkg/server/governor/config.go:40.56,45.3 1 0
github.com/douyu/jupiter/pkg/server/governor/config.go:51.30,53.16 2 0
github.com/douyu/jupiter/pkg/server/governor/config.go:57.2,63.3 1 0
github.com/douyu/jupiter/pkg/server/governor/config.go:53.16,55.3 1 0
github.com/douyu/jupiter/pkg/server/governor/config.go:67.39,69.2 1 0
github.com/douyu/jupiter/pkg/server/governor/config.go:72.39,74.2 1 0
github.com/douyu/jupiter/pkg/core/rocketmq/log.go:33.13,34.53 1 1
github.com/douyu/jupiter/pkg/core/rocketmq/log.go:34.53,36.3 1 0
github.com/douyu/jupiter/pkg/core/rocketmq/log.go:39.36,45.2 2 0
github.com/douyu/jupiter/pkg/core/rocketmq/log.go:47.69,48.35 1 0
github.com/douyu/jupiter/pkg/core/rocketmq/log.go:52.2,54.33 2 0
github.com/douyu/jupiter/pkg/core/rocketmq/log.go:58.2,58.28 1 0
github.com/douyu/jupiter/pkg/core/rocketmq/log.go:48.35,50.3 1 0
github.com/douyu/jupiter/pkg/core/rocketmq/log.go:54.33,56.3 1 0
github.com/douyu/jupiter/pkg/core/rocketmq/log.go:61.68,62.35 1 0
github.com/douyu/jupiter/pkg/core/rocketmq/log.go:66.2,68.33 2 0
github.com/douyu/jupiter/pkg/core/rocketmq/log.go:73.2,73.28 1 0
github.com/douyu/jupiter/pkg/core/rocketmq/log.go:62.35,64.3 1 0
github.com/douyu/jupiter/pkg/core/rocketmq/log.go:68.33,70.3 1 0
github.com/douyu/jupiter/pkg/core/rocketmq/log.go:76.71,77.35 1 0
github.com/douyu/jupiter/pkg/core/rocketmq/log.go:81.2,83.33 2 0
github.com/douyu/jupiter/pkg/core/rocketmq/log.go:87.2,87.27 1 0
github.com/douyu/jupiter/pkg/core/rocketmq/log.go:77.35,79.3 1 0
github.com/douyu/jupiter/pkg/core/rocketmq/log.go:83.33,85.3 1 0
github.com/douyu/jupiter/pkg/core/rocketmq/log.go:90.69,91.35 1 0
github.com/douyu/jupiter/pkg/core/rocketmq/log.go:95.2,97.33 2 0
github.com/douyu/jupiter/pkg/core/rocketmq/log.go:101.2,101.28 1 0
github.com/douyu/jupiter/pkg/core/rocketmq/log.go:91.35,93.3 1 0
github.com/douyu/jupiter/pkg/core/rocketmq/log.go:97.33,99.3 1 0
github.com/douyu/jupiter/pkg/core/rocketmq/log.go:104.69,105.35 1 0
github.com/douyu/jupiter/pkg/core/rocketmq/log.go:109.2,111.33 2 0
github.com/douyu/jupiter/pkg/core/rocketmq/log.go:115.2,115.28 1 0
github.com/douyu/jupiter/pkg/core/rocketmq/log.go:105.35,107.3 1 0
github.com/douyu/jupiter/pkg/core/rocketmq/log.go:111.33,113.3 1 0
github.com/douyu/jupiter/pkg/core/rocketmq/log.go:118.41,120.2 0 0
github.com/douyu/jupiter/pkg/core/rocketmq/log.go:122.56,124.2 1 0
github.com/douyu/jupiter/pkg/server/xgrpc/config.go:70.37,72.2 1 1
github.com/douyu/jupiter/pkg/server/xgrpc/config.go:75.36,77.56 2 1
github.com/douyu/jupiter/pkg/server/xgrpc/config.go:84.2,84.15 1 1
github.com/douyu/jupiter/pkg/server/xgrpc/config.go:77.56,83.3 1 0
github.com/douyu/jupiter/pkg/server/xgrpc/config.go:89.30,105.2 1 1
github.com/douyu/jupiter/pkg/server/xgrpc/config.go:110.78,111.33 1 0
github.com/douyu/jupiter/pkg/server/xgrpc/config.go:114.2,115.15 2 0
github.com/douyu/jupiter/pkg/server/xgrpc/config.go:111.33,113.3 1 0
github.com/douyu/jupiter/pkg/server/xgrpc/config.go:119.92,120.38 1 0
github.com/douyu/jupiter/pkg/server/xgrpc/config.go:124.2,125.15 2 0
github.com/douyu/jupiter/pkg/server/xgrpc/config.go:120.38,122.3 1 0
github.com/douyu/jupiter/pkg/server/xgrpc/config.go:129.90,130.37 1 0
github.com/douyu/jupiter/pkg/server/xgrpc/config.go:134.2,135.15 2 0
github.com/douyu/jupiter/pkg/server/xgrpc/config.go:130.37,132.3 1 0
github.com/douyu/jupiter/pkg/server/xgrpc/config.go:138.43,140.16 2 1
github.com/douyu/jupiter/pkg/server/xgrpc/config.go:143.2,143.15 1 1
github.com/douyu/jupiter/pkg/server/xgrpc/config.go:140.16,142.3 1 0
github.com/douyu/jupiter/pkg/server/xgrpc/config.go:147.48,150.2 1 1
github.com/douyu/jupiter/pkg/server/xgrpc/config.go:153.63,156.2 2 0
github.com/douyu/jupiter/pkg/server/xgrpc/config.go:159.39,161.2 1 1
github.com/douyu/jupiter/pkg/flag/flag.go:29.13,38.2 1 1
github.com/douyu/jupiter/pkg/flag/flag.go:57.27,59.2 1 8
github.com/douyu/jupiter/pkg/flag/flag.go:62.44,64.2 1 8
github.com/douyu/jupiter/pkg/flag/flag.go:67.23,67.46 1 0
github.com/douyu/jupiter/pkg/flag/flag.go:70.40,72.2 1 0
github.com/douyu/jupiter/pkg/flag/flag.go:75.20,77.2 1 1
github.com/douyu/jupiter/pkg/flag/flag.go:81.51,83.17 2 1
github.com/douyu/jupiter/pkg/flag/flag.go:93.2,93.13 1 1
github.com/douyu/jupiter/pkg/flag/flag.go:83.17,84.32 1 0
github.com/douyu/jupiter/pkg/flag/flag.go:89.3,89.32 1 0
github.com/douyu/jupiter/pkg/flag/flag.go:84.32,85.40 1 0
github.com/douyu/jupiter/pkg/flag/flag.go:85.40,87.5 1 0
github.com/douyu/jupiter/pkg/flag/flag.go:89.32,91.4 1 0
github.com/douyu/jupiter/pkg/flag/flag.go:97.34,98.17 1 1
github.com/douyu/jupiter/pkg/flag/flag.go:101.2,101.29 1 0
github.com/douyu/jupiter/pkg/flag/flag.go:105.2,105.54 1 0
github.com/douyu/jupiter/pkg/flag/flag.go:109.2,109.38 1 0
github.com/douyu/jupiter/pkg/flag/flag.go:119.2,119.12 1 0
github.com/douyu/jupiter/pkg/flag/flag.go:98.17,100.3 1 1
github.com/douyu/jupiter/pkg/flag/flag.go:101.29,103.3 1 0
github.com/douyu/jupiter/pkg/flag/flag.go:105.54,107.3 1 0
github.com/douyu/jupiter/pkg/flag/flag.go:109.38,111.60 1 0
github.com/douyu/jupiter/pkg/flag/flag.go:114.3,114.41 1 0
github.com/douyu/jupiter/pkg/flag/flag.go:111.60,113.4 1 0
github.com/douyu/jupiter/pkg/flag/flag.go:114.41,116.4 1 0
github.com/douyu/jupiter/pkg/flag/flag.go:123.39,123.69 1 0
github.com/douyu/jupiter/pkg/flag/flag.go:126.53,128.17 2 0
github.com/douyu/jupiter/pkg/flag/flag.go:132.2,132.59 1 0
github.com/douyu/jupiter/pkg/flag/flag.go:128.17,130.3 1 0
github.com/douyu/jupiter/pkg/flag/flag.go:136.29,136.58 1 0
github.com/douyu/jupiter/pkg/flag/flag.go:139.43,142.2 2 0
github.com/douyu/jupiter/pkg/flag/flag.go:145.43,145.75 1 0
github.com/douyu/jupiter/pkg/flag/flag.go:148.57,150.17 2 1
github.com/douyu/jupiter/pkg/flag/flag.go:154.2,154.56 1 1
github.com/douyu/jupiter/pkg/flag/flag.go:150.17,152.3 1 0
github.com/douyu/jupiter/pkg/flag/flag.go:158.33,158.64 1 1
github.com/douyu/jupiter/pkg/flag/flag.go:161.47,164.2 2 1
github.com/douyu/jupiter/pkg/flag/flag.go:167.39,167.68 1 0
github.com/douyu/jupiter/pkg/flag/flag.go:170.53,172.17 2 0
github.com/douyu/jupiter/pkg/flag/flag.go:176.2,176.55 1 0
github.com/douyu/jupiter/pkg/flag/flag.go:172.17,174.3 1 0
github.com/douyu/jupiter/pkg/flag/flag.go:180.29,180.57 1 0
github.com/douyu/jupiter/pkg/flag/flag.go:183.43,186.2 2 0
github.com/douyu/jupiter/pkg/flag/flag.go:189.41,189.71 1 0
github.com/douyu/jupiter/pkg/flag/flag.go:192.55,194.17 2 0
github.com/douyu/jupiter/pkg/flag/flag.go:198.2,198.55 1 0
github.com/douyu/jupiter/pkg/flag/flag.go:194.17,196.3 1 0
github.com/douyu/jupiter/pkg/flag/flag.go:202.31,202.60 1 0
github.com/douyu/jupiter/pkg/flag/flag.go:205.45,208.2 2 0
github.com/douyu/jupiter/pkg/flag/flag.go:211.45,211.78 1 0
github.com/douyu/jupiter/pkg/flag/flag.go:214.59,216.17 2 0
github.com/douyu/jupiter/pkg/flag/flag.go:220.2,220.57 1 0
github.com/douyu/jupiter/pkg/flag/flag.go:216.17,218.3 1 0
github.com/douyu/jupiter/pkg/flag/flag.go:224.35,224.67 1 0
github.com/douyu/jupiter/pkg/flag/flag.go:227.49,230.2 2 0
github.com/douyu/jupiter/pkg/flag/flag.go:243.40,244.51 1 0
github.com/douyu/jupiter/pkg/flag/flag.go:244.51,246.24 2 0
github.com/douyu/jupiter/pkg/flag/flag.go:252.3,253.44 2 0
github.com/douyu/jupiter/pkg/flag/flag.go:246.24,248.4 1 0
github.com/douyu/jupiter/pkg/flag/flag.go:248.9,250.4 1 0
github.com/douyu/jupiter/pkg/flag/flag.go:269.42,270.51 1 0
github.com/douyu/jupiter/pkg/flag/flag.go:270.51,272.24 2 0
github.com/douyu/jupiter/pkg/flag/flag.go:277.3,278.44 2 0
github.com/douyu/jupiter/pkg/flag/flag.go:272.24,274.4 1 0
github.com/douyu/jupiter/pkg/flag/flag.go:274.9,276.4 1 0
github.com/douyu/jupiter/pkg/flag/flag.go:292.39,293.51 1 0
github.com/douyu/jupiter/pkg/flag/flag.go:293.51,295.24 2 0
github.com/douyu/jupiter/pkg/flag/flag.go:300.3,300.32 1 0
github.com/douyu/jupiter/pkg/flag/flag.go:295.24,297.4 1 0
github.com/douyu/jupiter/pkg/flag/flag.go:297.9,299.4 1 0
github.com/douyu/jupiter/pkg/flag/flag.go:314.40,315.51 1 0
github.com/douyu/jupiter/pkg/flag/flag.go:315.51,317.24 2 0
github.com/douyu/jupiter/pkg/flag/flag.go:322.3,322.32 1 0
github.com/douyu/jupiter/pkg/flag/flag.go:317.24,319.4 1 0
github.com/douyu/jupiter/pkg/flag/flag.go:319.9,321.4 1 0
github.com/douyu/jupiter/pkg/flag/flag.go:336.43,337.51 1 0
github.com/douyu/jupiter/pkg/flag/flag.go:337.51,339.24 2 0
github.com/douyu/jupiter/pkg/flag/flag.go:344.3,344.32 1 0
github.com/douyu/jupiter/pkg/flag/flag.go:339.24,341.4 1 0
github.com/douyu/jupiter/pkg/flag/flag.go:341.9,343.4 1 0
github.com/douyu/jupiter/pkg/util/xstring/string.go:28.43,30.16 2 0
github.com/douyu/jupiter/pkg/util/xstring/string.go:34.2,36.16 3 0
github.com/douyu/jupiter/pkg/util/xstring/string.go:40.2,44.36 4 0
github.com/douyu/jupiter/pkg/util/xstring/string.go:30.16,32.3 1 0
github.com/douyu/jupiter/pkg/util/xstring/string.go:36.16,38.3 1 0
github.com/douyu/jupiter/pkg/util/xstring/string.go:48.43,50.16 2 0
github.com/douyu/jupiter/pkg/util/xstring/string.go:53.2,53.18 1 0
github.com/douyu/jupiter/pkg/util/xstring/string.go:56.2,56.94 1 0
github.com/douyu/jupiter/pkg/util/xstring/string.go:50.16,52.3 1 0
github.com/douyu/jupiter/pkg/util/xstring/string.go:53.18,55.3 1 0
github.com/douyu/jupiter/pkg/util/xstring/string.go:63.37,65.25 2 0
github.com/douyu/jupiter/pkg/util/xstring/string.go:70.2,70.21 1 0
github.com/douyu/jupiter/pkg/util/xstring/string.go:65.25,66.16 1 0
github.com/douyu/jupiter/pkg/util/xstring/string.go:66.16,68.4 1 0
github.com/douyu/jupiter/pkg/util/xstring/string.go:73.63,74.31 1 0
github.com/douyu/jupiter/pkg/util/xstring/string.go:80.2,80.11 1 0
github.com/douyu/jupiter/pkg/util/xstring/string.go:74.31,75.20 1 0
github.com/douyu/jupiter/pkg/util/xstring/string.go:75.20,78.4 2 0
github.com/douyu/jupiter/pkg/util/xstring/string.go:84.33,85.25 1 0
github.com/douyu/jupiter/pkg/util/xstring/string.go:91.2,91.14 1 0
github.com/douyu/jupiter/pkg/util/xstring/string.go:85.25,86.16 1 0
github.com/douyu/jupiter/pkg/util/xstring/string.go:86.16,88.4 1 0
github.com/douyu/jupiter/pkg/util/xstring/string.go:94.58,95.25 1 0
github.com/douyu/jupiter/pkg/util/xstring/string.go:100.2,100.14 1 0
github.com/douyu/jupiter/pkg/util/xstring/string.go:95.25,96.17 1 0
github.com/douyu/jupiter/pkg/util/xstring/string.go:96.17,98.4 1 0
github.com/douyu/jupiter/pkg/util/xstring/string.go:103.58,104.18 1 0
github.com/douyu/jupiter/pkg/util/xstring/string.go:107.2,107.25 1 0
github.com/douyu/jupiter/pkg/util/xstring/string.go:112.2,112.13 1 0
github.com/douyu/jupiter/pkg/util/xstring/string.go:104.18,106.3 1 0
github.com/douyu/jupiter/pkg/util/xstring/string.go:107.25,108.18 1 0
github.com/douyu/jupiter/pkg/util/xstring/string.go:108.18,110.4 1 0
github.com/douyu/jupiter/pkg/util/xstring/string.go:116.45,117.17 1 0
github.com/douyu/jupiter/pkg/util/xstring/string.go:121.2,121.22 1 0
github.com/douyu/jupiter/pkg/util/xstring/string.go:117.17,119.3 1 0
github.com/douyu/jupiter/pkg/util/xstring/string.go:125.33,126.17 1 0
github.com/douyu/jupiter/pkg/util/xstring/string.go:129.2,129.11 1 0
github.com/douyu/jupiter/pkg/util/xstring/string.go:126.17,128.3 1 0
github.com/douyu/jupiter/pkg/util/xstring/string.go:133.43,134.17 1 0
github.com/douyu/jupiter/pkg/util/xstring/string.go:137.2,137.17 1 0
github.com/douyu/jupiter/pkg/util/xstring/string.go:140.2,140.8 1 0
github.com/douyu/jupiter/pkg/util/xstring/string.go:134.17,136.3 1 0
github.com/douyu/jupiter/pkg/util/xstring/string.go:137.17,139.3 1 0
github.com/douyu/jupiter/pkg/util/xstring/string.go:144.47,145.17 1 0
github.com/douyu/jupiter/pkg/util/xstring/string.go:148.2,148.17 1 0
github.com/douyu/jupiter/pkg/util/xstring/string.go:151.2,151.17 1 0
github.com/douyu/jupiter/pkg/util/xstring/string.go:154.2,154.8 1 0
github.com/douyu/jupiter/pkg/util/xstring/string.go:145.17,147.3 1 0
github.com/douyu/jupiter/pkg/util/xstring/string.go:148.17,150.3 1 0
github.com/douyu/jupiter/pkg/util/xstring/string.go:151.17,153.3 1 0
github.com/douyu/jupiter/pkg/util/xstring/string.go:158.51,159.17 1 0
github.com/douyu/jupiter/pkg/util/xstring/string.go:162.2,162.17 1 0
github.com/douyu/jupiter/pkg/util/xstring/string.go:165.2,165.17 1 0
github.com/douyu/jupiter/pkg/util/xstring/string.go:168.2,168.17 1 0
github.com/douyu/jupiter/pkg/util/xstring/string.go:171.2,171.8 1 0
github.com/douyu/jupiter/pkg/util/xstring/string.go:159.17,161.3 1 0
github.com/douyu/jupiter/pkg/util/xstring/string.go:162.17,164.3 1 0
github.com/douyu/jupiter/pkg/util/xstring/string.go:165.17,167.3 1 0
github.com/douyu/jupiter/pkg/util/xstring/string.go:168.17,170.3 1 0
github.com/douyu/jupiter/pkg/util/xstring/string.go:175.44,177.2 1 0
github.com/douyu/jupiter/pkg/util/xstring/string.go:179.34,181.2 1 0
github.com/douyu/jupiter/pkg/util/xstring/string.go:183.47,184.25 1 0
github.com/douyu/jupiter/pkg/util/xstring/string.go:189.2,189.11 1 0
github.com/douyu/jupiter/pkg/util/xstring/string.go:184.25,185.15 1 0
github.com/douyu/jupiter/pkg/util/xstring/string.go:185.15,187.4 1 0
github.com/douyu/jupiter/pkg/util/xstring/string.go:192.46,194.2 1 0
github.com/douyu/jupiter/pkg/util/xstring/string.go:196.31,199.32 3 0
github.com/douyu/jupiter/pkg/util/xstring/string.go:204.2,204.20 1 0
github.com/douyu/jupiter/pkg/util/xstring/string.go:199.32,203.3 3 0
github.com/douyu/jupiter/pkg/server/governor/http.go:30.13,32.74 1 1
github.com/douyu/jupiter/pkg/server/governor/http.go:36.2,42.43 6 1
github.com/douyu/jupiter/pkg/server/governor/http.go:32.74,34.3 1 0
github.com/douyu/jupiter/pkg/server/governor/http.go:42.43,43.71 1 1
github.com/douyu/jupiter/pkg/server/governor/http.go:43.71,45.45 2 0
github.com/douyu/jupiter/pkg/server/governor/http.go:48.4,48.28 1 0
github.com/douyu/jupiter/pkg/server/governor/http.go:45.45,47.5 1 0
github.com/douyu/jupiter/pkg/server/governor/http.go:54.59,58.2 2 13
github.com/douyu/jupiter/pkg/server/governor/init.go:30.13,31.44 1 1
github.com/douyu/jupiter/pkg/server/governor/init.go:36.2,36.20 1 1
github.com/douyu/jupiter/pkg/server/governor/init.go:31.44,34.3 1 1
github.com/douyu/jupiter/pkg/server/governor/init.go:39.25,40.70 1 1
github.com/douyu/jupiter/pkg/server/governor/init.go:48.2,48.75 1 1
github.com/douyu/jupiter/pkg/server/governor/init.go:53.2,53.72 1 1
github.com/douyu/jupiter/pkg/server/governor/init.go:58.2,58.73 1 1
github.com/douyu/jupiter/pkg/server/governor/init.go:75.2,75.70 1 1
github.com/douyu/jupiter/pkg/server/governor/init.go:40.70,42.44 2 0
github.com/douyu/jupiter/pkg/server/governor/init.go:45.3,45.41 1 0
github.com/douyu/jupiter/pkg/server/governor/init.go:42.44,44.4 1 0
github.com/douyu/jupiter/pkg/server/governor/init.go:48.75,51.3 2 0
github.com/douyu/jupiter/pkg/server/governor/init.go:53.72,56.3 2 0
github.com/douyu/jupiter/pkg/server/governor/init.go:58.73,73.3 2 0
github.com/douyu/jupiter/pkg/server/governor/init.go:75.70,77.3 1 0
github.com/douyu/jupiter/pkg/util/xfile/lock_unix.go:32.35,34.2 1 0
github.com/douyu/jupiter/pkg/util/xfile/lock_unix.go:37.43,39.16 2 0
github.com/douyu/jupiter/pkg/util/xfile/lock_unix.go:46.2,46.84 1 0
github.com/douyu/jupiter/pkg/util/xfile/lock_unix.go:63.2,63.27 1 0
github.com/douyu/jupiter/pkg/util/xfile/lock_unix.go:39.16,41.3 1 0
github.com/douyu/jupiter/pkg/util/xfile/lock_unix.go:46.84,49.3 2 0
github.com/douyu/jupiter/pkg/core/application/application.go:72.53,74.44 2 0
github.com/douyu/jupiter/pkg/core/application/application.go:77.2,77.17 1 0
github.com/douyu/jupiter/pkg/core/application/application.go:74.44,76.3 1 0
github.com/douyu/jupiter/pkg/core/application/application.go:80.32,84.2 3 1
github.com/douyu/jupiter/pkg/core/application/application.go:87.53,89.2 1 2
github.com/douyu/jupiter/pkg/core/application/application.go:92.73,94.2 1 0
github.com/douyu/jupiter/pkg/core/application/application.go:97.38,98.25 1 1
github.com/douyu/jupiter/pkg/core/application/application.go:98.25,115.3 12 1
github.com/douyu/jupiter/pkg/core/application/application.go:146.60,152.2 2 0
github.com/douyu/jupiter/pkg/core/application/application.go:173.57,178.2 4 1
github.com/douyu/jupiter/pkg/core/application/application.go:181.57,184.2 2 0
github.com/douyu/jupiter/pkg/core/application/application.go:187.54,190.9 2 0
github.com/douyu/jupiter/pkg/core/application/application.go:193.2,194.30 2 0
github.com/douyu/jupiter/pkg/core/application/application.go:200.2,201.19 2 0
github.com/douyu/jupiter/pkg/core/application/application.go:206.2,206.24 1 0
github.com/douyu/jupiter/pkg/core/application/application.go:210.2,212.12 3 0
github.com/douyu/jupiter/pkg/core/application/application.go:190.9,192.3 1 0
github.com/douyu/jupiter/pkg/core/application/application.go:194.30,197.3 2 0
github.com/douyu/jupiter/pkg/core/application/application.go:201.19,204.3 2 0
github.com/douyu/jupiter/pkg/core/application/application.go:206.24,209.3 2 0
github.com/douyu/jupiter/pkg/core/application/application.go:216.55,218.2 1 0
github.com/douyu/jupiter/pkg/core/application/application.go:221.60,223.2 1 0
github.com/douyu/jupiter/pkg/core/application/application.go:232.61,252.43 11 1
github.com/douyu/jupiter/pkg/core/application/application.go:256.2,257.12 2 1
github.com/douyu/jupiter/pkg/core/application/application.go:252.43,255.3 2 0
github.com/douyu/jupiter/pkg/core/application/application.go:261.33,264.2 2 1
github.com/douyu/jupiter/pkg/core/application/application.go:267.44,268.25 1 1
github.com/douyu/jupiter/pkg/core/application/application.go:299.2,299.8 1 1
github.com/douyu/jupiter/pkg/core/application/application.go:268.25,272.33 3 1
github.com/douyu/jupiter/pkg/core/application/application.go:287.3,287.33 1 1
github.com/douyu/jupiter/pkg/core/application/application.go:292.3,297.20 4 1
github.com/douyu/jupiter/pkg/core/application/application.go:272.33,273.26 1 1
github.com/douyu/jupiter/pkg/core/application/application.go:273.26,277.17 3 1
github.com/douyu/jupiter/pkg/core/application/application.go:280.5,283.22 3 1
github.com/douyu/jupiter/pkg/core/application/application.go:277.17,279.6 1 0
github.com/douyu/jupiter/pkg/core/application/application.go:287.33,288.26 1 0
github.com/douyu/jupiter/pkg/core/application/application.go:288.26,290.5 1 0
github.com/douyu/jupiter/pkg/core/application/application.go:303.71,304.25 1 0
github.com/douyu/jupiter/pkg/core/application/application.go:337.2,337.12 1 0
github.com/douyu/jupiter/pkg/core/application/application.go:304.25,308.33 3 0
github.com/douyu/jupiter/pkg/core/application/application.go:325.3,325.33 1 0
github.com/douyu/jupiter/pkg/core/application/application.go:331.3,335.20 4 0
github.com/douyu/jupiter/pkg/core/application/application.go:308.33,309.26 1 0
github.com/douyu/jupiter/pkg/core/application/application.go:309.26,310.32 1 0
github.com/douyu/jupiter/pkg/core/application/application.go:310.32,315.18 4 0
github.com/douyu/jupiter/pkg/core/application/application.go:318.6,320.32 2 0
github.com/douyu/jupiter/pkg/core/application/application.go:315.18,317.7 1 0
github.com/douyu/jupiter/pkg/core/application/application.go:325.33,326.26 1 0
github.com/douyu/jupiter/pkg/core/application/application.go:326.26,328.5 1 0
github.com/douyu/jupiter/pkg/core/application/application.go:341.39,343.36 2 1
github.com/douyu/jupiter/pkg/core/application/application.go:343.36,344.12 1 0
github.com/douyu/jupiter/pkg/core/application/application.go:344.12,348.4 3 0
github.com/douyu/jupiter/pkg/core/application/application.go:348.9,350.4 1 0
github.com/douyu/jupiter/pkg/core/application/application.go:354.46,357.12 3 1
github.com/douyu/jupiter/pkg/core/application/application.go:362.2,363.32 2 1
github.com/douyu/jupiter/pkg/core/application/application.go:375.2,376.18 2 1
github.com/douyu/jupiter/pkg/core/application/application.go:357.12,360.3 2 1
github.com/douyu/jupiter/pkg/core/application/application.go:363.32,365.28 2 1
github.com/douyu/jupiter/pkg/core/application/application.go:365.28,366.39 1 1
github.com/douyu/jupiter/pkg/core/application/application.go:370.4,371.10 2 1
github.com/douyu/jupiter/pkg/core/application/application.go:366.39,369.5 2 1
github.com/douyu/jupiter/pkg/core/application/application.go:379.46,382.32 2 1
github.com/douyu/jupiter/pkg/core/application/application.go:388.2,388.18 1 1
github.com/douyu/jupiter/pkg/core/application/application.go:382.32,384.22 2 0
github.com/douyu/jupiter/pkg/core/application/application.go:384.22,386.4 1 0
github.com/douyu/jupiter/pkg/core/application/application.go:392.43,393.24 1 1
github.com/douyu/jupiter/pkg/core/application/application.go:396.2,398.37 2 0
github.com/douyu/jupiter/pkg/core/application/application.go:406.2,407.12 2 0
github.com/douyu/jupiter/pkg/core/application/application.go:393.24,395.3 1 1
github.com/douyu/jupiter/pkg/core/application/application.go:398.37,399.30 1 0
github.com/douyu/jupiter/pkg/core/application/application.go:399.30,404.4 3 0
github.com/douyu/jupiter/pkg/core/application/application.go:411.48,413.2 1 1
github.com/douyu/jupiter/pkg/core/application/application.go:416.44,417.38 1 1
github.com/douyu/jupiter/pkg/core/application/application.go:422.2,422.21 1 1
github.com/douyu/jupiter/pkg/core/application/application.go:417.38,420.3 2 0
github.com/douyu/jupiter/pkg/core/application/application.go:425.51,427.9 2 1
github.com/douyu/jupiter/pkg/core/application/application.go:430.2,430.10 1 0
github.com/douyu/jupiter/pkg/core/application/application.go:427.9,429.3 1 1
github.com/douyu/jupiter/pkg/core/application/application.go:434.45,435.20 1 1
github.com/douyu/jupiter/pkg/core/application/application.go:439.2,439.28 1 1
github.com/douyu/jupiter/pkg/core/application/application.go:443.2,453.12 3 0
github.com/douyu/jupiter/pkg/core/application/application.go:435.20,437.3 1 0
github.com/douyu/jupiter/pkg/core/application/application.go:439.28,441.3 1 1
github.com/douyu/jupiter/pkg/server/xfasthttp/config.go:57.30,74.2 1 0
github.com/douyu/jupiter/pkg/server/xfasthttp/config.go:77.37,79.2 1 0
github.com/douyu/jupiter/pkg/server/xfasthttp/config.go:82.36,85.43 2 0
github.com/douyu/jupiter/pkg/server/xfasthttp/config.go:88.2,88.15 1 0
github.com/douyu/jupiter/pkg/server/xfasthttp/config.go:85.43,87.3 1 0
github.com/douyu/jupiter/pkg/server/xfasthttp/config.go:92.63,95.2 2 0
github.com/douyu/jupiter/pkg/server/xfasthttp/config.go:98.53,101.2 2 0
github.com/douyu/jupiter/pkg/server/xfasthttp/config.go:104.50,107.2 2 0
github.com/douyu/jupiter/pkg/server/xfasthttp/config.go:109.43,111.16 2 0
github.com/douyu/jupiter/pkg/server/xfasthttp/config.go:114.2,114.15 1 0
github.com/douyu/jupiter/pkg/server/xfasthttp/config.go:111.16,113.3 1 0
github.com/douyu/jupiter/pkg/server/xfasthttp/config.go:118.48,120.16 2 0
github.com/douyu/jupiter/pkg/server/xfasthttp/config.go:124.2,124.20 1 0
github.com/douyu/jupiter/pkg/server/xfasthttp/config.go:120.16,122.3 1 0
github.com/douyu/jupiter/pkg/server/xfasthttp/config.go:128.40,130.2 1 0
github.com/douyu/jupiter/pkg/server/xgin/status.go:34.32,34.55 1 0
github.com/douyu/jupiter/pkg/server/xgin/status.go:37.40,37.55 1 0
github.com/douyu/jupiter/pkg/server/xgin/status.go:40.38,40.39 0 0
github.com/douyu/jupiter/pkg/server/xgin/status.go:50.36,50.63 1 0
github.com/douyu/jupiter/pkg/server/xgin/status.go:53.44,53.79 1 0
github.com/douyu/jupiter/pkg/server/xgin/status.go:56.42,56.43 0 0
github.com/douyu/jupiter/pkg/server/xgin/status.go:59.60,61.16 2 0
github.com/douyu/jupiter/pkg/server/xgin/status.go:65.2,75.26 2 0
github.com/douyu/jupiter/pkg/server/xgin/status.go:61.16,63.3 1 0
github.com/douyu/jupiter/pkg/server/xgin/status.go:83.45,84.16 1 1
github.com/douyu/jupiter/pkg/server/xgin/status.go:87.2,87.43 1 1
github.com/douyu/jupiter/pkg/server/xgin/status.go:84.16,86.3 1 0
github.com/douyu/jupiter/pkg/server/xgin/status.go:89.13,93.2 3 1
github.com/douyu/jupiter/pkg/server/xgin/status.go:94.52,96.13 2 1
github.com/douyu/jupiter/pkg/server/xgin/status.go:99.2,100.16 2 1
github.com/douyu/jupiter/pkg/server/xgin/status.go:104.2,110.9 1 1
github.com/douyu/jupiter/pkg/server/xgin/status.go:96.13,98.3 1 0
github.com/douyu/jupiter/pkg/server/xgin/status.go:100.16,102.3 1 0
github.com/douyu/jupiter/pkg/server/xgin/status.go:112.54,114.2 1 1
github.com/douyu/jupiter/pkg/core/metric/histogram.go:37.52,50.2 3 6
github.com/douyu/jupiter/pkg/core/metric/histogram.go:53.69,55.2 1 1
github.com/douyu/jupiter/pkg/core/metric/histogram.go:58.66,65.2 1 1
github.com/douyu/jupiter/pkg/util/xstring/uuid.go:29.13,31.2 1 1
github.com/douyu/jupiter/pkg/util/xstring/uuid.go:34.46,56.22 17 0
github.com/douyu/jupiter/pkg/util/xstring/uuid.go:60.2,60.18 1 0
github.com/douyu/jupiter/pkg/util/xstring/uuid.go:56.22,59.3 2 0
github.com/douyu/jupiter/pkg/util/xstring/uuid.go:64.26,66.2 1 0
github.com/douyu/jupiter/pkg/client/resty/resty.go:87.37,89.2 1 0
github.com/douyu/jupiter/pkg/client/resty/resty.go:92.36,96.78 3 0
github.com/douyu/jupiter/pkg/client/resty/resty.go:100.2,100.32 1 0
github.com/douyu/jupiter/pkg/client/resty/resty.go:103.2,103.15 1 0
github.com/douyu/jupiter/pkg/client/resty/resty.go:96.78,98.3 1 0
github.com/douyu/jupiter/pkg/client/resty/resty.go:100.32,102.3 1 0
github.com/douyu/jupiter/pkg/client/resty/resty.go:107.30,123.2 1 0
github.com/douyu/jupiter/pkg/client/resty/resty.go:125.54,126.23 1 0
github.com/douyu/jupiter/pkg/client/resty/resty.go:130.2,138.46 8 0
github.com/douyu/jupiter/pkg/client/resty/resty.go:142.2,142.49 1 0
github.com/douyu/jupiter/pkg/client/resty/resty.go:146.2,146.51 1 0
github.com/douyu/jupiter/pkg/client/resty/resty.go:168.2,173.71 3 0
github.com/douyu/jupiter/pkg/client/resty/resty.go:193.2,193.72 1 0
github.com/douyu/jupiter/pkg/client/resty/resty.go:198.2,198.72 1 0
github.com/douyu/jupiter/pkg/client/resty/resty.go:239.2,239.20 1 0
github.com/douyu/jupiter/pkg/client/resty/resty.go:126.23,128.3 1 0
github.com/douyu/jupiter/pkg/client/resty/resty.go:138.46,140.3 1 0
github.com/douyu/jupiter/pkg/client/resty/resty.go:142.49,144.3 1 0
github.com/douyu/jupiter/pkg/client/resty/resty.go:146.51,147.25 1 0
github.com/douyu/jupiter/pkg/client/resty/resty.go:155.3,155.26 1 0
github.com/douyu/jupiter/pkg/client/resty/resty.go:159.3,159.28 1 0
github.com/douyu/jupiter/pkg/client/resty/resty.go:147.25,149.18 2 0
github.com/douyu/jupiter/pkg/client/resty/resty.go:153.4,153.14 1 0
github.com/douyu/jupiter/pkg/client/resty/resty.go:149.18,152.5 2 0
github.com/douyu/jupiter/pkg/client/resty/resty.go:155.26,157.4 1 0
github.com/douyu/jupiter/pkg/client/resty/resty.go:159.28,161.20 2 0
github.com/douyu/jupiter/pkg/client/resty/resty.go:161.20,163.5 1 0
github.com/douyu/jupiter/pkg/client/resty/resty.go:173.71,174.25 1 0
github.com/douyu/jupiter/pkg/client/resty/resty.go:181.3,181.28 1 0
github.com/douyu/jupiter/pkg/client/resty/resty.go:190.3,190.13 1 0
github.com/douyu/jupiter/pkg/client/resty/resty.go:174.25,179.4 2 0
github.com/douyu/jupiter/pkg/client/resty/resty.go:181.28,183.18 2 0
github.com/douyu/jupiter/pkg/client/resty/resty.go:187.4,187.58 1 0
github.com/douyu/jupiter/pkg/client/resty/resty.go:183.18,185.5 1 0
github.com/douyu/jupiter/pkg/client/resty/resty.go:193.72,196.3 1 0
github.com/douyu/jupiter/pkg/client/resty/resty.go:198.72,202.26 2 0
github.com/douyu/jupiter/pkg/client/resty/resty.go:207.3,207.25 1 0
github.com/douyu/jupiter/pkg/client/resty/resty.go:216.3,216.46 1 0
github.com/douyu/jupiter/pkg/client/resty/resty.go:229.3,229.28 1 0
github.com/douyu/jupiter/pkg/client/resty/resty.go:236.3,236.13 1 0
github.com/douyu/jupiter/pkg/client/resty/resty.go:202.26,205.4 2 0
github.com/douyu/jupiter/pkg/client/resty/resty.go:207.25,214.4 4 0
github.com/douyu/jupiter/pkg/client/resty/resty.go:216.46,218.35 1 0
github.com/douyu/jupiter/pkg/client/resty/resty.go:218.35,226.5 1 0
github.com/douyu/jupiter/pkg/client/resty/resty.go:229.28,231.20 2 0
github.com/douyu/jupiter/pkg/client/resty/resty.go:231.20,233.5 1 0
github.com/douyu/jupiter/pkg/client/resty/resty.go:243.52,244.96 1 0
github.com/douyu/jupiter/pkg/client/resty/resty.go:248.2,249.16 2 0
github.com/douyu/jupiter/pkg/client/resty/resty.go:254.2,256.20 2 0
github.com/douyu/jupiter/pkg/client/resty/resty.go:244.96,246.3 1 0
github.com/douyu/jupiter/pkg/client/resty/resty.go:249.16,252.3 2 0
github.com/douyu/jupiter/pkg/client/resty/resty.go:260.44,262.2 1 0
github.com/douyu/jupiter/pkg/client/resty/resty.go:265.47,267.2 1 0
github.com/douyu/jupiter/pkg/conf/datasource/file/file.go:37.61,39.16 2 1
github.com/douyu/jupiter/pkg/conf/datasource/file/file.go:43.2,45.11 3 1
github.com/douyu/jupiter/pkg/conf/datasource/file/file.go:49.2,49.11 1 1
github.com/douyu/jupiter/pkg/conf/datasource/file/file.go:39.16,41.3 1 0
github.com/douyu/jupiter/pkg/conf/datasource/file/file.go:45.11,48.3 2 0
github.com/douyu/jupiter/pkg/conf/datasource/file/file.go:53.68,55.2 1 1
github.com/douyu/jupiter/pkg/conf/datasource/file/file.go:58.41,61.2 2 0
github.com/douyu/jupiter/pkg/conf/datasource/file/file.go:64.61,66.2 1 1
github.com/douyu/jupiter/pkg/conf/datasource/file/file.go:69.35,71.16 2 0
github.com/douyu/jupiter/pkg/conf/datasource/file/file.go:75.2,77.12 3 0
github.com/douyu/jupiter/pkg/conf/datasource/file/file.go:104.2,105.16 2 0
github.com/douyu/jupiter/pkg/conf/datasource/file/file.go:108.2,108.8 1 0
github.com/douyu/jupiter/pkg/conf/datasource/file/file.go:71.16,73.3 1 0
github.com/douyu/jupiter/pkg/conf/datasource/file/file.go:77.12,78.7 1 0
github.com/douyu/jupiter/pkg/conf/datasource/file/file.go:78.7,79.11 1 0
github.com/douyu/jupiter/pkg/conf/datasource/file/file.go:80.29,90.97 3 0
github.com/douyu/jupiter/pkg/conf/datasource/file/file.go:97.27,99.101 1 0
github.com/douyu/jupiter/pkg/conf/datasource/file/file.go:90.97,92.13 2 0
github.com/douyu/jupiter/pkg/conf/datasource/file/file.go:93.36,93.36 0 0
github.com/douyu/jupiter/pkg/conf/datasource/file/file.go:94.14,94.14 0 0
github.com/douyu/jupiter/pkg/conf/datasource/file/file.go:105.16,107.3 1 0
github.com/douyu/jupiter/pkg/core/autoproc/autoproc.go:26.13,28.44 1 1
github.com/douyu/jupiter/pkg/core/autoproc/autoproc.go:28.44,30.50 2 1
github.com/douyu/jupiter/pkg/core/autoproc/autoproc.go:35.3,35.122 1 1
github.com/douyu/jupiter/pkg/core/autoproc/autoproc.go:30.50,32.4 1 0
github.com/douyu/jupiter/pkg/core/autoproc/autoproc.go:32.9,32.50 1 1
github.com/douyu/jupiter/pkg/core/autoproc/autoproc.go:32.50,34.4 1 0
github.com/douyu/jupiter/pkg/core/constant/service.go:19.13,24.2 4 1
github.com/douyu/jupiter/pkg/core/constant/service.go:26.39,27.35 1 0
github.com/douyu/jupiter/pkg/core/constant/service.go:30.2,30.18 1 0
github.com/douyu/jupiter/pkg/core/constant/service.go:27.35,29.3 1 0
github.com/douyu/jupiter/pkg/client/grpc/config.go:59.30,72.2 1 1
github.com/douyu/jupiter/pkg/client/grpc/config.go:75.37,77.2 1 0
github.com/douyu/jupiter/pkg/client/grpc/config.go:80.36,83.56 3 0
github.com/douyu/jupiter/pkg/client/grpc/config.go:86.2,86.15 1 0
github.com/douyu/jupiter/pkg/client/grpc/config.go:83.56,85.3 1 0
github.com/douyu/jupiter/pkg/client/grpc/config.go:90.63,93.2 2 0
github.com/douyu/jupiter/pkg/client/grpc/config.go:96.71,97.31 1 0
github.com/douyu/jupiter/pkg/client/grpc/config.go:100.2,101.15 2 0
github.com/douyu/jupiter/pkg/client/grpc/config.go:97.31,99.3 1 0
github.com/douyu/jupiter/pkg/client/grpc/config.go:105.57,108.18 2 1
github.com/douyu/jupiter/pkg/client/grpc/config.go:114.2,114.35 1 1
github.com/douyu/jupiter/pkg/client/grpc/config.go:120.2,120.39 1 1
github.com/douyu/jupiter/pkg/client/grpc/config.go:126.2,126.37 1 1
github.com/douyu/jupiter/pkg/client/grpc/config.go:132.2,132.38 1 1
github.com/douyu/jupiter/pkg/client/grpc/config.go:138.2,138.38 1 1
github.com/douyu/jupiter/pkg/client/grpc/config.go:144.2,144.40 1 1
github.com/douyu/jupiter/pkg/client/grpc/config.go:150.2,150.30 1 1
github.com/douyu/jupiter/pkg/client/grpc/config.go:108.18,112.3 1 0
github.com/douyu/jupiter/pkg/client/grpc/config.go:114.35,118.3 1 1
github.com/douyu/jupiter/pkg/client/grpc/config.go:120.39,124.3 1 1
github.com/douyu/jupiter/pkg/client/grpc/config.go:126.37,130.3 1 1
github.com/douyu/jupiter/pkg/client/grpc/config.go:132.38,136.3 1 1
github.com/douyu/jupiter/pkg/client/grpc/config.go:138.38,142.3 1 1
github.com/douyu/jupiter/pkg/client/grpc/config.go:144.40,148.3 1 1
github.com/douyu/jupiter/pkg/client/grpc/config.go:154.61,155.89 1 0
github.com/douyu/jupiter/pkg/client/grpc/config.go:159.2,160.16 2 0
github.com/douyu/jupiter/pkg/client/grpc/config.go:165.2,167.16 2 0
github.com/douyu/jupiter/pkg/client/grpc/config.go:155.89,157.3 1 0
github.com/douyu/jupiter/pkg/client/grpc/config.go:160.16,163.3 2 0
github.com/douyu/jupiter/pkg/client/grpc/config.go:171.52,173.2 1 0
github.com/douyu/jupiter/pkg/client/grpc/config.go:176.56,178.2 1 0
github.com/douyu/jupiter/pkg/server/xgin/config.go:49.30,57.2 1 0
github.com/douyu/jupiter/pkg/server/xgin/config.go:60.37,62.2 1 0
github.com/douyu/jupiter/pkg/server/xgin/config.go:65.36,68.43 2 0
github.com/douyu/jupiter/pkg/server/xgin/config.go:71.2,71.15 1 0
github.com/douyu/jupiter/pkg/server/xgin/config.go:68.43,70.3 1 0
github.com/douyu/jupiter/pkg/server/xgin/config.go:75.63,78.2 2 0
github.com/douyu/jupiter/pkg/server/xgin/config.go:81.53,84.2 2 0
github.com/douyu/jupiter/pkg/server/xgin/config.go:87.50,90.2 2 0
github.com/douyu/jupiter/pkg/server/xgin/config.go:93.43,97.27 3 0
github.com/douyu/jupiter/pkg/server/xgin/config.go:101.2,101.26 1 0
github.com/douyu/jupiter/pkg/server/xgin/config.go:104.2,104.15 1 0
github.com/douyu/jupiter/pkg/server/xgin/config.go:97.27,99.3 1 0
github.com/douyu/jupiter/pkg/server/xgin/config.go:101.26,103.3 1 0
github.com/douyu/jupiter/pkg/server/xgin/config.go:108.40,110.2 1 0
github.com/douyu/jupiter/pkg/core/xtrace/jaeger/config.go:36.36,38.55 2 0
github.com/douyu/jupiter/pkg/core/xtrace/jaeger/config.go:41.2,41.15 1 0
github.com/douyu/jupiter/pkg/core/xtrace/jaeger/config.go:38.55,40.3 1 0
github.com/douyu/jupiter/pkg/core/xtrace/jaeger/config.go:45.30,51.2 1 0
github.com/douyu/jupiter/pkg/core/xtrace/jaeger/config.go:54.52,57.16 2 0
github.com/douyu/jupiter/pkg/core/xtrace/jaeger/config.go:61.2,73.11 3 0
github.com/douyu/jupiter/pkg/core/xtrace/jaeger/config.go:57.16,60.3 2 0
github.com/douyu/jupiter/pkg/core/constant/config.go:12.38,13.24 1 16
github.com/douyu/jupiter/pkg/core/constant/config.go:17.2,17.52 1 16
github.com/douyu/jupiter/pkg/core/constant/config.go:13.24,15.3 1 0
github.com/douyu/jupiter/pkg/core/constant/config.go:20.37,22.2 1 0
github.com/douyu/jupiter/pkg/core/constant/config.go:24.31,26.2 1 1
github.com/douyu/jupiter/pkg/xlog/config.go:29.13,30.44 1 1
github.com/douyu/jupiter/pkg/xlog/config.go:30.44,33.36 2 1
github.com/douyu/jupiter/pkg/xlog/config.go:37.3,45.44 7 1
github.com/douyu/jupiter/pkg/xlog/config.go:33.36,35.4 1 0
github.com/douyu/jupiter/pkg/xlog/config.go:80.41,82.2 1 2
github.com/douyu/jupiter/pkg/xlog/config.go:85.36,90.2 4 1
github.com/douyu/jupiter/pkg/xlog/config.go:93.45,95.2 1 0
github.com/douyu/jupiter/pkg/xlog/config.go:98.30,118.2 1 2
github.com/douyu/jupiter/pkg/xlog/config.go:121.43,127.2 4 1
github.com/douyu/jupiter/pkg/xlog/config.go:130.38,131.33 1 4
github.com/douyu/jupiter/pkg/xlog/config.go:134.2,134.18 1 4
github.com/douyu/jupiter/pkg/xlog/config.go:137.2,139.15 2 4
github.com/douyu/jupiter/pkg/xlog/config.go:131.33,133.3 1 2
github.com/douyu/jupiter/pkg/xlog/config.go:134.18,136.3 1 2
github.com/douyu/jupiter/pkg/core/ecode/status.go:38.40,40.2 1 0
github.com/douyu/jupiter/pkg/core/ecode/status.go:43.46,45.2 1 0
github.com/douyu/jupiter/pkg/core/ecode/status.go:48.42,50.2 1 0
github.com/douyu/jupiter/pkg/core/ecode/status.go:53.60,54.22 1 1
github.com/douyu/jupiter/pkg/core/ecode/status.go:58.2,61.19 3 1
github.com/douyu/jupiter/pkg/core/ecode/status.go:64.2,64.33 1 1
github.com/douyu/jupiter/pkg/core/ecode/status.go:70.2,70.21 1 1
github.com/douyu/jupiter/pkg/core/ecode/status.go:54.22,55.33 1 0
github.com/douyu/jupiter/pkg/core/ecode/status.go:61.19,63.3 1 0
github.com/douyu/jupiter/pkg/core/ecode/status.go:64.33,69.3 4 0
github.com/douyu/jupiter/pkg/core/ecode/status.go:74.66,77.35 3 0
github.com/douyu/jupiter/pkg/core/ecode/status.go:81.2,81.21 1 0
github.com/douyu/jupiter/pkg/core/ecode/status.go:77.35,80.3 2 0
github.com/douyu/jupiter/pkg/core/ecode/status.go:85.37,88.2 2 0
github.com/douyu/jupiter/pkg/core/ecode/status.go:91.37,93.2 1 0
github.com/douyu/jupiter/pkg/core/ecode/status.go:96.41,97.14 1 0
github.com/douyu/jupiter/pkg/core/ecode/status.go:100.2,100.44 1 0
github.com/douyu/jupiter/pkg/core/ecode/status.go:97.14,99.3 1 0
github.com/douyu/jupiter/pkg/core/ecode/status.go:104.72,106.16 2 0
github.com/douyu/jupiter/pkg/core/ecode/status.go:109.2,109.15 1 0
github.com/douyu/jupiter/pkg/core/ecode/status.go:106.16,107.13 1 0
github.com/douyu/jupiter/pkg/core/ecode/status.go:114.77,115.24 1 0
github.com/douyu/jupiter/pkg/core/ecode/status.go:118.2,119.33 2 0
github.com/douyu/jupiter/pkg/core/ecode/status.go:134.2,134.35 1 0
github.com/douyu/jupiter/pkg/core/ecode/status.go:115.24,117.3 1 0
github.com/douyu/jupiter/pkg/core/ecode/status.go:119.33,120.45 1 0
github.com/douyu/jupiter/pkg/core/ecode/status.go:120.45,122.18 2 0
github.com/douyu/jupiter/pkg/core/ecode/status.go:125.4,125.38 1 0
github.com/douyu/jupiter/pkg/core/ecode/status.go:122.18,124.5 1 0
github.com/douyu/jupiter/pkg/core/ecode/status.go:126.9,128.18 2 0
github.com/douyu/jupiter/pkg/core/ecode/status.go:131.4,131.38 1 0
github.com/douyu/jupiter/pkg/core/ecode/status.go:128.18,130.5 1 0
github.com/douyu/jupiter/pkg/core/ecode/status.go:137.54,142.2 3 0
github.com/douyu/jupiter/pkg/core/ecode/status.go:144.67,146.16 2 0
github.com/douyu/jupiter/pkg/core/ecode/status.go:149.2,149.78 1 0
github.com/douyu/jupiter/pkg/core/ecode/status.go:146.16,148.3 1 0
github.com/douyu/jupiter/pkg/core/singleton/singleton.go:12.56,14.2 1 2
github.com/douyu/jupiter/pkg/core/singleton/singleton.go:16.67,18.2 1 1
github.com/douyu/jupiter/pkg/core/singleton/singleton.go:20.65,22.2 1 1
github.com/douyu/jupiter/pkg/util/xnet/ip.go:24.35,26.16 2 0
github.com/douyu/jupiter/pkg/util/xnet/ip.go:29.2,29.29 1 0
github.com/douyu/jupiter/pkg/util/xnet/ip.go:36.2,36.55 1 0
github.com/douyu/jupiter/pkg/util/xnet/ip.go:26.16,28.3 1 0
github.com/douyu/jupiter/pkg/util/xnet/ip.go:29.29,30.67 1 0
github.com/douyu/jupiter/pkg/util/xnet/ip.go:30.67,31.29 1 0
github.com/douyu/jupiter/pkg/util/xnet/ip.go:31.29,33.5 1 0
github.com/douyu/jupiter/pkg/util/xnet/ip.go:40.44,43.16 2 0
github.com/douyu/jupiter/pkg/util/xnet/ip.go:46.2,49.51 3 0
github.com/douyu/jupiter/pkg/util/xnet/ip.go:43.16,45.3 1 0
github.com/douyu/jupiter/pkg/util/xnet/ip.go:53.40,55.16 2 0
github.com/douyu/jupiter/pkg/util/xnet/ip.go:60.2,60.45 1 0
github.com/douyu/jupiter/pkg/util/xnet/ip.go:68.2,68.17 1 0
github.com/douyu/jupiter/pkg/util/xnet/ip.go:55.16,58.3 2 0
github.com/douyu/jupiter/pkg/util/xnet/ip.go:60.45,62.24 2 0
github.com/douyu/jupiter/pkg/util/xnet/ip.go:66.3,66.39 1 0
github.com/douyu/jupiter/pkg/util/xnet/ip.go:62.24,63.12 1 0
github.com/douyu/jupiter/pkg/util/xnet/ip.go:72.30,74.16 2 0
github.com/douyu/jupiter/pkg/util/xnet/ip.go:79.2,79.40 1 0
github.com/douyu/jupiter/pkg/util/xnet/ip.go:87.2,87.12 1 0
github.com/douyu/jupiter/pkg/util/xnet/ip.go:74.16,77.3 2 0
github.com/douyu/jupiter/pkg/util/xnet/ip.go:79.40,81.45 2 0
github.com/douyu/jupiter/pkg/util/xnet/ip.go:81.45,82.29 1 0
github.com/douyu/jupiter/pkg/util/xnet/ip.go:82.29,84.5 1 0
github.com/douyu/jupiter/pkg/registry/init.go:37.13,39.44 1 1
github.com/douyu/jupiter/pkg/registry/init.go:39.44,42.81 3 1
github.com/douyu/jupiter/pkg/registry/init.go:47.3,47.34 1 1
github.com/douyu/jupiter/pkg/registry/init.go:42.81,45.4 2 0
github.com/douyu/jupiter/pkg/registry/init.go:47.34,49.22 2 1
github.com/douyu/jupiter/pkg/registry/init.go:53.4,53.28 1 1
github.com/douyu/jupiter/pkg/registry/init.go:57.4,58.11 2 1
github.com/douyu/jupiter/pkg/registry/init.go:63.4,64.45 2 1
github.com/douyu/jupiter/pkg/registry/init.go:49.22,51.5 1 1
github.com/douyu/jupiter/pkg/registry/init.go:53.28,55.5 1 1
github.com/douyu/jupiter/pkg/registry/init.go:58.11,60.13 2 0
github.com/douyu/jupiter/pkg/registry/init.go:73.50,74.40 1 1
github.com/douyu/jupiter/pkg/registry/init.go:77.2,77.31 1 1
github.com/douyu/jupiter/pkg/registry/init.go:74.40,76.3 1 0
github.com/douyu/jupiter/pkg/conf/conf.go:55.27,65.2 1 2
github.com/douyu/jupiter/pkg/conf/conf.go:68.51,70.2 1 0
github.com/douyu/jupiter/pkg/conf/conf.go:73.56,78.2 1 0
github.com/douyu/jupiter/pkg/conf/conf.go:81.45,84.2 1 0
github.com/douyu/jupiter/pkg/conf/conf.go:87.59,89.2 1 0
github.com/douyu/jupiter/pkg/conf/conf.go:91.59,92.14 1 6
github.com/douyu/jupiter/pkg/conf/conf.go:97.2,97.39 1 6
github.com/douyu/jupiter/pkg/conf/conf.go:92.14,95.3 2 0
github.com/douyu/jupiter/pkg/conf/conf.go:102.57,103.35 1 0
github.com/douyu/jupiter/pkg/conf/conf.go:103.35,104.38 1 0
github.com/douyu/jupiter/pkg/conf/conf.go:107.3,109.22 3 0
github.com/douyu/jupiter/pkg/conf/conf.go:104.38,105.12 1 0
github.com/douyu/jupiter/pkg/conf/conf.go:114.92,116.16 2 1
github.com/douyu/jupiter/pkg/conf/conf.go:120.2,120.54 1 1
github.com/douyu/jupiter/pkg/conf/conf.go:123.2,123.33 1 1
github.com/douyu/jupiter/pkg/conf/conf.go:136.2,136.12 1 1
github.com/douyu/jupiter/pkg/conf/conf.go:116.16,118.3 1 0
github.com/douyu/jupiter/pkg/conf/conf.go:120.54,122.3 1 0
github.com/douyu/jupiter/pkg/conf/conf.go:123.33,124.13 1 0
github.com/douyu/jupiter/pkg/conf/conf.go:124.13,125.35 1 0
github.com/douyu/jupiter/pkg/conf/conf.go:125.35,126.52 1 0
github.com/douyu/jupiter/pkg/conf/conf.go:126.52,128.41 2 0
github.com/douyu/jupiter/pkg/conf/conf.go:128.41,130.7 1 0
github.com/douyu/jupiter/pkg/conf/conf.go:139.79,141.59 2 1
github.com/douyu/jupiter/pkg/conf/conf.go:144.2,144.47 1 1
github.com/douyu/jupiter/pkg/conf/conf.go:148.2,148.12 1 1
github.com/douyu/jupiter/pkg/conf/conf.go:141.59,143.3 1 0
github.com/douyu/jupiter/pkg/conf/conf.go:144.47,146.3 1 0
github.com/douyu/jupiter/pkg/conf/conf.go:152.76,153.54 1 1
github.com/douyu/jupiter/pkg/conf/conf.go:157.2,159.39 3 1
github.com/douyu/jupiter/pkg/conf/conf.go:162.2,162.12 1 1
github.com/douyu/jupiter/pkg/conf/conf.go:153.54,155.3 1 0
github.com/douyu/jupiter/pkg/conf/conf.go:159.39,161.3 1 6
github.com/douyu/jupiter/pkg/conf/conf.go:166.91,168.16 2 0
github.com/douyu/jupiter/pkg/conf/conf.go:171.2,171.38 1 0
github.com/douyu/jupiter/pkg/conf/conf.go:168.16,170.3 1 0
github.com/douyu/jupiter/pkg/conf/conf.go:174.66,180.43 5 1
github.com/douyu/jupiter/pkg/conf/conf.go:188.2,188.22 1 1
github.com/douyu/jupiter/pkg/conf/conf.go:192.2,192.12 1 1
github.com/douyu/jupiter/pkg/conf/conf.go:180.43,182.40 2 8
github.com/douyu/jupiter/pkg/conf/conf.go:185.3,185.23 1 8
github.com/douyu/jupiter/pkg/conf/conf.go:182.40,184.4 1 0
github.com/douyu/jupiter/pkg/conf/conf.go:188.22,190.3 1 0
github.com/douyu/jupiter/pkg/conf/conf.go:195.71,198.38 2 0
github.com/douyu/jupiter/pkg/conf/conf.go:208.2,208.56 1 0
github.com/douyu/jupiter/pkg/conf/conf.go:198.38,199.28 1 0
github.com/douyu/jupiter/pkg/conf/conf.go:199.28,202.43 1 0
github.com/douyu/jupiter/pkg/conf/conf.go:202.43,204.5 1 0
github.com/douyu/jupiter/pkg/conf/conf.go:208.56,209.57 1 0
github.com/douyu/jupiter/pkg/conf/conf.go:209.57,211.4 1 0
github.com/douyu/jupiter/pkg/conf/conf.go:216.64,223.2 5 0
github.com/douyu/jupiter/pkg/conf/conf.go:225.81,226.25 1 0
github.com/douyu/jupiter/pkg/conf/conf.go:241.2,241.10 1 0
github.com/douyu/jupiter/pkg/conf/conf.go:226.25,228.10 2 0
github.com/douyu/jupiter/pkg/conf/conf.go:234.3,235.10 2 0
github.com/douyu/jupiter/pkg/conf/conf.go:239.3,239.9 1 0
github.com/douyu/jupiter/pkg/conf/conf.go:228.10,232.12 4 0
github.com/douyu/jupiter/pkg/conf/conf.go:235.10,238.4 2 0
github.com/douyu/jupiter/pkg/conf/conf.go:245.53,247.2 1 20
github.com/douyu/jupiter/pkg/conf/conf.go:250.35,252.2 1 10
github.com/douyu/jupiter/pkg/conf/conf.go:255.54,257.2 1 10
github.com/douyu/jupiter/pkg/conf/conf.go:260.31,262.2 1 0
github.com/douyu/jupiter/pkg/conf/conf.go:265.50,267.2 1 0
github.com/douyu/jupiter/pkg/conf/conf.go:270.29,272.2 1 1
github.com/douyu/jupiter/pkg/conf/conf.go:275.48,277.2 1 1
github.com/douyu/jupiter/pkg/conf/conf.go:280.33,282.2 1 0
github.com/douyu/jupiter/pkg/conf/conf.go:285.52,287.2 1 0
github.com/douyu/jupiter/pkg/conf/conf.go:290.40,292.2 1 0
github.com/douyu/jupiter/pkg/conf/conf.go:295.59,297.2 1 0
github.com/douyu/jupiter/pkg/conf/conf.go:300.37,302.2 1 0
github.com/douyu/jupiter/pkg/conf/conf.go:305.56,307.2 1 0
github.com/douyu/jupiter/pkg/conf/conf.go:310.36,312.2 1 0
github.com/douyu/jupiter/pkg/conf/conf.go:315.55,317.2 1 0
github.com/douyu/jupiter/pkg/conf/conf.go:320.44,322.2 1 0
github.com/douyu/jupiter/pkg/conf/conf.go:325.63,327.2 1 0
github.com/douyu/jupiter/pkg/conf/conf.go:330.42,332.2 1 0
github.com/douyu/jupiter/pkg/conf/conf.go:335.61,337.2 1 0
github.com/douyu/jupiter/pkg/conf/conf.go:340.41,342.2 1 0
github.com/douyu/jupiter/pkg/conf/conf.go:345.60,347.2 1 0
github.com/douyu/jupiter/pkg/conf/conf.go:350.54,352.2 1 0
github.com/douyu/jupiter/pkg/conf/conf.go:355.73,357.2 1 0
github.com/douyu/jupiter/pkg/conf/conf.go:360.55,362.2 1 0
github.com/douyu/jupiter/pkg/conf/conf.go:365.74,367.2 1 0
github.com/douyu/jupiter/pkg/conf/conf.go:370.62,372.2 1 0
github.com/douyu/jupiter/pkg/conf/conf.go:375.81,377.2 1 0
github.com/douyu/jupiter/pkg/conf/conf.go:380.70,382.2 1 2
github.com/douyu/jupiter/pkg/conf/conf.go:385.89,387.16 2 2
github.com/douyu/jupiter/pkg/conf/conf.go:390.2,390.15 1 0
github.com/douyu/jupiter/pkg/conf/conf.go:387.16,389.3 1 2
github.com/douyu/jupiter/pkg/conf/conf.go:394.76,396.2 1 3
github.com/douyu/jupiter/pkg/conf/conf.go:402.95,404.27 2 6
github.com/douyu/jupiter/pkg/conf/conf.go:408.2,415.16 3 6
github.com/douyu/jupiter/pkg/conf/conf.go:418.2,418.15 1 6
github.com/douyu/jupiter/pkg/conf/conf.go:424.2,425.18 2 6
github.com/douyu/jupiter/pkg/conf/conf.go:429.2,429.30 1 4
github.com/douyu/jupiter/pkg/conf/conf.go:404.27,406.3 1 0
github.com/douyu/jupiter/pkg/conf/conf.go:415.16,417.3 1 0
github.com/douyu/jupiter/pkg/conf/conf.go:418.15,422.3 3 0
github.com/douyu/jupiter/pkg/conf/conf.go:425.18,427.3 1 2
github.com/douyu/jupiter/pkg/conf/conf.go:432.54,434.8 2 20
github.com/douyu/jupiter/pkg/conf/conf.go:438.2,444.11 7 9
github.com/douyu/jupiter/pkg/conf/conf.go:434.8,436.3 1 11
github.com/douyu/jupiter/pkg/conf/conf.go:447.100,448.27 1 8
github.com/douyu/jupiter/pkg/conf/conf.go:448.27,450.19 2 15
github.com/douyu/jupiter/pkg/conf/conf.go:453.3,453.50 1 15
github.com/douyu/jupiter/pkg/conf/conf.go:450.19,452.4 1 1
github.com/douyu/jupiter/pkg/conf/conf.go:453.50,455.4 1 7
github.com/douyu/jupiter/pkg/conf/conf.go:455.9,457.4 1 8
github.com/douyu/jupiter/pkg/conf/conf.go:461.69,465.2 3 1
github.com/douyu/jupiter/pkg/server/xecho/error.go:40.55,42.18 2 0
github.com/douyu/jupiter/pkg/server/xecho/error.go:46.2,46.11 1 0
github.com/douyu/jupiter/pkg/server/xecho/error.go:42.18,44.3 1 0
github.com/douyu/jupiter/pkg/server/xecho/error.go:50.35,52.2 1 0
github.com/douyu/jupiter/pkg/core/xtrace/carrier.go:28.54,30.22 2 0
github.com/douyu/jupiter/pkg/core/xtrace/carrier.go:33.2,33.18 1 0
github.com/douyu/jupiter/pkg/core/xtrace/carrier.go:30.22,32.3 1 0
github.com/douyu/jupiter/pkg/core/xtrace/carrier.go:36.54,38.2 1 0
github.com/douyu/jupiter/pkg/core/xtrace/carrier.go:40.47,42.32 2 0
github.com/douyu/jupiter/pkg/core/xtrace/carrier.go:45.2,45.13 1 0
github.com/douyu/jupiter/pkg/core/xtrace/carrier.go:42.32,44.3 1 0
github.com/douyu/jupiter/pkg/conf/datasource/http/register.go:15.13,16.46 1 1
github.com/douyu/jupiter/pkg/conf/datasource/http/register.go:27.2,28.51 2 1
github.com/douyu/jupiter/pkg/conf/datasource/http/register.go:16.46,21.23 2 0
github.com/douyu/jupiter/pkg/conf/datasource/http/register.go:25.3,25.48 1 0
github.com/douyu/jupiter/pkg/conf/datasource/http/register.go:21.23,24.4 2 0
github.com/douyu/jupiter/pkg/core/signals/signals.go:24.38,30.12 3 1
github.com/douyu/jupiter/pkg/core/signals/signals.go:30.12,35.3 4 1
github.com/douyu/jupiter/test/e2e/server/xgrpcgateway.go:31.59,34.27 2 1
github.com/douyu/jupiter/test/e2e/server/xgrpcgateway.go:50.2,50.26 1 1
github.com/douyu/jupiter/test/e2e/server/xgrpcgateway.go:54.2,54.68 1 1
github.com/douyu/jupiter/test/e2e/server/xgrpcgateway.go:34.27,43.13 5 0
github.com/douyu/jupiter/test/e2e/server/xgrpcgateway.go:47.3,47.26 1 0
github.com/douyu/jupiter/test/e2e/server/xgrpcgateway.go:43.13,46.4 2 0
github.com/douyu/jupiter/test/e2e/server/xgrpcgateway.go:50.26,52.3 1 0
github.com/douyu/jupiter/test/e2e/server/xgrpcgateway.go:54.68,56.3 1 0
github.com/douyu/jupiter/pkg/util/xstring/format.go:23.56,25.2 1 0
github.com/douyu/jupiter/pkg/xlog/rotate/lumberjack_darwin.go:145.26,152.2 3 2
github.com/douyu/jupiter/pkg/xlog/rotate/lumberjack_darwin.go:193.26,195.3 1 0
github.com/douyu/jupiter/pkg/xlog/rotate/lumberjack_darwin.go:200.24,202.25 2 2
github.com/douyu/jupiter/pkg/xlog/rotate/lumberjack_darwin.go:202.25,203.43 1 0
github.com/douyu/jupiter/pkg/xlog/rotate/lumberjack_darwin.go:206.3,206.26 1 0
github.com/douyu/jupiter/pkg/xlog/rotate/lumberjack_darwin.go:203.43,204.14 1 0
github.com/douyu/jupiter/pkg/xlog/rotate/lumberjack_darwin.go:214.53,220.24 4 2
github.com/douyu/jupiter/pkg/xlog/rotate/lumberjack_darwin.go:226.2,226.19 1 2
github.com/douyu/jupiter/pkg/xlog/rotate/lumberjack_darwin.go:232.2,232.31 1 0
github.com/douyu/jupiter/pkg/xlog/rotate/lumberjack_darwin.go:238.2,238.20 1 0
github.com/douyu/jupiter/pkg/xlog/rotate/lumberjack_darwin.go:248.2,251.15 3 0
github.com/douyu/jupiter/pkg/xlog/rotate/lumberjack_darwin.go:220.24,224.3 1 0
github.com/douyu/jupiter/pkg/xlog/rotate/lumberjack_darwin.go:226.19,227.52 1 2
github.com/douyu/jupiter/pkg/xlog/rotate/lumberjack_darwin.go:227.52,229.4 1 2
github.com/douyu/jupiter/pkg/xlog/rotate/lumberjack_darwin.go:232.31,233.36 1 0
github.com/douyu/jupiter/pkg/xlog/rotate/lumberjack_darwin.go:233.36,235.4 1 0
github.com/douyu/jupiter/pkg/xlog/rotate/lumberjack_darwin.go:238.20,241.29 2 0
github.com/douyu/jupiter/pkg/xlog/rotate/lumberjack_darwin.go:241.29,242.37 1 0
github.com/douyu/jupiter/pkg/xlog/rotate/lumberjack_darwin.go:242.37,244.5 1 0
github.com/douyu/jupiter/pkg/xlog/rotate/lumberjack_darwin.go:255.32,259.2 3 0
github.com/douyu/jupiter/pkg/xlog/rotate/lumberjack_darwin.go:262.32,263.19 1 0
github.com/douyu/jupiter/pkg/xlog/rotate/lumberjack_darwin.go:266.2,268.12 3 0
github.com/douyu/jupiter/pkg/xlog/rotate/lumberjack_darwin.go:263.19,265.3 1 0
github.com/douyu/jupiter/pkg/xlog/rotate/lumberjack_darwin.go:276.33,280.2 3 0
github.com/douyu/jupiter/pkg/xlog/rotate/lumberjack_darwin.go:285.33,286.34 1 0
github.com/douyu/jupiter/pkg/xlog/rotate/lumberjack_darwin.go:289.2,289.36 1 0
github.com/douyu/jupiter/pkg/xlog/rotate/lumberjack_darwin.go:292.2,293.12 2 0
github.com/douyu/jupiter/pkg/xlog/rotate/lumberjack_darwin.go:286.34,288.3 1 0
github.com/douyu/jupiter/pkg/xlog/rotate/lumberjack_darwin.go:289.36,291.3 1 0
github.com/douyu/jupiter/pkg/xlog/rotate/lumberjack_darwin.go:298.34,300.16 2 2
github.com/douyu/jupiter/pkg/xlog/rotate/lumberjack_darwin.go:304.2,307.16 4 0
github.com/douyu/jupiter/pkg/xlog/rotate/lumberjack_darwin.go:325.2,326.16 2 0
github.com/douyu/jupiter/pkg/xlog/rotate/lumberjack_darwin.go:329.2,332.12 4 0
github.com/douyu/jupiter/pkg/xlog/rotate/lumberjack_darwin.go:300.16,302.3 1 2
github.com/douyu/jupiter/pkg/xlog/rotate/lumberjack_darwin.go:307.16,312.50 3 0
github.com/douyu/jupiter/pkg/xlog/rotate/lumberjack_darwin.go:317.3,317.43 1 0
github.com/douyu/jupiter/pkg/xlog/rotate/lumberjack_darwin.go:312.50,314.4 1 0
github.com/douyu/jupiter/pkg/xlog/rotate/lumberjack_darwin.go:317.43,319.4 1 0
github.com/douyu/jupiter/pkg/xlog/rotate/lumberjack_darwin.go:326.16,328.3 1 0
github.com/douyu/jupiter/pkg/xlog/rotate/lumberjack_darwin.go:338.49,344.12 6 0
github.com/douyu/jupiter/pkg/xlog/rotate/lumberjack_darwin.go:348.2,349.75 2 0
github.com/douyu/jupiter/pkg/xlog/rotate/lumberjack_darwin.go:344.12,346.3 1 0
github.com/douyu/jupiter/pkg/xlog/rotate/lumberjack_darwin.go:355.56,360.24 4 2
github.com/douyu/jupiter/pkg/xlog/rotate/lumberjack_darwin.go:363.2,363.16 1 0
github.com/douyu/jupiter/pkg/xlog/rotate/lumberjack_darwin.go:367.2,367.44 1 0
github.com/douyu/jupiter/pkg/xlog/rotate/lumberjack_darwin.go:371.2,372.16 2 0
github.com/douyu/jupiter/pkg/xlog/rotate/lumberjack_darwin.go:377.2,379.40 3 0
github.com/douyu/jupiter/pkg/xlog/rotate/lumberjack_darwin.go:383.2,383.12 1 0
github.com/douyu/jupiter/pkg/xlog/rotate/lumberjack_darwin.go:360.24,362.3 1 2
github.com/douyu/jupiter/pkg/xlog/rotate/lumberjack_darwin.go:363.16,365.3 1 0
github.com/douyu/jupiter/pkg/xlog/rotate/lumberjack_darwin.go:367.44,369.3 1 0
github.com/douyu/jupiter/pkg/xlog/rotate/lumberjack_darwin.go:372.16,376.3 1 0
github.com/douyu/jupiter/pkg/xlog/rotate/lumberjack_darwin.go:379.40,381.3 1 0
github.com/douyu/jupiter/pkg/xlog/rotate/lumberjack_darwin.go:386.46,388.16 2 0
github.com/douyu/jupiter/pkg/xlog/rotate/lumberjack_darwin.go:392.2,393.78 2 0
github.com/douyu/jupiter/pkg/xlog/rotate/lumberjack_darwin.go:388.16,390.3 1 0
github.com/douyu/jupiter/pkg/xlog/rotate/lumberjack_darwin.go:397.36,398.22 1 6
github.com/douyu/jupiter/pkg/xlog/rotate/lumberjack_darwin.go:401.2,402.42 2 0
github.com/douyu/jupiter/pkg/xlog/rotate/lumberjack_darwin.go:398.22,400.3 1 6
github.com/douyu/jupiter/pkg/xlog/rotate/lumberjack_darwin.go:409.38,410.55 1 2
github.com/douyu/jupiter/pkg/xlog/rotate/lumberjack_darwin.go:414.2,415.16 2 2
github.com/douyu/jupiter/pkg/xlog/rotate/lumberjack_darwin.go:419.2,421.51 2 0
github.com/douyu/jupiter/pkg/xlog/rotate/lumberjack_darwin.go:439.2,439.18 1 0
github.com/douyu/jupiter/pkg/xlog/rotate/lumberjack_darwin.go:454.2,454.16 1 0
github.com/douyu/jupiter/pkg/xlog/rotate/lumberjack_darwin.go:462.2,462.27 1 0
github.com/douyu/jupiter/pkg/xlog/rotate/lumberjack_darwin.go:468.2,468.29 1 0
github.com/douyu/jupiter/pkg/xlog/rotate/lumberjack_darwin.go:476.2,476.12 1 0
github.com/douyu/jupiter/pkg/xlog/rotate/lumberjack_darwin.go:410.55,412.3 1 0
github.com/douyu/jupiter/pkg/xlog/rotate/lumberjack_darwin.go:415.16,417.3 1 2
github.com/douyu/jupiter/pkg/xlog/rotate/lumberjack_darwin.go:421.51,424.27 3 0
github.com/douyu/jupiter/pkg/xlog/rotate/lumberjack_darwin.go:437.3,437.20 1 0
github.com/douyu/jupiter/pkg/xlog/rotate/lumberjack_darwin.go:424.27,431.37 4 0
github.com/douyu/jupiter/pkg/xlog/rotate/lumberjack_darwin.go:431.37,433.5 1 0
github.com/douyu/jupiter/pkg/xlog/rotate/lumberjack_darwin.go:433.10,435.5 1 0
github.com/douyu/jupiter/pkg/xlog/rotate/lumberjack_darwin.go:439.18,444.27 4 0
github.com/douyu/jupiter/pkg/xlog/rotate/lumberjack_darwin.go:451.3,451.20 1 0
github.com/douyu/jupiter/pkg/xlog/rotate/lumberjack_darwin.go:444.27,445.34 1 0
github.com/douyu/jupiter/pkg/xlog/rotate/lumberjack_darwin.go:445.34,447.5 1 0
github.com/douyu/jupiter/pkg/xlog/rotate/lumberjack_darwin.go:447.10,449.5 1 0
github.com/douyu/jupiter/pkg/xlog/rotate/lumberjack_darwin.go:454.16,455.27 1 0
github.com/douyu/jupiter/pkg/xlog/rotate/lumberjack_darwin.go:455.27,456.52 1 0
github.com/douyu/jupiter/pkg/xlog/rotate/lumberjack_darwin.go:456.52,458.5 1 0
github.com/douyu/jupiter/pkg/xlog/rotate/lumberjack_darwin.go:462.27,464.37 2 0
github.com/douyu/jupiter/pkg/xlog/rotate/lumberjack_darwin.go:464.37,466.4 1 0
github.com/douyu/jupiter/pkg/xlog/rotate/lumberjack_darwin.go:468.29,471.39 3 0
github.com/douyu/jupiter/pkg/xlog/rotate/lumberjack_darwin.go:471.39,473.4 1 0
github.com/douyu/jupiter/pkg/xlog/rotate/lumberjack_darwin.go:481.28,482.21 1 2
github.com/douyu/jupiter/pkg/xlog/rotate/lumberjack_darwin.go:482.21,485.3 1 2
github.com/douyu/jupiter/pkg/xlog/rotate/lumberjack_darwin.go:490.25,491.24 1 2
github.com/douyu/jupiter/pkg/xlog/rotate/lumberjack_darwin.go:495.2,495.9 1 2
github.com/douyu/jupiter/pkg/xlog/rotate/lumberjack_darwin.go:491.24,494.3 2 2
github.com/douyu/jupiter/pkg/xlog/rotate/lumberjack_darwin.go:496.24,496.24 0 2
github.com/douyu/jupiter/pkg/xlog/rotate/lumberjack_darwin.go:497.10,497.10 0 0
github.com/douyu/jupiter/pkg/xlog/rotate/lumberjack_darwin.go:503.51,505.16 2 2
github.com/douyu/jupiter/pkg/xlog/rotate/lumberjack_darwin.go:508.2,512.26 3 0
github.com/douyu/jupiter/pkg/xlog/rotate/lumberjack_darwin.go:524.2,526.22 2 0
github.com/douyu/jupiter/pkg/xlog/rotate/lumberjack_darwin.go:505.16,507.3 1 2
github.com/douyu/jupiter/pkg/xlog/rotate/lumberjack_darwin.go:512.26,513.16 1 0
github.com/douyu/jupiter/pkg/xlog/rotate/lumberjack_darwin.go:516.3,516.66 1 0
github.com/douyu/jupiter/pkg/xlog/rotate/lumberjack_darwin.go:513.16,514.12 1 0
github.com/douyu/jupiter/pkg/xlog/rotate/lumberjack_darwin.go:516.66,518.12 2 0
github.com/douyu/jupiter/pkg/xlog/rotate/lumberjack_darwin.go:532.80,533.28 1 0
github.com/douyu/jupiter/pkg/xlog/rotate/lumberjack_darwin.go:536.2,536.46 1 0
github.com/douyu/jupiter/pkg/xlog/rotate/lumberjack_darwin.go:539.2,540.50 2 0
github.com/douyu/jupiter/pkg/xlog/rotate/lumberjack_darwin.go:545.2,545.41 1 0
github.com/douyu/jupiter/pkg/xlog/rotate/lumberjack_darwin.go:533.28,535.3 1 0
github.com/douyu/jupiter/pkg/xlog/rotate/lumberjack_darwin.go:536.46,538.3 1 0
github.com/douyu/jupiter/pkg/xlog/rotate/lumberjack_darwin.go:540.50,542.3 1 0
github.com/douyu/jupiter/pkg/xlog/rotate/lumberjack_darwin.go:542.8,544.3 1 0
github.com/douyu/jupiter/pkg/xlog/rotate/lumberjack_darwin.go:549.30,550.20 1 2
github.com/douyu/jupiter/pkg/xlog/rotate/lumberjack_darwin.go:553.2,553.43 1 2
github.com/douyu/jupiter/pkg/xlog/rotate/lumberjack_darwin.go:550.20,552.3 1 0
github.com/douyu/jupiter/pkg/xlog/rotate/lumberjack_darwin.go:557.31,559.2 1 4
github.com/douyu/jupiter/pkg/xlog/rotate/lumberjack_darwin.go:563.54,568.2 4 0
github.com/douyu/jupiter/pkg/xlog/rotate/lumberjack_darwin.go:572.51,574.16 2 0
github.com/douyu/jupiter/pkg/xlog/rotate/lumberjack_darwin.go:577.2,580.16 3 0
github.com/douyu/jupiter/pkg/xlog/rotate/lumberjack_darwin.go:584.2,584.39 1 0
github.com/douyu/jupiter/pkg/xlog/rotate/lumberjack_darwin.go:590.2,591.16 2 0
github.com/douyu/jupiter/pkg/xlog/rotate/lumberjack_darwin.go:594.2,598.15 3 0
github.com/douyu/jupiter/pkg/xlog/rotate/lumberjack_darwin.go:605.2,605.42 1 0
github.com/douyu/jupiter/pkg/xlog/rotate/lumberjack_darwin.go:608.2,608.35 1 0
github.com/douyu/jupiter/pkg/xlog/rotate/lumberjack_darwin.go:611.2,611.36 1 0
github.com/douyu/jupiter/pkg/xlog/rotate/lumberjack_darwin.go:615.2,615.34 1 0
github.com/douyu/jupiter/pkg/xlog/rotate/lumberjack_darwin.go:619.2,619.23 1 0
github.com/douyu/jupiter/pkg/xlog/rotate/lumberjack_darwin.go:574.16,576.3 1 0
github.com/douyu/jupiter/pkg/xlog/rotate/lumberjack_darwin.go:580.16,582.3 1 0
github.com/douyu/jupiter/pkg/xlog/rotate/lumberjack_darwin.go:584.39,586.3 1 0
github.com/douyu/jupiter/pkg/xlog/rotate/lumberjack_darwin.go:591.16,593.3 1 0
github.com/douyu/jupiter/pkg/xlog/rotate/lumberjack_darwin.go:598.15,599.17 1 0
github.com/douyu/jupiter/pkg/xlog/rotate/lumberjack_darwin.go:599.17,602.4 2 0
github.com/douyu/jupiter/pkg/xlog/rotate/lumberjack_darwin.go:605.42,607.3 1 0
github.com/douyu/jupiter/pkg/xlog/rotate/lumberjack_darwin.go:608.35,610.3 1 0
github.com/douyu/jupiter/pkg/xlog/rotate/lumberjack_darwin.go:611.36,613.3 1 0
github.com/douyu/jupiter/pkg/xlog/rotate/lumberjack_darwin.go:615.34,617.3 1 0
github.com/douyu/jupiter/pkg/xlog/rotate/lumberjack_darwin.go:633.43,635.2 1 0
github.com/douyu/jupiter/pkg/xlog/rotate/lumberjack_darwin.go:638.38,640.2 1 0
github.com/douyu/jupiter/pkg/xlog/rotate/lumberjack_darwin.go:643.33,645.2 1 0
github.com/douyu/jupiter/pkg/util/xgo/goroutine.go:28.35,29.16 1 0
github.com/douyu/jupiter/pkg/util/xgo/goroutine.go:29.16,30.26 1 0
github.com/douyu/jupiter/pkg/util/xgo/goroutine.go:30.26,32.4 1 0
github.com/douyu/jupiter/pkg/util/xgo/goroutine.go:37.37,39.16 2 2
github.com/douyu/jupiter/pkg/util/xgo/goroutine.go:39.16,41.26 2 2
github.com/douyu/jupiter/pkg/util/xgo/goroutine.go:45.3,45.12 1 2
github.com/douyu/jupiter/pkg/util/xgo/goroutine.go:41.26,44.4 1 0
github.com/douyu/jupiter/pkg/util/xgo/goroutine.go:50.59,52.16 2 0
github.com/douyu/jupiter/pkg/util/xgo/goroutine.go:52.16,54.26 2 0
github.com/douyu/jupiter/pkg/util/xgo/goroutine.go:63.3,64.17 2 0
github.com/douyu/jupiter/pkg/util/xgo/goroutine.go:54.26,56.23 2 0
github.com/douyu/jupiter/pkg/util/xgo/goroutine.go:56.23,61.5 4 0
github.com/douyu/jupiter/pkg/util/xgo/goroutine.go:69.52,71.27 2 0
github.com/douyu/jupiter/pkg/util/xgo/goroutine.go:75.2,76.12 2 0
github.com/douyu/jupiter/pkg/util/xgo/goroutine.go:71.27,73.3 1 0
github.com/douyu/jupiter/pkg/util/xgo/goroutine.go:76.12,77.16 1 0
github.com/douyu/jupiter/pkg/util/xgo/goroutine.go:83.3,84.17 2 0
github.com/douyu/jupiter/pkg/util/xgo/goroutine.go:77.16,78.36 1 0
github.com/douyu/jupiter/pkg/util/xgo/goroutine.go:78.36,80.5 1 0
github.com/douyu/jupiter/pkg/util/xgo/goroutine.go:84.17,87.4 2 0
github.com/douyu/jupiter/pkg/util/xgo/goroutine.go:92.20,95.2 1 0
github.com/douyu/jupiter/pkg/util/xgo/goroutine.go:98.46,100.12 2 0
github.com/douyu/jupiter/pkg/util/xgo/goroutine.go:100.12,101.16 1 0
github.com/douyu/jupiter/pkg/util/xgo/goroutine.go:106.3,107.7 2 0
github.com/douyu/jupiter/pkg/util/xgo/goroutine.go:101.16,102.36 1 0
github.com/douyu/jupiter/pkg/util/xgo/goroutine.go:102.36,104.5 1 0
github.com/douyu/jupiter/pkg/util/xgo/goroutine.go:112.41,113.12 1 0
github.com/douyu/jupiter/pkg/util/xgo/goroutine.go:113.12,115.17 2 0
github.com/douyu/jupiter/pkg/util/xgo/goroutine.go:115.17,117.4 1 0
github.com/douyu/jupiter/pkg/util/xgo/parallel.go:24.58,25.22 1 0
github.com/douyu/jupiter/pkg/util/xgo/parallel.go:25.22,27.26 2 0
github.com/douyu/jupiter/pkg/util/xgo/parallel.go:31.3,31.19 1 0
github.com/douyu/jupiter/pkg/util/xgo/parallel.go:27.26,29.4 1 0
github.com/douyu/jupiter/pkg/util/xgo/parallel.go:37.60,44.27 5 0
github.com/douyu/jupiter/pkg/util/xgo/parallel.go:49.2,49.25 1 0
github.com/douyu/jupiter/pkg/util/xgo/parallel.go:56.2,56.13 1 0
github.com/douyu/jupiter/pkg/util/xgo/parallel.go:44.27,47.3 2 0
github.com/douyu/jupiter/pkg/util/xgo/parallel.go:49.25,50.45 1 0
github.com/douyu/jupiter/pkg/util/xgo/parallel.go:50.45,53.4 2 0
github.com/douyu/jupiter/pkg/util/xgo/parallel.go:61.85,63.22 2 0
github.com/douyu/jupiter/pkg/util/xgo/parallel.go:66.2,66.25 1 0
github.com/douyu/jupiter/pkg/util/xgo/parallel.go:69.2,73.35 5 0
github.com/douyu/jupiter/pkg/util/xgo/parallel.go:82.2,82.27 1 0
github.com/douyu/jupiter/pkg/util/xgo/parallel.go:92.2,92.13 1 0
github.com/douyu/jupiter/pkg/util/xgo/parallel.go:63.22,65.3 1 0
github.com/douyu/jupiter/pkg/util/xgo/parallel.go:66.25,68.3 1 0
github.com/douyu/jupiter/pkg/util/xgo/parallel.go:73.35,75.52 1 0
github.com/douyu/jupiter/pkg/util/xgo/parallel.go:75.52,77.25 2 0
github.com/douyu/jupiter/pkg/util/xgo/parallel.go:77.25,79.5 1 0
github.com/douyu/jupiter/pkg/util/xgo/parallel.go:82.27,84.26 1 0
github.com/douyu/jupiter/pkg/util/xgo/parallel.go:87.3,90.14 3 0
github.com/douyu/jupiter/pkg/util/xgo/parallel.go:84.26,86.4 1 0
github.com/douyu/jupiter/pkg/pkg.go:51.13,52.19 1 1
github.com/douyu/jupiter/pkg/pkg.go:59.2,60.16 2 1
github.com/douyu/jupiter/pkg/pkg.go:63.2,67.11 5 1
github.com/douyu/jupiter/pkg/pkg.go:52.19,54.20 2 1
github.com/douyu/jupiter/pkg/pkg.go:54.20,56.4 1 1
github.com/douyu/jupiter/pkg/pkg.go:60.16,62.3 1 0
github.com/douyu/jupiter/pkg/pkg.go:71.20,73.2 1 10
github.com/douyu/jupiter/pkg/pkg.go:76.24,78.2 1 0
github.com/douyu/jupiter/pkg/pkg.go:81.21,82.17 1 12
github.com/douyu/jupiter/pkg/pkg.go:85.2,85.14 1 0
github.com/douyu/jupiter/pkg/pkg.go:82.17,84.3 1 12
github.com/douyu/jupiter/pkg/pkg.go:89.25,91.2 1 0
github.com/douyu/jupiter/pkg/pkg.go:94.26,96.2 1 8
github.com/douyu/jupiter/pkg/pkg.go:99.30,101.2 1 0
github.com/douyu/jupiter/pkg/pkg.go:104.30,106.2 1 7
github.com/douyu/jupiter/pkg/pkg.go:114.25,116.2 1 7
github.com/douyu/jupiter/pkg/pkg.go:119.25,121.2 1 0
github.com/douyu/jupiter/pkg/pkg.go:124.25,126.2 1 0
github.com/douyu/jupiter/pkg/pkg.go:129.33,131.2 1 1
github.com/douyu/jupiter/pkg/pkg.go:134.24,136.2 1 1
github.com/douyu/jupiter/pkg/pkg.go:139.25,141.2 1 7
github.com/douyu/jupiter/pkg/pkg.go:144.25,146.2 1 1
github.com/douyu/jupiter/pkg/pkg.go:148.22,151.18 2 2
github.com/douyu/jupiter/pkg/pkg.go:158.2,158.62 1 0
github.com/douyu/jupiter/pkg/pkg.go:151.18,152.41 1 2
github.com/douyu/jupiter/pkg/pkg.go:156.3,156.75 1 2
github.com/douyu/jupiter/pkg/pkg.go:152.41,155.4 1 0
github.com/douyu/jupiter/pkg/pkg.go:162.21,173.2 10 0
github.com/douyu/jupiter/pkg/xlog/hook.go:9.34,13.2 2 18
github.com/douyu/jupiter/pkg/client/etcdv3/lock.go:31.105,35.16 3 0
github.com/douyu/jupiter/pkg/client/etcdv3/lock.go:38.2,39.8 2 0
github.com/douyu/jupiter/pkg/client/etcdv3/lock.go:35.16,37.3 1 0
github.com/douyu/jupiter/pkg/client/etcdv3/lock.go:43.61,47.2 3 0
github.com/douyu/jupiter/pkg/client/etcdv3/lock.go:50.64,54.2 3 0
github.com/douyu/jupiter/pkg/client/etcdv3/lock.go:57.42,59.16 2 0
github.com/douyu/jupiter/pkg/client/etcdv3/lock.go:62.2,62.24 1 0
github.com/douyu/jupiter/pkg/client/etcdv3/lock.go:59.16,61.3 1 0
github.com/douyu/jupiter/proto/helloworld/v1/helloworld.pb.go:52.26,56.2 3 0
github.com/douyu/jupiter/proto/helloworld/v1/helloworld.pb.go:58.30,60.2 1 0
github.com/douyu/jupiter/proto/helloworld/v1/helloworld.pb.go:62.53,64.2 1 0
github.com/douyu/jupiter/proto/helloworld/v1/helloworld.pb.go:66.41,68.2 1 0
github.com/douyu/jupiter/proto/helloworld/v1/helloworld.pb.go:70.47,72.2 1 0
github.com/douyu/jupiter/proto/helloworld/v1/helloworld.pb.go:75.45,77.2 1 0
github.com/douyu/jupiter/proto/helloworld/v1/helloworld.pb.go:89.35,91.29 2 0
[...]
github.com/douyu/jupiter/proto/helloworld/v1/helloworld.pb.gw.go:94.221,106.9 5 0
github.com/douyu/jupiter/proto/helloworld/v1/helloworld.pb.gw.go:110.2,111.16 2 0
github.com/douyu/jupiter/proto/helloworld/v1/helloworld.pb.gw.go:115.2,116.27 2 0
github.com/douyu/jupiter/proto/helloworld/v1/helloworld.pb.gw.go:106.9,108.3 1 0
github.com/douyu/jupiter/proto/helloworld/v1/helloworld.pb.gw.go:111.16,113.3 1 0
github.com/douyu/jupiter/proto/helloworld/v1/helloworld.pb.gw.go:124.121,126.133 1 0
github.com/douyu/jupiter/proto/helloworld/v1/helloworld.pb.gw.go:151.2,151.132 1 0
github.com/douyu/jupiter/proto/helloworld/v1/helloworld.pb.gw.go:176.2,176.12 1 0
github.com/douyu/jupiter/proto/helloworld/v1/helloworld.pb.gw.go:126.133,135.17 9 0
github.com/douyu/jupiter/proto/helloworld/v1/helloworld.pb.gw.go:139.3,142.17 4 0
github.com/douyu/jupiter/proto/helloworld/v1/helloworld.pb.gw.go:147.3,147.128 1 0
github.com/douyu/jupiter/proto/helloworld/v1/helloworld.pb.gw.go:135.17,138.4 2 0
github.com/douyu/jupiter/proto/helloworld/v1/helloworld.pb.gw.go:142.17,145.4 2 0
github.com/douyu/jupiter/proto/helloworld/v1/helloworld.pb.gw.go:151.132,160.17 9 0
github.com/douyu/jupiter/proto/helloworld/v1/helloworld.pb.gw.go:164.3,167.17 4 0
github.com/douyu/jupiter/proto/helloworld/v1/helloworld.pb.gw.go:172.3,172.128 1 0
github.com/douyu/jupiter/proto/helloworld/v1/helloworld.pb.gw.go:160.17,163.4 2 0
github.com/douyu/jupiter/proto/helloworld/v1/helloworld.pb.gw.go:167.17,170.4 2 0
github.com/douyu/jupiter/proto/helloworld/v1/helloworld.pb.gw.go:181.145,183.16 2 0
github.com/douyu/jupiter/proto/helloworld/v1/helloworld.pb.gw.go:186.2,186.15 1 0
github.com/douyu/jupiter/proto/helloworld/v1/helloworld.pb.gw.go:201.2,201.54 1 0
github.com/douyu/jupiter/proto/helloworld/v1/helloworld.pb.gw.go:183.16,185.3 1 0
github.com/douyu/jupiter/proto/helloworld/v1/helloworld.pb.gw.go:186.15,187.17 1 0
github.com/douyu/jupiter/proto/helloworld/v1/helloworld.pb.gw.go:193.3,193.13 1 0
github.com/douyu/jupiter/proto/helloworld/v1/helloworld.pb.gw.go:187.17,188.41 1 0
github.com/douyu/jupiter/proto/helloworld/v1/helloworld.pb.gw.go:191.4,191.10 1 0
github.com/douyu/jupiter/proto/helloworld/v1/helloworld.pb.gw.go:188.41,190.5 1 0
github.com/douyu/jupiter/proto/helloworld/v1/helloworld.pb.gw.go:193.13,195.41 2 0
github.com/douyu/jupiter/proto/helloworld/v1/helloworld.pb.gw.go:195.41,197.5 1 0
github.com/douyu/jupiter/proto/helloworld/v1/helloworld.pb.gw.go:206.109,208.2 1 0
github.com/douyu/jupiter/proto/helloworld/v1/helloworld.pb.gw.go:215.121,217.133 1 0
github.com/douyu/jupiter/proto/helloworld/v1/helloworld.pb.gw.go:239.2,239.132 1 0
github.com/douyu/jupiter/proto/helloworld/v1/helloworld.pb.gw.go:261.2,261.12 1 0
github.com/douyu/jupiter/proto/helloworld/v1/helloworld.pb.gw.go:217.133,224.17 7 0
github.com/douyu/jupiter/proto/helloworld/v1/helloworld.pb.gw.go:228.3,230.17 3 0
github.com/douyu/jupiter/proto/helloworld/v1/helloworld.pb.gw.go:235.3,235.128 1 0
github.com/douyu/jupiter/proto/helloworld/v1/helloworld.pb.gw.go:224.17,227.4 2 0
github.com/douyu/jupiter/proto/helloworld/v1/helloworld.pb.gw.go:230.17,233.4 2 0
github.com/douyu/jupiter/proto/helloworld/v1/helloworld.pb.gw.go:239.132,246.17 7 0
github.com/douyu/jupiter/proto/helloworld/v1/helloworld.pb.gw.go:250.3,252.17 3 0
github.com/douyu/jupiter/proto/helloworld/v1/helloworld.pb.gw.go:257.3,257.128 1 0
github.com/douyu/jupiter/proto/helloworld/v1/helloworld.pb.gw.go:246.17,249.4 2 0
github.com/douyu/jupiter/proto/helloworld/v1/helloworld.pb.gw.go:252.17,255.4 2 0
github.com/douyu/jupiter/proto/helloworld/v1/helloworld_echo.pb.go:31.81,37.2 2 0
github.com/douyu/jupiter/proto/helloworld/v1/helloworld_echo.pb.go:45.74,47.38 2 0
github.com/douyu/jupiter/proto/helloworld/v1/helloworld_echo.pb.go:51.2,52.41 2 0
github.com/douyu/jupiter/proto/helloworld/v1/helloworld_echo.pb.go:55.2,57.16 3 0
github.com/douyu/jupiter/proto/helloworld/v1/helloworld_echo.pb.go:62.2,62.37 1 0
github.com/douyu/jupiter/proto/helloworld/v1/helloworld_echo.pb.go:47.38,50.3 2 0
github.com/douyu/jupiter/proto/helloworld/v1/helloworld_echo.pb.go:52.41,54.3 1 0
github.com/douyu/jupiter/proto/helloworld/v1/helloworld_echo.pb.go:57.16,60.3 2 0
github.com/douyu/jupiter/proto/helloworld/v1/helloworld_echo.pb.go:66.74,68.38 2 0
github.com/douyu/jupiter/proto/helloworld/v1/helloworld_echo.pb.go:72.2,73.41 2 0
github.com/douyu/jupiter/proto/helloworld/v1/helloworld_echo.pb.go:76.2,78.16 3 0
github.com/douyu/jupiter/proto/helloworld/v1/helloworld_echo.pb.go:83.2,83.37 1 0
github.com/douyu/jupiter/proto/helloworld/v1/helloworld_echo.pb.go:68.38,71.3 2 0
github.com/douyu/jupiter/proto/helloworld/v1/helloworld_echo.pb.go:73.41,75.3 1 0
github.com/douyu/jupiter/proto/helloworld/v1/helloworld_echo.pb.go:78.16,81.3 2 0
github.com/douyu/jupiter/proto/helloworld/v1/helloworld_echo.pb.go:87.71,89.38 2 0
github.com/douyu/jupiter/proto/helloworld/v1/helloworld_echo.pb.go:93.2,94.41 2 0
github.com/douyu/jupiter/proto/helloworld/v1/helloworld_echo.pb.go:97.2,99.16 3 0
github.com/douyu/jupiter/proto/helloworld/v1/helloworld_echo.pb.go:104.2,104.37 1 0
github.com/douyu/jupiter/proto/helloworld/v1/helloworld_echo.pb.go:89.38,92.3 2 0
github.com/douyu/jupiter/proto/helloworld/v1/helloworld_echo.pb.go:94.41,96.3 1 0
github.com/douyu/jupiter/proto/helloworld/v1/helloworld_echo.pb.go:99.16,102.3 2 0
github.com/douyu/jupiter/proto/helloworld/v1/helloworld_echo.pb.go:107.50,118.2 3 0
github.com/douyu/jupiter/pkg/util/xdebug/print.go:26.51,27.26 1 0
github.com/douyu/jupiter/pkg/util/xdebug/print.go:30.2,36.3 1 0
github.com/douyu/jupiter/pkg/util/xdebug/print.go:27.26,29.3 1 0
github.com/douyu/jupiter/pkg/util/xdebug/print.go:40.41,42.2 1 0
github.com/douyu/jupiter/pkg/util/xdebug/print.go:45.38,46.26 1 0
github.com/douyu/jupiter/pkg/util/xdebug/print.go:49.2,49.75 1 0
github.com/douyu/jupiter/pkg/util/xdebug/print.go:46.26,48.3 1 0
github.com/douyu/jupiter/pkg/util/xdebug/print.go:53.63,54.26 1 0
github.com/douyu/jupiter/pkg/util/xdebug/print.go:57.2,57.89 1 0
github.com/douyu/jupiter/pkg/util/xdebug/print.go:54.26,56.3 1 0
github.com/douyu/jupiter/pkg/util/xdebug/print.go:61.44,62.26 1 0
github.com/douyu/jupiter/pkg/util/xdebug/print.go:65.2,65.29 1 0
github.com/douyu/jupiter/pkg/util/xdebug/print.go:62.26,64.3 1 0
github.com/douyu/jupiter/pkg/util/xdebug/print.go:65.29,67.3 1 0
github.com/douyu/jupiter/pkg/client/redis/client.go:24.48,25.23 1 0
github.com/douyu/jupiter/pkg/client/redis/client.go:28.2,28.19 1 0
github.com/douyu/jupiter/pkg/client/redis/client.go:25.23,27.3 1 0
github.com/douyu/jupiter/pkg/client/redis/client.go:30.47,31.25 1 0
github.com/douyu/jupiter/pkg/client/redis/client.go:34.2,34.45 1 0
github.com/douyu/jupiter/pkg/client/redis/client.go:31.25,33.3 1 0
github.com/douyu/jupiter/pkg/client/redis/client.go:38.52,39.90 1 0
github.com/douyu/jupiter/pkg/client/redis/client.go:43.2,44.16 2 0
github.com/douyu/jupiter/pkg/client/redis/client.go:48.2,49.16 2 0
github.com/douyu/jupiter/pkg/client/redis/client.go:39.90,41.3 1 0
github.com/douyu/jupiter/pkg/client/redis/client.go:44.16,47.3 2 0
github.com/douyu/jupiter/pkg/client/redis/client.go:53.47,55.2 1 0
github.com/douyu/jupiter/pkg/client/redis/client.go:58.43,60.2 1 0
github.com/douyu/jupiter/pkg/client/redis/client.go:63.48,66.32 3 0
github.com/douyu/jupiter/pkg/client/redis/client.go:69.2,69.30 1 0
github.com/douyu/jupiter/pkg/client/redis/client.go:76.2,76.33 1 0
github.com/douyu/jupiter/pkg/client/redis/client.go:88.2,88.46 1 0
github.com/douyu/jupiter/pkg/client/redis/client.go:91.2,91.17 1 0
github.com/douyu/jupiter/pkg/client/redis/client.go:66.32,68.3 1 0
github.com/douyu/jupiter/pkg/client/redis/client.go:69.30,72.17 3 0
github.com/douyu/jupiter/pkg/client/redis/client.go:72.17,74.4 1 0
github.com/douyu/jupiter/pkg/client/redis/client.go:76.33,78.44 2 0
github.com/douyu/jupiter/pkg/client/redis/client.go:78.44,81.18 3 0
github.com/douyu/jupiter/pkg/client/redis/client.go:84.4,84.38 1 0
github.com/douyu/jupiter/pkg/client/redis/client.go:81.18,83.5 1 0
github.com/douyu/jupiter/pkg/client/redis/client.go:88.46,90.3 1 0
github.com/douyu/jupiter/pkg/client/redis/client.go:94.77,110.36 3 0
github.com/douyu/jupiter/pkg/client/redis/client.go:113.2,113.18 1 0
github.com/douyu/jupiter/pkg/client/redis/client.go:116.2,116.35 1 0
github.com/douyu/jupiter/pkg/client/redis/client.go:119.2,119.39 1 0
github.com/douyu/jupiter/pkg/client/redis/client.go:123.2,123.27 1 0
github.com/douyu/jupiter/pkg/client/redis/client.go:127.2,127.68 1 0
github.com/douyu/jupiter/pkg/client/redis/client.go:135.2,138.24 2 0
github.com/douyu/jupiter/pkg/client/redis/client.go:110.36,112.3 1 0
github.com/douyu/jupiter/pkg/client/redis/client.go:113.18,115.3 1 0
github.com/douyu/jupiter/pkg/client/redis/client.go:116.35,118.3 1 0
github.com/douyu/jupiter/pkg/client/redis/client.go:119.39,121.3 1 0
github.com/douyu/jupiter/pkg/client/redis/client.go:123.27,125.3 1 0
github.com/douyu/jupiter/pkg/client/redis/client.go:127.68,128.36 1 0
github.com/douyu/jupiter/pkg/client/redis/client.go:131.3,132.18 2 0
github.com/douyu/jupiter/pkg/client/redis/client.go:128.36,130.4 1 0
github.com/douyu/jupiter/pkg/registry/nop.go:28.91,29.23 1 0
github.com/douyu/jupiter/pkg/registry/nop.go:33.85,34.23 1 0
github.com/douyu/jupiter/pkg/registry/nop.go:38.83,41.2 2 0
github.com/douyu/jupiter/pkg/registry/nop.go:44.85,47.2 2 0
github.com/douyu/jupiter/pkg/registry/nop.go:50.30,50.44 1 0
github.com/douyu/jupiter/pkg/registry/nop.go:53.30,53.48 1 0
github.com/douyu/jupiter/pkg/util/xfile/file.go:34.32,35.50 1 0
github.com/douyu/jupiter/pkg/util/xfile/file.go:39.2,39.13 1 0
github.com/douyu/jupiter/pkg/util/xfile/file.go:35.50,37.3 1 0
github.com/douyu/jupiter/pkg/util/xfile/file.go:43.49,45.16 2 0
github.com/douyu/jupiter/pkg/util/xfile/file.go:49.2,50.24 2 0
github.com/douyu/jupiter/pkg/util/xfile/file.go:62.2,62.12 1 0
github.com/douyu/jupiter/pkg/util/xfile/file.go:45.16,47.3 1 0
github.com/douyu/jupiter/pkg/util/xfile/file.go:50.24,51.17 1 0
github.com/douyu/jupiter/pkg/util/xfile/file.go:55.3,55.50 1 0
github.com/douyu/jupiter/pkg/util/xfile/file.go:59.3,59.39 1 0
github.com/douyu/jupiter/pkg/util/xfile/file.go:51.17,52.12 1 0
github.com/douyu/jupiter/pkg/util/xfile/file.go:55.50,56.12 1 0
github.com/douyu/jupiter/pkg/util/xfile/file.go:69.52,70.19 1 0
github.com/douyu/jupiter/pkg/util/xfile/file.go:73.2,74.16 2 0
github.com/douyu/jupiter/pkg/util/xfile/file.go:77.2,78.16 2 0
github.com/douyu/jupiter/pkg/util/xfile/file.go:82.2,82.76 1 0
github.com/douyu/jupiter/pkg/util/xfile/file.go:85.2,85.19 1 0
github.com/douyu/jupiter/pkg/util/xfile/file.go:70.19,72.3 1 0
github.com/douyu/jupiter/pkg/util/xfile/file.go:74.16,76.3 1 0
github.com/douyu/jupiter/pkg/util/xfile/file.go:78.16,80.3 1 0
github.com/douyu/jupiter/pkg/util/xfile/file.go:82.76,84.3 1 0
github.com/douyu/jupiter/pkg/util/xfile/file.go:89.45,91.16 2 1
github.com/douyu/jupiter/pkg/util/xfile/file.go:94.2,94.27 1 1
github.com/douyu/jupiter/pkg/util/xfile/file.go:100.2,100.19 1 0
github.com/douyu/jupiter/pkg/util/xfile/file.go:91.16,93.3 1 0
github.com/douyu/jupiter/pkg/util/xfile/file.go:95.20,96.19 1 0
github.com/douyu/jupiter/pkg/util/xfile/file.go:97.24,98.20 1 1
github.com/douyu/jupiter/pkg/util/xfile/file.go:104.74,106.2 1 0
github.com/douyu/jupiter/pkg/util/xfile/file.go:109.73,111.2 1 0
github.com/douyu/jupiter/pkg/util/xfile/file.go:113.86,116.16 3 0
github.com/douyu/jupiter/pkg/util/xfile/file.go:119.2,119.11 1 0
github.com/douyu/jupiter/pkg/util/xfile/file.go:149.2,149.20 1 0
github.com/douyu/jupiter/pkg/util/xfile/file.go:116.16,118.3 1 0
github.com/douyu/jupiter/pkg/util/xfile/file.go:119.11,120.80 1 0
github.com/douyu/jupiter/pkg/util/xfile/file.go:141.3,141.17 1 0
github.com/douyu/jupiter/pkg/util/xfile/file.go:120.80,121.18 1 0
github.com/douyu/jupiter/pkg/util/xfile/file.go:124.4,125.18 2 0
github.com/douyu/jupiter/pkg/util/xfile/file.go:128.4,128.13 1 0
github.com/douyu/jupiter/pkg/util/xfile/file.go:139.4,139.14 1 0
github.com/douyu/jupiter/pkg/util/xfile/file.go:121.18,123.5 1 0
github.com/douyu/jupiter/pkg/util/xfile/file.go:125.18,127.5 1 0
github.com/douyu/jupiter/pkg/util/xfile/file.go:128.13,130.19 2 0
github.com/douyu/jupiter/pkg/util/xfile/file.go:133.5,133.28 1 0
github.com/douyu/jupiter/pkg/util/xfile/file.go:130.19,132.6 1 0
github.com/douyu/jupiter/pkg/util/xfile/file.go:133.28,135.6 1 0
github.com/douyu/jupiter/pkg/util/xfile/file.go:135.11,135.37 1 0
github.com/douyu/jupiter/pkg/util/xfile/file.go:135.37,137.6 1 0
github.com/douyu/jupiter/pkg/util/xfile/file.go:141.17,143.4 1 0
github.com/douyu/jupiter/pkg/util/xfile/file.go:144.8,145.18 1 0
github.com/douyu/jupiter/pkg/util/xfile/file.go:145.18,147.4 1 0
github.com/douyu/jupiter/pkg/util/xfile/file.go:152.47,155.20 3 1
github.com/douyu/jupiter/pkg/util/xfile/file.go:158.2,158.29 1 1
github.com/douyu/jupiter/pkg/util/xfile/file.go:155.20,157.3 1 0
github.com/douyu/jupiter/pkg/util/xfile/file.go:161.49,162.31 1 1
github.com/douyu/jupiter/pkg/util/xfile/file.go:165.2,165.62 1 1
github.com/douyu/jupiter/pkg/util/xfile/file.go:162.31,164.3 1 0
github.com/douyu/jupiter/pkg/util/xfile/file.go:169.47,172.25 2 1
github.com/douyu/jupiter/pkg/util/xfile/file.go:175.2,175.33 1 1
github.com/douyu/jupiter/pkg/util/xfile/file.go:172.25,174.3 1 0
github.com/douyu/jupiter/pkg/util/xfile/file.go:179.47,183.30 3 0
github.com/douyu/jupiter/pkg/util/xfile/file.go:189.2,192.16 4 0
github.com/douyu/jupiter/pkg/util/xfile/file.go:197.2,197.39 1 0
github.com/douyu/jupiter/pkg/util/xfile/file.go:207.2,207.12 1 0
github.com/douyu/jupiter/pkg/util/xfile/file.go:183.30,185.3 1 0
github.com/douyu/jupiter/pkg/util/xfile/file.go:185.8,187.3 1 0
github.com/douyu/jupiter/pkg/util/xfile/file.go:192.16,194.3 1 0
github.com/douyu/jupiter/pkg/util/xfile/file.go:194.8,196.3 1 0
github.com/douyu/jupiter/pkg/util/xfile/file.go:197.39,199.43 2 0
github.com/douyu/jupiter/pkg/util/xfile/file.go:199.43,202.18 2 0
github.com/douyu/jupiter/pkg/util/xfile/file.go:202.18,203.10 1 0
github.com/douyu/jupiter/test/e2e/server/xgoframe.go:29.55,32.27 2 1
github.com/douyu/jupiter/test/e2e/server/xgoframe.go:44.2,44.26 1 1
github.com/douyu/jupiter/test/e2e/server/xgoframe.go:48.2,48.64 1 1
github.com/douyu/jupiter/test/e2e/server/xgoframe.go:32.27,34.54 2 0
github.com/douyu/jupiter/test/e2e/server/xgoframe.go:37.3,37.13 1 0
github.com/douyu/jupiter/test/e2e/server/xgoframe.go:41.3,41.26 1 0
github.com/douyu/jupiter/test/e2e/server/xgoframe.go:34.54,36.4 1 0
github.com/douyu/jupiter/test/e2e/server/xgoframe.go:37.13,40.4 2 0
github.com/douyu/jupiter/test/e2e/server/xgoframe.go:44.26,46.3 1 0
github.com/douyu/jupiter/test/e2e/server/xgoframe.go:48.64,50.3 1 0
github.com/douyu/jupiter/pkg/xlog/rotate.go:23.42,33.2 9 2
github.com/douyu/jupiter/pkg/client/etcdv3/config.go:54.51,56.2 1 0
github.com/douyu/jupiter/pkg/client/etcdv3/config.go:59.30,68.2 1 1
github.com/douyu/jupiter/pkg/client/etcdv3/config.go:71.37,73.2 1 0
github.com/douyu/jupiter/pkg/client/etcdv3/config.go:76.36,80.55 3 0
github.com/douyu/jupiter/pkg/client/etcdv3/config.go:84.2,84.15 1 0
github.com/douyu/jupiter/pkg/client/etcdv3/config.go:80.55,82.3 1 0
github.com/douyu/jupiter/pkg/client/etcdv3/config.go:88.63,91.2 2 0
github.com/douyu/jupiter/pkg/client/etcdv3/config.go:94.48,96.2 1 1
github.com/douyu/jupiter/pkg/client/etcdv3/config.go:99.52,100.97 1 1
github.com/douyu/jupiter/pkg/client/etcdv3/config.go:104.2,105.16 2 1
github.com/douyu/jupiter/pkg/client/etcdv3/config.go:110.2,112.20 2 1
github.com/douyu/jupiter/pkg/client/etcdv3/config.go:100.97,102.3 1 0
github.com/douyu/jupiter/pkg/client/etcdv3/config.go:105.16,108.3 2 0
github.com/douyu/jupiter/pkg/client/etcdv3/config.go:116.43,118.2 1 0
github.com/douyu/jupiter/pkg/client/etcdv3/config.go:121.47,123.2 1 0
github.com/douyu/jupiter/pkg/core/sentinel/config.go:52.25,54.2 1 0
github.com/douyu/jupiter/pkg/core/sentinel/config.go:56.35,59.53 2 0
github.com/douyu/jupiter/pkg/core/sentinel/config.go:63.2,63.78 1 0
github.com/douyu/jupiter/pkg/core/sentinel/config.go:69.2,69.15 1 0
github.com/douyu/jupiter/pkg/core/sentinel/config.go:59.53,61.3 1 0
github.com/douyu/jupiter/pkg/core/sentinel/config.go:63.78,67.3 2 0
github.com/douyu/jupiter/pkg/core/sentinel/config.go:72.29,84.2 1 0
github.com/douyu/jupiter/pkg/core/sentinel/config.go:86.76,87.22 1 0
github.com/douyu/jupiter/pkg/core/sentinel/config.go:93.2,95.18 2 0
github.com/douyu/jupiter/pkg/core/sentinel/config.go:87.22,89.3 1 0
github.com/douyu/jupiter/pkg/core/sentinel/config.go:89.8,91.3 1 0
github.com/douyu/jupiter/pkg/core/sentinel/config.go:98.91,99.15 1 1
github.com/douyu/jupiter/pkg/core/sentinel/config.go:103.2,107.14 3 0
github.com/douyu/jupiter/pkg/core/sentinel/config.go:113.2,115.13 2 0
github.com/douyu/jupiter/pkg/core/sentinel/config.go:99.15,101.3 1 1
github.com/douyu/jupiter/pkg/core/sentinel/config.go:107.14,111.3 2 0
github.com/douyu/jupiter/pkg/core/sentinel/config.go:118.31,120.15 1 0
github.com/douyu/jupiter/pkg/core/sentinel/config.go:126.2,126.47 1 0
github.com/douyu/jupiter/pkg/core/sentinel/config.go:132.2,136.16 4 0
github.com/douyu/jupiter/pkg/core/sentinel/config.go:140.2,144.12 3 0
github.com/douyu/jupiter/pkg/core/sentinel/config.go:120.15,124.3 2 0
github.com/douyu/jupiter/pkg/core/sentinel/config.go:126.47,130.3 2 0
github.com/douyu/jupiter/pkg/core/sentinel/config.go:136.16,138.3 1 0
github.com/douyu/jupiter/pkg/core/sentinel/config.go:147.29,151.22 2 0
github.com/douyu/jupiter/pkg/core/sentinel/config.go:152.32,155.17 2 0
github.com/douyu/jupiter/pkg/core/sentinel/config.go:159.3,160.17 2 0
github.com/douyu/jupiter/pkg/core/sentinel/config.go:164.3,165.17 2 0
github.com/douyu/jupiter/pkg/core/sentinel/config.go:169.3,170.17 2 0
github.com/douyu/jupiter/pkg/core/sentinel/config.go:173.10,177.17 3 0
github.com/douyu/jupiter/pkg/core/sentinel/config.go:181.3,182.17 2 0
github.com/douyu/jupiter/pkg/core/sentinel/config.go:186.3,188.17 3 0
github.com/douyu/jupiter/pkg/core/sentinel/config.go:155.17,156.14 1 0
github.com/douyu/jupiter/pkg/core/sentinel/config.go:160.17,162.4 1 0
github.com/douyu/jupiter/pkg/core/sentinel/config.go:165.17,167.4 1 0
github.com/douyu/jupiter/pkg/core/sentinel/config.go:170.17,172.4 1 0
github.com/douyu/jupiter/pkg/core/sentinel/config.go:177.17,179.4 1 0
github.com/douyu/jupiter/pkg/core/sentinel/config.go:182.17,184.4 1 0
github.com/douyu/jupiter/pkg/core/sentinel/config.go:188.17,190.4 1 0
github.com/douyu/jupiter/pkg/core/sentinel/config.go:194.55,195.19 1 0
github.com/douyu/jupiter/pkg/core/sentinel/config.go:198.2,198.18 1 0
github.com/douyu/jupiter/pkg/core/sentinel/config.go:195.19,197.3 1 0
github.com/douyu/jupiter/pkg/core/sentinel/config.go:201.89,205.16 2 0
github.com/douyu/jupiter/pkg/core/sentinel/config.go:209.2,209.32 1 0
github.com/douyu/jupiter/pkg/core/sentinel/config.go:205.16,207.3 1 0
github.com/douyu/jupiter/pkg/core/sentinel/config.go:212.73,213.55 1 0
github.com/douyu/jupiter/pkg/core/sentinel/config.go:217.2,218.52 2 0
github.com/douyu/jupiter/pkg/core/sentinel/config.go:225.2,227.35 2 0
github.com/douyu/jupiter/pkg/core/sentinel/config.go:213.55,215.3 1 0
github.com/douyu/jupiter/pkg/core/sentinel/config.go:218.52,223.3 3 0
github.com/douyu/jupiter/proto/helloworld/v1/helloworld_impl.go:21.54,23.2 1 0
github.com/douyu/jupiter/proto/helloworld/v1/helloworld_impl.go:32.107,35.17 2 0
github.com/douyu/jupiter/proto/helloworld/v1/helloworld_impl.go:49.2,49.8 1 0
github.com/douyu/jupiter/proto/helloworld/v1/helloworld_impl.go:36.19,38.18 2 0
github.com/douyu/jupiter/proto/helloworld/v1/helloworld_impl.go:39.17,40.18 1 0
github.com/douyu/jupiter/proto/helloworld/v1/helloworld_impl.go:41.14,43.71 2 0
github.com/douyu/jupiter/proto/helloworld/v1/helloworld_impl.go:44.19,45.20 1 0
github.com/douyu/jupiter/proto/helloworld/v1/helloworld_impl.go:46.10,47.71 1 0
github.com/douyu/jupiter/pkg/server/xgin/const.go:129.34,131.2 1 0
