mode: atomic
github.com/douyu/jupiter/pkg/xlog/rotate.go:23.42,33.2 9 0
github.com/douyu/jupiter/pkg/util/xstring/format.go:23.56,25.2 1 0
github.com/douyu/jupiter/pkg/core/xtrace/trace.go:27.47,30.2 2 0
github.com/douyu/jupiter/pkg/core/xtrace/trace.go:47.61,52.25 2 6
github.com/douyu/jupiter/pkg/core/xtrace/trace.go:55.2,55.70 1 6
github.com/douyu/jupiter/pkg/core/xtrace/trace.go:52.25,54.3 1 0
github.com/douyu/jupiter/pkg/core/xtrace/trace.go:59.160,60.92 1 4
github.com/douyu/jupiter/pkg/core/xtrace/trace.go:63.2,67.92 3 4
github.com/douyu/jupiter/pkg/core/xtrace/trace.go:70.2,70.18 1 4
github.com/douyu/jupiter/pkg/core/xtrace/trace.go:60.92,62.3 1 4
github.com/douyu/jupiter/pkg/core/xtrace/trace.go:67.92,69.3 1 0
github.com/douyu/jupiter/pkg/core/xtrace/utils.go:26.72,29.21 3 2
github.com/douyu/jupiter/pkg/core/xtrace/utils.go:34.2,35.40 2 2
github.com/douyu/jupiter/pkg/core/xtrace/utils.go:38.2,38.38 1 2
github.com/douyu/jupiter/pkg/core/xtrace/utils.go:42.2,42.20 1 2
github.com/douyu/jupiter/pkg/core/xtrace/utils.go:29.21,32.3 1 0
github.com/douyu/jupiter/pkg/core/xtrace/utils.go:35.40,37.3 1 2
github.com/douyu/jupiter/pkg/core/xtrace/utils.go:38.38,40.3 1 2
github.com/douyu/jupiter/pkg/core/xtrace/utils.go:46.49,48.16 2 2
github.com/douyu/jupiter/pkg/core/xtrace/utils.go:52.2,52.20 1 2
github.com/douyu/jupiter/pkg/core/xtrace/utils.go:56.2,59.3 1 2
github.com/douyu/jupiter/pkg/core/xtrace/utils.go:48.16,50.3 1 0
github.com/douyu/jupiter/pkg/core/xtrace/utils.go:52.20,54.3 1 0
github.com/douyu/jupiter/pkg/xlog/context.go:29.81,31.2 1 3
github.com/douyu/jupiter/pkg/xlog/context.go:33.47,34.16 1 0
github.com/douyu/jupiter/pkg/xlog/context.go:38.2,39.9 2 0
github.com/douyu/jupiter/pkg/xlog/context.go:42.2,42.10 1 0
github.com/douyu/jupiter/pkg/xlog/context.go:34.16,36.3 1 0
github.com/douyu/jupiter/pkg/xlog/context.go:39.9,41.3 1 0
github.com/douyu/jupiter/pkg/server/xecho/config.go:50.30,62.2 1 1
github.com/douyu/jupiter/pkg/server/xecho/config.go:65.37,67.2 1 0
github.com/douyu/jupiter/pkg/server/xecho/config.go:70.36,73.43 2 0
github.com/douyu/jupiter/pkg/server/xecho/config.go:76.2,76.15 1 0
github.com/douyu/jupiter/pkg/server/xecho/config.go:73.43,75.3 1 0
github.com/douyu/jupiter/pkg/server/xecho/config.go:80.63,83.2 2 0
github.com/douyu/jupiter/pkg/server/xecho/config.go:86.53,89.2 2 0
github.com/douyu/jupiter/pkg/server/xecho/config.go:92.50,95.2 2 0
github.com/douyu/jupiter/pkg/server/xecho/config.go:97.43,99.16 2 1
github.com/douyu/jupiter/pkg/server/xecho/config.go:102.2,102.15 1 1
github.com/douyu/jupiter/pkg/server/xecho/config.go:99.16,101.3 1 0
github.com/douyu/jupiter/pkg/server/xecho/config.go:106.48,108.16 2 1
github.com/douyu/jupiter/pkg/server/xecho/config.go:111.2,113.27 2 1
github.com/douyu/jupiter/pkg/server/xecho/config.go:117.2,117.26 1 1
github.com/douyu/jupiter/pkg/server/xecho/config.go:121.2,121.29 1 1
github.com/douyu/jupiter/pkg/server/xecho/config.go:125.2,125.20 1 1
github.com/douyu/jupiter/pkg/server/xecho/config.go:108.16,110.3 1 0
github.com/douyu/jupiter/pkg/server/xecho/config.go:113.27,115.3 1 1
github.com/douyu/jupiter/pkg/server/xecho/config.go:117.26,119.3 1 1
github.com/douyu/jupiter/pkg/server/xecho/config.go:121.29,123.3 1 1
github.com/douyu/jupiter/pkg/server/xecho/config.go:129.40,131.2 1 2
github.com/douyu/jupiter/pkg/core/metric/metric.go:160.13,161.44 1 1
github.com/douyu/jupiter/pkg/core/metric/metric.go:161.44,171.3 1 0
github.com/douyu/jupiter/pkg/core/tests/grpc.go:42.40,45.22 2 2
github.com/douyu/jupiter/pkg/core/tests/grpc.go:49.2,70.31 13 2
github.com/douyu/jupiter/pkg/core/tests/grpc.go:74.2,76.41 2 2
github.com/douyu/jupiter/pkg/core/tests/grpc.go:45.22,47.3 1 2
github.com/douyu/jupiter/pkg/core/tests/grpc.go:70.31,72.3 1 2
github.com/douyu/jupiter/pkg/core/constant/service.go:19.13,24.2 4 1
github.com/douyu/jupiter/pkg/core/constant/service.go:26.39,27.35 1 0
github.com/douyu/jupiter/pkg/core/constant/service.go:30.2,30.18 1 0
github.com/douyu/jupiter/pkg/core/constant/service.go:27.35,29.3 1 0
github.com/douyu/jupiter/pkg/core/metric/histogram.go:37.52,50.2 3 6
github.com/douyu/jupiter/pkg/core/metric/histogram.go:53.69,55.2 1 5
github.com/douyu/jupiter/pkg/core/metric/histogram.go:58.66,65.2 1 1
github.com/douyu/jupiter/pkg/util/xmap/map.go:42.28,46.2 1 0
github.com/douyu/jupiter/pkg/util/xmap/map.go:49.73,51.50 2 0
github.com/douyu/jupiter/pkg/util/xmap/map.go:54.2,54.25 1 0
github.com/douyu/jupiter/pkg/util/xmap/map.go:51.50,53.3 1 0
github.com/douyu/jupiter/pkg/util/xmap/map.go:57.63,63.46 5 0
github.com/douyu/jupiter/pkg/util/xmap/map.go:71.2,71.12 1 0
github.com/douyu/jupiter/pkg/util/xmap/map.go:63.46,65.40 2 0
github.com/douyu/jupiter/pkg/util/xmap/map.go:68.3,68.26 1 0
github.com/douyu/jupiter/pkg/util/xmap/map.go:65.40,67.4 1 0
github.com/douyu/jupiter/pkg/util/xmap/map.go:75.61,81.2 5 0
github.com/douyu/jupiter/pkg/util/xmap/map.go:84.50,86.2 1 0
github.com/douyu/jupiter/pkg/util/xmap/map.go:89.51,91.2 1 0
github.com/douyu/jupiter/pkg/util/xmap/map.go:94.47,96.2 1 0
github.com/douyu/jupiter/pkg/util/xmap/map.go:99.45,101.2 1 0
github.com/douyu/jupiter/pkg/util/xmap/map.go:104.49,106.2 1 0
github.com/douyu/jupiter/pkg/util/xmap/map.go:109.53,111.2 1 0
github.com/douyu/jupiter/pkg/util/xmap/map.go:114.52,116.2 1 0
github.com/douyu/jupiter/pkg/util/xmap/map.go:119.60,121.2 1 0
github.com/douyu/jupiter/pkg/util/xmap/map.go:124.58,126.2 1 0
github.com/douyu/jupiter/pkg/util/xmap/map.go:129.57,131.2 1 0
github.com/douyu/jupiter/pkg/util/xmap/map.go:134.70,136.2 1 0
github.com/douyu/jupiter/pkg/util/xmap/map.go:139.71,141.2 1 0
github.com/douyu/jupiter/pkg/util/xmap/map.go:144.78,146.2 1 0
github.com/douyu/jupiter/pkg/util/xmap/map.go:149.89,156.16 3 0
github.com/douyu/jupiter/pkg/util/xmap/map.go:159.2,159.15 1 0
github.com/douyu/jupiter/pkg/util/xmap/map.go:165.2,166.18 2 0
github.com/douyu/jupiter/pkg/util/xmap/map.go:170.2,170.30 1 0
github.com/douyu/jupiter/pkg/util/xmap/map.go:156.16,158.3 1 0
github.com/douyu/jupiter/pkg/util/xmap/map.go:159.15,163.3 3 0
github.com/douyu/jupiter/pkg/util/xmap/map.go:166.18,168.3 1 0
github.com/douyu/jupiter/pkg/util/xmap/map.go:174.30,180.66 4 0
github.com/douyu/jupiter/pkg/util/xmap/map.go:180.66,183.3 2 0
github.com/douyu/jupiter/pkg/util/xmap/map.go:186.51,188.8 2 0
github.com/douyu/jupiter/pkg/util/xmap/map.go:192.2,198.11 7 0
github.com/douyu/jupiter/pkg/util/xmap/map.go:188.8,190.3 1 0
github.com/douyu/jupiter/pkg/util/xmap/map.go:201.100,202.27 1 0
github.com/douyu/jupiter/pkg/util/xmap/map.go:202.27,204.19 2 0
github.com/douyu/jupiter/pkg/util/xmap/map.go:207.3,207.51 1 0
github.com/douyu/jupiter/pkg/util/xmap/map.go:204.19,206.4 1 0
github.com/douyu/jupiter/pkg/util/xmap/map.go:207.51,209.4 1 0
github.com/douyu/jupiter/pkg/util/xmap/map.go:209.9,211.4 1 0
github.com/douyu/jupiter/pkg/util/xmap/map.go:215.66,219.2 3 0
github.com/douyu/jupiter/pkg/util/xmap/map.go:221.81,222.25 1 0
github.com/douyu/jupiter/pkg/util/xmap/map.go:237.2,237.10 1 0
github.com/douyu/jupiter/pkg/util/xmap/map.go:222.25,224.10 2 0
github.com/douyu/jupiter/pkg/util/xmap/map.go:230.3,231.10 2 0
github.com/douyu/jupiter/pkg/util/xmap/map.go:235.3,235.9 1 0
github.com/douyu/jupiter/pkg/util/xmap/map.go:224.10,228.12 4 0
github.com/douyu/jupiter/pkg/util/xmap/map.go:231.10,234.4 2 0
github.com/douyu/jupiter/pkg/conf/option.go:32.36,33.29 1 0
github.com/douyu/jupiter/pkg/conf/option.go:33.29,35.3 1 0
github.com/douyu/jupiter/pkg/conf/option.go:38.30,40.2 1 0
github.com/douyu/jupiter/pkg/conf/option.go:42.30,44.2 1 0
github.com/douyu/jupiter/pkg/conf/option.go:46.30,48.2 1 0
github.com/douyu/jupiter/pkg/conf/option.go:50.45,51.29 1 0
github.com/douyu/jupiter/pkg/conf/option.go:51.29,54.3 2 0
github.com/douyu/jupiter/pkg/conf/option.go:57.44,58.29 1 0
github.com/douyu/jupiter/pkg/conf/option.go:58.29,60.3 1 0
github.com/douyu/jupiter/pkg/conf/option.go:63.38,64.29 1 0
github.com/douyu/jupiter/pkg/conf/option.go:64.29,66.3 1 0
github.com/douyu/jupiter/pkg/util/xstring/function.go:23.41,25.2 1 0
github.com/douyu/jupiter/pkg/util/xstring/function.go:28.39,30.31 2 0
github.com/douyu/jupiter/pkg/util/xstring/function.go:34.2,34.41 1 0
github.com/douyu/jupiter/pkg/util/xstring/function.go:30.31,32.3 1 0
github.com/douyu/jupiter/pkg/util/xstring/function.go:38.34,41.2 2 0
github.com/douyu/jupiter/pkg/server/xgin/middleware.go:48.42,50.2 1 2
github.com/douyu/jupiter/pkg/server/xgin/middleware.go:52.94,53.30 1 1
github.com/douyu/jupiter/pkg/server/xgin/middleware.go:53.30,57.16 4 1
github.com/douyu/jupiter/pkg/server/xgin/middleware.go:99.3,99.11 1 1
github.com/douyu/jupiter/pkg/server/xgin/middleware.go:57.16,60.37 2 1
github.com/douyu/jupiter/pkg/server/xgin/middleware.go:65.4,65.36 1 1
github.com/douyu/jupiter/pkg/server/xgin/middleware.go:88.4,97.36 2 1
github.com/douyu/jupiter/pkg/server/xgin/middleware.go:60.37,61.79 1 1
github.com/douyu/jupiter/pkg/server/xgin/middleware.go:61.79,63.6 1 0
github.com/douyu/jupiter/pkg/server/xgin/middleware.go:65.36,66.41 1 0
github.com/douyu/jupiter/pkg/server/xgin/middleware.go:73.5,78.19 5 0
github.com/douyu/jupiter/pkg/server/xgin/middleware.go:83.5,84.11 2 0
github.com/douyu/jupiter/pkg/server/xgin/middleware.go:66.41,67.49 1 0
github.com/douyu/jupiter/pkg/server/xgin/middleware.go:67.49,68.148 1 0
github.com/douyu/jupiter/pkg/server/xgin/middleware.go:68.148,70.8 1 0
github.com/douyu/jupiter/pkg/server/xgin/middleware.go:78.19,82.6 3 0
github.com/douyu/jupiter/pkg/server/xgin/middleware.go:104.29,110.23 4 0
github.com/douyu/jupiter/pkg/server/xgin/middleware.go:127.2,127.20 1 0
github.com/douyu/jupiter/pkg/server/xgin/middleware.go:110.23,112.10 2 0
github.com/douyu/jupiter/pkg/server/xgin/middleware.go:116.3,117.23 2 0
github.com/douyu/jupiter/pkg/server/xgin/middleware.go:125.3,125.68 1 0
github.com/douyu/jupiter/pkg/server/xgin/middleware.go:112.10,113.9 1 0
github.com/douyu/jupiter/pkg/server/xgin/middleware.go:117.23,119.18 2 0
github.com/douyu/jupiter/pkg/server/xgin/middleware.go:122.4,123.19 2 0
github.com/douyu/jupiter/pkg/server/xgin/middleware.go:119.18,120.13 1 0
github.com/douyu/jupiter/pkg/server/xgin/middleware.go:131.43,133.30 2 0
github.com/douyu/jupiter/pkg/server/xgin/middleware.go:136.2,136.34 1 0
github.com/douyu/jupiter/pkg/server/xgin/middleware.go:133.30,135.3 1 0
github.com/douyu/jupiter/pkg/server/xgin/middleware.go:140.34,142.15 2 0
github.com/douyu/jupiter/pkg/server/xgin/middleware.go:145.2,154.63 2 0
github.com/douyu/jupiter/pkg/server/xgin/middleware.go:157.2,157.51 1 0
github.com/douyu/jupiter/pkg/server/xgin/middleware.go:160.2,161.13 2 0
github.com/douyu/jupiter/pkg/server/xgin/middleware.go:142.15,144.3 1 0
github.com/douyu/jupiter/pkg/server/xgin/middleware.go:154.63,156.3 1 0
github.com/douyu/jupiter/pkg/server/xgin/middleware.go:157.51,159.3 1 0
github.com/douyu/jupiter/pkg/server/xgin/middleware.go:169.48,170.30 1 1
github.com/douyu/jupiter/pkg/server/xgin/middleware.go:170.30,175.3 4 1
github.com/douyu/jupiter/pkg/server/xgin/middleware.go:178.47,183.30 3 1
github.com/douyu/jupiter/pkg/server/xgin/middleware.go:183.30,196.3 5 1
github.com/douyu/jupiter/pkg/server/xgrpc/util.go:23.104,24.118 1 2
github.com/douyu/jupiter/pkg/server/xgrpc/util.go:29.2,29.126 1 2
github.com/douyu/jupiter/pkg/server/xgrpc/util.go:24.118,25.64 1 0
github.com/douyu/jupiter/pkg/server/xgrpc/util.go:25.64,27.4 1 0
github.com/douyu/jupiter/pkg/server/xgrpc/util.go:29.126,31.47 2 0
github.com/douyu/jupiter/pkg/server/xgrpc/util.go:34.3,34.28 1 0
github.com/douyu/jupiter/pkg/server/xgrpc/util.go:31.47,33.4 1 0
github.com/douyu/jupiter/pkg/server/xgrpc/util.go:39.101,40.114 1 2
github.com/douyu/jupiter/pkg/server/xgrpc/util.go:46.2,46.137 1 2
github.com/douyu/jupiter/pkg/server/xgrpc/util.go:40.114,41.74 1 8
github.com/douyu/jupiter/pkg/server/xgrpc/util.go:41.74,43.4 1 8
github.com/douyu/jupiter/pkg/server/xgrpc/util.go:46.137,48.47 2 2
github.com/douyu/jupiter/pkg/server/xgrpc/util.go:51.3,51.25 1 2
github.com/douyu/jupiter/pkg/server/xgrpc/util.go:48.47,50.4 1 8
github.com/douyu/jupiter/pkg/env.go:23.16,31.23 8 1
github.com/douyu/jupiter/pkg/env.go:34.2,35.46 2 1
github.com/douyu/jupiter/pkg/env.go:31.23,33.3 1 1
github.com/douyu/jupiter/pkg/env.go:38.25,40.2 1 0
github.com/douyu/jupiter/pkg/env.go:42.34,44.2 1 0
github.com/douyu/jupiter/pkg/env.go:47.23,49.19 2 0
github.com/douyu/jupiter/pkg/env.go:57.2,57.16 1 0
github.com/douyu/jupiter/pkg/env.go:49.19,50.21 1 0
github.com/douyu/jupiter/pkg/env.go:54.3,54.18 1 0
github.com/douyu/jupiter/pkg/env.go:50.21,52.4 1 0
github.com/douyu/jupiter/pkg/env.go:60.30,62.2 1 0
github.com/douyu/jupiter/pkg/env.go:64.25,66.2 1 0
github.com/douyu/jupiter/pkg/env.go:68.34,70.2 1 0
github.com/douyu/jupiter/pkg/env.go:72.23,73.19 1 0
github.com/douyu/jupiter/pkg/env.go:76.2,76.16 1 0
github.com/douyu/jupiter/pkg/env.go:73.19,75.3 1 0
github.com/douyu/jupiter/pkg/env.go:79.30,81.2 1 0
github.com/douyu/jupiter/pkg/env.go:83.23,85.2 1 0
github.com/douyu/jupiter/pkg/env.go:87.30,89.2 1 0
github.com/douyu/jupiter/pkg/env.go:91.27,93.2 1 0
github.com/douyu/jupiter/pkg/env.go:95.38,97.2 1 0
github.com/douyu/jupiter/pkg/core/singleton/singleton.go:12.56,14.2 1 0
github.com/douyu/jupiter/pkg/core/singleton/singleton.go:16.67,18.2 1 0
github.com/douyu/jupiter/pkg/core/singleton/singleton.go:20.65,22.2 1 0
github.com/douyu/jupiter/pkg/xlog/api.go:24.37,26.2 1 0
github.com/douyu/jupiter/pkg/xlog/api.go:29.24,31.2 1 8
github.com/douyu/jupiter/pkg/xlog/api.go:33.33,35.2 1 1
github.com/douyu/jupiter/pkg/xlog/api.go:38.24,40.2 1 3
github.com/douyu/jupiter/pkg/xlog/api.go:42.33,47.2 4 1
github.com/douyu/jupiter/pkg/xlog/api.go:51.41,53.2 1 0
github.com/douyu/jupiter/pkg/xlog/api.go:57.40,59.2 1 0
github.com/douyu/jupiter/pkg/xlog/api.go:63.40,65.2 1 0
github.com/douyu/jupiter/pkg/xlog/api.go:69.41,71.2 1 0
github.com/douyu/jupiter/pkg/xlog/api.go:79.42,81.2 1 0
github.com/douyu/jupiter/pkg/xlog/api.go:87.41,89.2 1 0
github.com/douyu/jupiter/pkg/xlog/api.go:96.41,98.2 1 0
github.com/douyu/jupiter/pkg/xlog/api.go:102.36,104.2 1 0
github.com/douyu/jupiter/pkg/xlog/api.go:108.42,110.2 1 0
github.com/douyu/jupiter/pkg/xlog/api.go:114.30,116.2 1 0
github.com/douyu/jupiter/pkg/core/ecode/status.go:38.40,40.2 1 0
github.com/douyu/jupiter/pkg/core/ecode/status.go:43.46,45.2 1 0
github.com/douyu/jupiter/pkg/core/ecode/status.go:48.42,50.2 1 0
github.com/douyu/jupiter/pkg/core/ecode/status.go:53.60,54.22 1 2
github.com/douyu/jupiter/pkg/core/ecode/status.go:58.2,61.19 3 2
github.com/douyu/jupiter/pkg/core/ecode/status.go:64.2,64.33 1 2
github.com/douyu/jupiter/pkg/core/ecode/status.go:70.2,70.21 1 2
github.com/douyu/jupiter/pkg/core/ecode/status.go:54.22,55.33 1 0
github.com/douyu/jupiter/pkg/core/ecode/status.go:61.19,63.3 1 0
github.com/douyu/jupiter/pkg/core/ecode/status.go:64.33,69.3 4 0
github.com/douyu/jupiter/pkg/core/ecode/status.go:74.66,77.35 3 0
github.com/douyu/jupiter/pkg/core/ecode/status.go:81.2,81.21 1 0
github.com/douyu/jupiter/pkg/core/ecode/status.go:77.35,80.3 2 0
github.com/douyu/jupiter/pkg/core/ecode/status.go:85.37,88.2 2 0
github.com/douyu/jupiter/pkg/core/ecode/status.go:91.37,93.2 1 0
github.com/douyu/jupiter/pkg/core/ecode/status.go:96.41,97.14 1 0
github.com/douyu/jupiter/pkg/core/ecode/status.go:100.2,100.44 1 0
github.com/douyu/jupiter/pkg/core/ecode/status.go:97.14,99.3 1 0
github.com/douyu/jupiter/pkg/core/ecode/status.go:104.72,106.16 2 0
github.com/douyu/jupiter/pkg/core/ecode/status.go:109.2,109.15 1 0
github.com/douyu/jupiter/pkg/core/ecode/status.go:106.16,107.13 1 0
github.com/douyu/jupiter/pkg/core/ecode/status.go:114.77,115.24 1 0
github.com/douyu/jupiter/pkg/core/ecode/status.go:118.2,119.33 2 0
github.com/douyu/jupiter/pkg/core/ecode/status.go:134.2,134.35 1 0
github.com/douyu/jupiter/pkg/core/ecode/status.go:115.24,117.3 1 0
github.com/douyu/jupiter/pkg/core/ecode/status.go:119.33,120.45 1 0
github.com/douyu/jupiter/pkg/core/ecode/status.go:120.45,122.18 2 0
github.com/douyu/jupiter/pkg/core/ecode/status.go:125.4,125.38 1 0
github.com/douyu/jupiter/pkg/core/ecode/status.go:122.18,124.5 1 0
github.com/douyu/jupiter/pkg/core/ecode/status.go:126.9,128.18 2 0
github.com/douyu/jupiter/pkg/core/ecode/status.go:131.4,131.38 1 0
github.com/douyu/jupiter/pkg/core/ecode/status.go:128.18,130.5 1 0
github.com/douyu/jupiter/pkg/core/ecode/status.go:137.54,142.2 3 0
github.com/douyu/jupiter/pkg/core/ecode/status.go:144.67,146.16 2 0
github.com/douyu/jupiter/pkg/core/ecode/status.go:149.2,149.78 1 0
github.com/douyu/jupiter/pkg/core/ecode/status.go:146.16,148.3 1 0
github.com/douyu/jupiter/pkg/core/metric/summary.go:33.48,45.2 3 1
github.com/douyu/jupiter/pkg/core/metric/summary.go:48.65,50.2 1 0
github.com/douyu/jupiter/pkg/server/xgrpc/config.go:70.37,72.2 1 0
github.com/douyu/jupiter/pkg/server/xgrpc/config.go:75.36,77.56 2 0
github.com/douyu/jupiter/pkg/server/xgrpc/config.go:84.2,84.15 1 0
github.com/douyu/jupiter/pkg/server/xgrpc/config.go:77.56,83.3 1 0
github.com/douyu/jupiter/pkg/server/xgrpc/config.go:89.30,105.2 1 2
github.com/douyu/jupiter/pkg/server/xgrpc/config.go:110.78,111.33 1 0
github.com/douyu/jupiter/pkg/server/xgrpc/config.go:114.2,115.15 2 0
github.com/douyu/jupiter/pkg/server/xgrpc/config.go:111.33,113.3 1 0
github.com/douyu/jupiter/pkg/server/xgrpc/config.go:119.92,120.38 1 0
github.com/douyu/jupiter/pkg/server/xgrpc/config.go:124.2,125.15 2 0
github.com/douyu/jupiter/pkg/server/xgrpc/config.go:120.38,122.3 1 0
github.com/douyu/jupiter/pkg/server/xgrpc/config.go:129.90,130.37 1 0
github.com/douyu/jupiter/pkg/server/xgrpc/config.go:134.2,135.15 2 0
github.com/douyu/jupiter/pkg/server/xgrpc/config.go:130.37,132.3 1 0
github.com/douyu/jupiter/pkg/server/xgrpc/config.go:138.43,140.16 2 2
github.com/douyu/jupiter/pkg/server/xgrpc/config.go:143.2,143.15 1 2
github.com/douyu/jupiter/pkg/server/xgrpc/config.go:140.16,142.3 1 0
github.com/douyu/jupiter/pkg/server/xgrpc/config.go:147.48,148.26 1 2
github.com/douyu/jupiter/pkg/server/xgrpc/config.go:153.2,153.27 1 2
github.com/douyu/jupiter/pkg/server/xgrpc/config.go:158.2,158.29 1 2
github.com/douyu/jupiter/pkg/server/xgrpc/config.go:162.2,162.26 1 2
github.com/douyu/jupiter/pkg/server/xgrpc/config.go:148.26,151.3 2 2
github.com/douyu/jupiter/pkg/server/xgrpc/config.go:153.27,156.3 2 2
github.com/douyu/jupiter/pkg/server/xgrpc/config.go:158.29,160.3 1 2
github.com/douyu/jupiter/pkg/server/xgrpc/config.go:166.63,169.2 2 0
github.com/douyu/jupiter/pkg/server/xgrpc/config.go:172.39,174.2 1 2
github.com/douyu/jupiter/pkg/core/metric/counter.go:32.48,44.2 3 10
github.com/douyu/jupiter/pkg/core/metric/counter.go:47.62,54.2 1 5
github.com/douyu/jupiter/pkg/core/metric/counter.go:61.50,63.2 1 5
github.com/douyu/jupiter/pkg/core/metric/counter.go:66.61,68.2 1 0
github.com/douyu/jupiter/pkg/util/xdebug/print.go:26.51,27.26 1 0
github.com/douyu/jupiter/pkg/util/xdebug/print.go:30.2,36.3 1 0
github.com/douyu/jupiter/pkg/util/xdebug/print.go:27.26,29.3 1 0
github.com/douyu/jupiter/pkg/util/xdebug/print.go:40.41,42.2 1 0
github.com/douyu/jupiter/pkg/util/xdebug/print.go:45.38,46.26 1 0
github.com/douyu/jupiter/pkg/util/xdebug/print.go:49.2,49.75 1 0
github.com/douyu/jupiter/pkg/util/xdebug/print.go:46.26,48.3 1 0
github.com/douyu/jupiter/pkg/util/xdebug/print.go:53.63,54.26 1 0
github.com/douyu/jupiter/pkg/util/xdebug/print.go:57.2,57.89 1 0
github.com/douyu/jupiter/pkg/util/xdebug/print.go:54.26,56.3 1 0
github.com/douyu/jupiter/pkg/util/xdebug/print.go:61.44,62.26 1 0
github.com/douyu/jupiter/pkg/util/xdebug/print.go:65.2,65.29 1 0
github.com/douyu/jupiter/pkg/util/xdebug/print.go:62.26,64.3 1 0
github.com/douyu/jupiter/pkg/util/xdebug/print.go:65.29,67.3 1 0
github.com/douyu/jupiter/pkg/client/etcdv3/lock.go:31.105,35.16 3 0
github.com/douyu/jupiter/pkg/client/etcdv3/lock.go:38.2,39.8 2 0
github.com/douyu/jupiter/pkg/client/etcdv3/lock.go:35.16,37.3 1 0
github.com/douyu/jupiter/pkg/client/etcdv3/lock.go:43.61,47.2 3 0
github.com/douyu/jupiter/pkg/client/etcdv3/lock.go:50.64,54.2 3 0
github.com/douyu/jupiter/pkg/client/etcdv3/lock.go:57.42,59.16 2 0
github.com/douyu/jupiter/pkg/client/etcdv3/lock.go:62.2,62.24 1 0
github.com/douyu/jupiter/pkg/client/etcdv3/lock.go:59.16,61.3 1 0
github.com/douyu/jupiter/pkg/util/xgo/parallel.go:24.58,25.22 1 0
github.com/douyu/jupiter/pkg/util/xgo/parallel.go:25.22,27.26 2 0
github.com/douyu/jupiter/pkg/util/xgo/parallel.go:31.3,31.19 1 0
github.com/douyu/jupiter/pkg/util/xgo/parallel.go:27.26,29.4 1 0
github.com/douyu/jupiter/pkg/util/xgo/parallel.go:37.60,44.27 5 0
github.com/douyu/jupiter/pkg/util/xgo/parallel.go:49.2,49.25 1 0
github.com/douyu/jupiter/pkg/util/xgo/parallel.go:56.2,56.13 1 0
github.com/douyu/jupiter/pkg/util/xgo/parallel.go:44.27,47.3 2 0
github.com/douyu/jupiter/pkg/util/xgo/parallel.go:49.25,50.45 1 0
github.com/douyu/jupiter/pkg/util/xgo/parallel.go:50.45,53.4 2 0
github.com/douyu/jupiter/pkg/util/xgo/parallel.go:61.85,63.22 2 0
github.com/douyu/jupiter/pkg/util/xgo/parallel.go:66.2,66.25 1 0
github.com/douyu/jupiter/pkg/util/xgo/parallel.go:69.2,73.35 5 0
github.com/douyu/jupiter/pkg/util/xgo/parallel.go:82.2,82.27 1 0
github.com/douyu/jupiter/pkg/util/xgo/parallel.go:92.2,92.13 1 0
github.com/douyu/jupiter/pkg/util/xgo/parallel.go:63.22,65.3 1 0
github.com/douyu/jupiter/pkg/util/xgo/parallel.go:66.25,68.3 1 0
github.com/douyu/jupiter/pkg/util/xgo/parallel.go:73.35,75.52 1 0
github.com/douyu/jupiter/pkg/util/xgo/parallel.go:75.52,77.25 2 0
github.com/douyu/jupiter/pkg/util/xgo/parallel.go:77.25,79.5 1 0
github.com/douyu/jupiter/pkg/util/xgo/parallel.go:82.27,84.26 1 0
github.com/douyu/jupiter/pkg/util/xgo/parallel.go:87.3,90.14 3 0
github.com/douyu/jupiter/pkg/util/xgo/parallel.go:84.26,86.4 1 0
github.com/douyu/jupiter/pkg/server/xgin/error.go:38.55,40.18 2 0
github.com/douyu/jupiter/pkg/server/xgin/error.go:44.2,44.11 1 0
github.com/douyu/jupiter/pkg/server/xgin/error.go:40.18,42.3 1 0
github.com/douyu/jupiter/pkg/server/xgin/error.go:48.35,50.2 1 0
github.com/douyu/jupiter/pkg/server/xgrpc/server.go:38.49,49.22 3 2
github.com/douyu/jupiter/pkg/server/xgrpc/server.go:75.2,82.16 4 2
github.com/douyu/jupiter/pkg/server/xgrpc/server.go:85.2,91.8 2 2
github.com/douyu/jupiter/pkg/server/xgrpc/server.go:49.22,51.17 2 0
github.com/douyu/jupiter/pkg/server/xgrpc/server.go:55.3,57.17 3 0
github.com/douyu/jupiter/pkg/server/xgrpc/server.go:60.3,60.44 1 0
github.com/douyu/jupiter/pkg/server/xgrpc/server.go:64.3,72.4 2 0
github.com/douyu/jupiter/pkg/server/xgrpc/server.go:51.17,53.4 1 0
github.com/douyu/jupiter/pkg/server/xgrpc/server.go:57.17,59.4 1 0
github.com/douyu/jupiter/pkg/server/xgrpc/server.go:60.44,62.4 1 0
github.com/douyu/jupiter/pkg/server/xgrpc/server.go:82.16,84.3 1 0
github.com/douyu/jupiter/pkg/server/xgrpc/server.go:94.33,96.16 2 0
github.com/douyu/jupiter/pkg/server/xgrpc/server.go:100.2,101.13 2 0
github.com/douyu/jupiter/pkg/server/xgrpc/server.go:96.16,98.3 1 0
github.com/douyu/jupiter/pkg/server/xgrpc/server.go:105.32,108.2 2 2
github.com/douyu/jupiter/pkg/server/xgrpc/server.go:112.31,115.2 2 2
github.com/douyu/jupiter/pkg/server/xgrpc/server.go:119.58,122.2 2 0
github.com/douyu/jupiter/pkg/server/xgrpc/server.go:125.45,127.35 2 0
github.com/douyu/jupiter/pkg/server/xgrpc/server.go:131.2,136.14 2 0
github.com/douyu/jupiter/pkg/server/xgrpc/server.go:127.35,129.3 1 0
github.com/douyu/jupiter/pkg/util/xgo/serial.go:22.56,23.22 1 0
github.com/douyu/jupiter/pkg/util/xgo/serial.go:23.22,25.26 2 0
github.com/douyu/jupiter/pkg/util/xgo/serial.go:28.3,28.14 1 0
github.com/douyu/jupiter/pkg/util/xgo/serial.go:25.26,27.4 1 0
github.com/douyu/jupiter/pkg/util/xgo/serial.go:33.57,34.22 1 0
github.com/douyu/jupiter/pkg/util/xgo/serial.go:34.22,35.26 1 0
github.com/douyu/jupiter/pkg/util/xgo/serial.go:41.3,41.13 1 0
github.com/douyu/jupiter/pkg/util/xgo/serial.go:35.26,36.39 1 0
github.com/douyu/jupiter/pkg/util/xgo/serial.go:36.39,39.5 1 0
github.com/douyu/jupiter/pkg/util/xgo/serial.go:64.74,65.48 1 0
github.com/douyu/jupiter/pkg/util/xgo/serial.go:65.48,66.23 1 0
github.com/douyu/jupiter/pkg/util/xgo/serial.go:66.23,68.27 2 0
github.com/douyu/jupiter/pkg/util/xgo/serial.go:82.4,82.15 1 0
github.com/douyu/jupiter/pkg/util/xgo/serial.go:68.27,69.40 1 0
github.com/douyu/jupiter/pkg/util/xgo/serial.go:69.40,70.16 1 0
github.com/douyu/jupiter/pkg/util/xgo/serial.go:71.27,72.17 1 0
github.com/douyu/jupiter/pkg/util/xgo/serial.go:73.29,74.40 1 0
github.com/douyu/jupiter/pkg/util/xgo/serial.go:75.26,76.17 1 0
github.com/douyu/jupiter/pkg/util/xgo/serial.go:77.30,78.17 1 0
github.com/douyu/jupiter/pkg/server/init.go:23.13,28.47 1 1
github.com/douyu/jupiter/pkg/server/init.go:28.47,30.4 1 0
github.com/douyu/jupiter/pkg/pkg.go:51.13,52.19 1 1
github.com/douyu/jupiter/pkg/pkg.go:59.2,60.16 2 1
github.com/douyu/jupiter/pkg/pkg.go:63.2,67.11 5 1
github.com/douyu/jupiter/pkg/pkg.go:52.19,54.20 2 1
github.com/douyu/jupiter/pkg/pkg.go:54.20,56.4 1 1
github.com/douyu/jupiter/pkg/pkg.go:60.16,62.3 1 0
github.com/douyu/jupiter/pkg/pkg.go:71.20,73.2 1 1
github.com/douyu/jupiter/pkg/pkg.go:76.24,78.2 1 0
github.com/douyu/jupiter/pkg/pkg.go:81.21,82.17 1 1
github.com/douyu/jupiter/pkg/pkg.go:85.2,85.14 1 0
github.com/douyu/jupiter/pkg/pkg.go:82.17,84.3 1 1
github.com/douyu/jupiter/pkg/pkg.go:89.25,91.2 1 0
github.com/douyu/jupiter/pkg/pkg.go:94.26,96.2 1 0
github.com/douyu/jupiter/pkg/pkg.go:99.30,101.2 1 0
github.com/douyu/jupiter/pkg/pkg.go:104.30,106.2 1 0
github.com/douyu/jupiter/pkg/pkg.go:114.25,116.2 1 0
github.com/douyu/jupiter/pkg/pkg.go:119.25,121.2 1 0
github.com/douyu/jupiter/pkg/pkg.go:124.25,126.2 1 0
github.com/douyu/jupiter/pkg/pkg.go:129.33,131.2 1 1
github.com/douyu/jupiter/pkg/pkg.go:134.24,136.2 1 1
github.com/douyu/jupiter/pkg/pkg.go:139.25,141.2 1 0
github.com/douyu/jupiter/pkg/pkg.go:144.25,146.2 1 0
github.com/douyu/jupiter/pkg/pkg.go:148.22,151.18 2 0
github.com/douyu/jupiter/pkg/pkg.go:158.2,158.62 1 0
github.com/douyu/jupiter/pkg/pkg.go:151.18,152.41 1 0
github.com/douyu/jupiter/pkg/pkg.go:156.3,156.75 1 0
github.com/douyu/jupiter/pkg/pkg.go:152.41,155.4 1 0
github.com/douyu/jupiter/pkg/pkg.go:162.21,173.2 10 0
github.com/douyu/jupiter/pkg/xlog/hook.go:9.34,13.2 2 14
github.com/douyu/jupiter/pkg/xlog/log.go:78.13,88.2 2 1
github.com/douyu/jupiter/pkg/xlog/log.go:90.44,93.22 3 2
github.com/douyu/jupiter/pkg/xlog/log.go:96.2,96.28 1 2
github.com/douyu/jupiter/pkg/xlog/log.go:100.2,103.18 3 2
github.com/douyu/jupiter/pkg/xlog/log.go:109.2,109.18 1 2
github.com/douyu/jupiter/pkg/xlog/log.go:118.2,119.63 2 2
github.com/douyu/jupiter/pkg/xlog/log.go:127.2,129.17 3 2
github.com/douyu/jupiter/pkg/xlog/log.go:142.2,147.37 2 2
github.com/douyu/jupiter/pkg/xlog/log.go:93.22,95.3 1 0
github.com/douyu/jupiter/pkg/xlog/log.go:96.28,98.3 1 0
github.com/douyu/jupiter/pkg/xlog/log.go:103.18,105.3 1 2
github.com/douyu/jupiter/pkg/xlog/log.go:105.8,107.3 1 0
github.com/douyu/jupiter/pkg/xlog/log.go:109.18,115.48 2 0
github.com/douyu/jupiter/pkg/xlog/log.go:115.48,115.65 1 0
github.com/douyu/jupiter/pkg/xlog/log.go:119.63,120.13 1 0
github.com/douyu/jupiter/pkg/xlog/log.go:129.17,131.27 1 2
github.com/douyu/jupiter/pkg/xlog/log.go:131.27,132.51 1 2
github.com/douyu/jupiter/pkg/xlog/log.go:135.5,135.49 1 0
github.com/douyu/jupiter/pkg/xlog/log.go:132.51,134.6 1 2
github.com/douyu/jupiter/pkg/xlog/log.go:151.48,165.2 1 2
github.com/douyu/jupiter/pkg/xlog/log.go:168.76,170.12 2 14
github.com/douyu/jupiter/pkg/xlog/log.go:181.2,181.48 1 14
github.com/douyu/jupiter/pkg/xlog/log.go:171.26,172.30 1 0
github.com/douyu/jupiter/pkg/xlog/log.go:173.25,174.31 1 14
github.com/douyu/jupiter/pkg/xlog/log.go:175.25,176.32 1 0
github.com/douyu/jupiter/pkg/xlog/log.go:177.75,178.29 1 0
github.com/douyu/jupiter/pkg/xlog/log.go:179.10,179.10 0 0
github.com/douyu/jupiter/pkg/xlog/log.go:184.66,186.2 1 14
github.com/douyu/jupiter/test/e2e/server/xecho.go:27.52,30.27 2 1
github.com/douyu/jupiter/test/e2e/server/xecho.go:44.2,44.26 1 1
github.com/douyu/jupiter/test/e2e/server/xecho.go:48.2,48.62 1 1
github.com/douyu/jupiter/test/e2e/server/xecho.go:30.27,32.46 2 1
github.com/douyu/jupiter/test/e2e/server/xecho.go:35.3,35.13 1 1
github.com/douyu/jupiter/test/e2e/server/xecho.go:41.3,41.26 1 1
github.com/douyu/jupiter/test/e2e/server/xecho.go:32.46,34.4 1 1
github.com/douyu/jupiter/test/e2e/server/xecho.go:35.13,37.18 2 1
github.com/douyu/jupiter/test/e2e/server/xecho.go:37.18,38.15 1 0
github.com/douyu/jupiter/test/e2e/server/xecho.go:44.26,46.3 1 1
github.com/douyu/jupiter/test/e2e/server/xecho.go:48.62,50.3 1 1
github.com/douyu/jupiter/pkg/conf/init.go:27.13,28.149 1 1
github.com/douyu/jupiter/pkg/conf/init.go:33.2,33.123 1 1
github.com/douyu/jupiter/pkg/conf/init.go:50.2,50.157 1 1
github.com/douyu/jupiter/pkg/conf/init.go:54.2,54.218 1 1
github.com/douyu/jupiter/pkg/conf/init.go:58.2,58.182 1 1
github.com/douyu/jupiter/pkg/conf/init.go:28.149,31.3 2 0
github.com/douyu/jupiter/pkg/conf/init.go:33.123,39.17 5 0
github.com/douyu/jupiter/pkg/conf/init.go:42.3,42.72 1 0
github.com/douyu/jupiter/pkg/conf/init.go:45.3,47.40 2 0
github.com/douyu/jupiter/pkg/conf/init.go:39.17,41.4 1 0
github.com/douyu/jupiter/pkg/conf/init.go:42.72,44.4 1 0
github.com/douyu/jupiter/pkg/conf/init.go:50.157,52.3 1 0
github.com/douyu/jupiter/pkg/conf/init.go:54.218,56.3 1 0
github.com/douyu/jupiter/pkg/conf/init.go:58.182,60.3 1 0
github.com/douyu/jupiter/pkg/core/constant/config.go:12.38,13.24 1 0
github.com/douyu/jupiter/pkg/core/constant/config.go:17.2,17.52 1 0
github.com/douyu/jupiter/pkg/core/constant/config.go:13.24,15.3 1 0
github.com/douyu/jupiter/pkg/core/constant/config.go:20.37,22.2 1 0
github.com/douyu/jupiter/pkg/core/constant/config.go:24.31,26.2 1 0
github.com/douyu/jupiter/pkg/util/xstring/string.go:28.43,30.16 2 0
github.com/douyu/jupiter/pkg/util/xstring/string.go:34.2,36.16 3 0
github.com/douyu/jupiter/pkg/util/xstring/string.go:40.2,44.36 4 0
github.com/douyu/jupiter/pkg/util/xstring/string.go:30.16,32.3 1 0
github.com/douyu/jupiter/pkg/util/xstring/string.go:36.16,38.3 1 0
github.com/douyu/jupiter/pkg/util/xstring/string.go:48.43,50.16 2 0
github.com/douyu/jupiter/pkg/util/xstring/string.go:53.2,53.18 1 0
github.com/douyu/jupiter/pkg/util/xstring/string.go:56.2,56.94 1 0
github.com/douyu/jupiter/pkg/util/xstring/string.go:50.16,52.3 1 0
github.com/douyu/jupiter/pkg/util/xstring/string.go:53.18,55.3 1 0
github.com/douyu/jupiter/pkg/util/xstring/string.go:63.37,65.25 2 0
github.com/douyu/jupiter/pkg/util/xstring/string.go:70.2,70.21 1 0
github.com/douyu/jupiter/pkg/util/xstring/string.go:65.25,66.16 1 0
github.com/douyu/jupiter/pkg/util/xstring/string.go:66.16,68.4 1 0
github.com/douyu/jupiter/pkg/util/xstring/string.go:73.63,74.31 1 0
github.com/douyu/jupiter/pkg/util/xstring/string.go:80.2,80.11 1 0
github.com/douyu/jupiter/pkg/util/xstring/string.go:74.31,75.20 1 0
github.com/douyu/jupiter/pkg/util/xstring/string.go:75.20,78.4 2 0
github.com/douyu/jupiter/pkg/util/xstring/string.go:84.33,85.25 1 0
github.com/douyu/jupiter/pkg/util/xstring/string.go:91.2,91.14 1 0
github.com/douyu/jupiter/pkg/util/xstring/string.go:85.25,86.16 1 0
github.com/douyu/jupiter/pkg/util/xstring/string.go:86.16,88.4 1 0
github.com/douyu/jupiter/pkg/util/xstring/string.go:94.58,95.25 1 0
github.com/douyu/jupiter/pkg/util/xstring/string.go:100.2,100.14 1 0
github.com/douyu/jupiter/pkg/util/xstring/string.go:95.25,96.17 1 0
github.com/douyu/jupiter/pkg/util/xstring/string.go:96.17,98.4 1 0
github.com/douyu/jupiter/pkg/util/xstring/string.go:103.58,104.18 1 0
github.com/douyu/jupiter/pkg/util/xstring/string.go:107.2,107.25 1 0
github.com/douyu/jupiter/pkg/util/xstring/string.go:112.2,112.13 1 0
github.com/douyu/jupiter/pkg/util/xstring/string.go:104.18,106.3 1 0
github.com/douyu/jupiter/pkg/util/xstring/string.go:107.25,108.18 1 0
github.com/douyu/jupiter/pkg/util/xstring/string.go:108.18,110.4 1 0
github.com/douyu/jupiter/pkg/util/xstring/string.go:116.45,117.17 1 0
github.com/douyu/jupiter/pkg/util/xstring/string.go:121.2,121.22 1 0
github.com/douyu/jupiter/pkg/util/xstring/string.go:117.17,119.3 1 0
github.com/douyu/jupiter/pkg/util/xstring/string.go:125.33,126.17 1 0
github.com/douyu/jupiter/pkg/util/xstring/string.go:129.2,129.11 1 0
github.com/douyu/jupiter/pkg/util/xstring/string.go:126.17,128.3 1 0
github.com/douyu/jupiter/pkg/util/xstring/string.go:133.43,134.17 1 0
github.com/douyu/jupiter/pkg/util/xstring/string.go:137.2,137.17 1 0
github.com/douyu/jupiter/pkg/util/xstring/string.go:140.2,140.8 1 0
github.com/douyu/jupiter/pkg/util/xstring/string.go:134.17,136.3 1 0
github.com/douyu/jupiter/pkg/util/xstring/string.go:137.17,139.3 1 0
github.com/douyu/jupiter/pkg/util/xstring/string.go:144.47,145.17 1 0
github.com/douyu/jupiter/pkg/util/xstring/string.go:148.2,148.17 1 0
github.com/douyu/jupiter/pkg/util/xstring/string.go:151.2,151.17 1 0
github.com/douyu/jupiter/pkg/util/xstring/string.go:154.2,154.8 1 0
github.com/douyu/jupiter/pkg/util/xstring/string.go:145.17,147.3 1 0
github.com/douyu/jupiter/pkg/util/xstring/string.go:148.17,150.3 1 0
github.com/douyu/jupiter/pkg/util/xstring/string.go:151.17,153.3 1 0
github.com/douyu/jupiter/pkg/util/xstring/string.go:158.51,159.17 1 0
github.com/douyu/jupiter/pkg/util/xstring/string.go:162.2,162.17 1 0
github.com/douyu/jupiter/pkg/util/xstring/string.go:165.2,165.17 1 0
github.com/douyu/jupiter/pkg/util/xstring/string.go:168.2,168.17 1 0
github.com/douyu/jupiter/pkg/util/xstring/string.go:171.2,171.8 1 0
github.com/douyu/jupiter/pkg/util/xstring/string.go:159.17,161.3 1 0
github.com/douyu/jupiter/pkg/util/xstring/string.go:162.17,164.3 1 0
github.com/douyu/jupiter/pkg/util/xstring/string.go:165.17,167.3 1 0
github.com/douyu/jupiter/pkg/util/xstring/string.go:168.17,170.3 1 0
github.com/douyu/jupiter/pkg/util/xstring/string.go:175.44,177.2 1 0
github.com/douyu/jupiter/pkg/util/xstring/string.go:179.34,181.2 1 0
github.com/douyu/jupiter/pkg/util/xstring/string.go:183.47,184.25 1 0
github.com/douyu/jupiter/pkg/util/xstring/string.go:189.2,189.11 1 0
github.com/douyu/jupiter/pkg/util/xstring/string.go:184.25,185.15 1 0
github.com/douyu/jupiter/pkg/util/xstring/string.go:185.15,187.4 1 0
github.com/douyu/jupiter/pkg/util/xstring/string.go:192.46,194.2 1 0
github.com/douyu/jupiter/pkg/util/xstring/string.go:196.31,199.32 3 0
github.com/douyu/jupiter/pkg/util/xstring/string.go:204.2,204.20 1 0
github.com/douyu/jupiter/pkg/util/xstring/string.go:199.32,203.3 3 0
github.com/douyu/jupiter/test/e2e/server/xgin.go:27.51,30.27 2 1
github.com/douyu/jupiter/test/e2e/server/xgin.go:44.2,44.26 1 1
github.com/douyu/jupiter/test/e2e/server/xgin.go:48.2,48.60 1 1
github.com/douyu/jupiter/test/e2e/server/xgin.go:30.27,32.44 2 1
github.com/douyu/jupiter/test/e2e/server/xgin.go:35.3,35.13 1 1
github.com/douyu/jupiter/test/e2e/server/xgin.go:41.3,41.26 1 1
github.com/douyu/jupiter/test/e2e/server/xgin.go:32.44,34.4 1 1
github.com/douyu/jupiter/test/e2e/server/xgin.go:35.13,37.18 2 1
github.com/douyu/jupiter/test/e2e/server/xgin.go:37.18,38.15 1 0
github.com/douyu/jupiter/test/e2e/server/xgin.go:44.26,46.3 1 1
github.com/douyu/jupiter/test/e2e/server/xgin.go:48.60,50.3 1 1
github.com/douyu/jupiter/pkg/server/xfasthttp/server.go:38.49,45.22 2 1
github.com/douyu/jupiter/pkg/server/xfasthttp/server.go:64.2,66.16 2 1
github.com/douyu/jupiter/pkg/server/xfasthttp/server.go:70.2,82.8 2 1
github.com/douyu/jupiter/pkg/server/xfasthttp/server.go:45.22,47.17 2 0
github.com/douyu/jupiter/pkg/server/xfasthttp/server.go:51.3,52.17 2 0
github.com/douyu/jupiter/pkg/server/xfasthttp/server.go:56.3,58.78 2 0
github.com/douyu/jupiter/pkg/server/xfasthttp/server.go:47.17,49.4 1 0
github.com/douyu/jupiter/pkg/server/xfasthttp/server.go:52.17,54.4 1 0
github.com/douyu/jupiter/pkg/server/xfasthttp/server.go:58.78,60.4 1 0
github.com/douyu/jupiter/pkg/server/xfasthttp/server.go:66.16,69.3 1 0
github.com/douyu/jupiter/pkg/server/xfasthttp/server.go:85.33,87.2 1 0
github.com/douyu/jupiter/pkg/server/xfasthttp/server.go:90.32,95.24 3 1
github.com/douyu/jupiter/pkg/server/xfasthttp/server.go:101.2,101.33 1 1
github.com/douyu/jupiter/pkg/server/xfasthttp/server.go:104.2,105.12 2 0
github.com/douyu/jupiter/pkg/server/xfasthttp/server.go:95.24,97.3 1 0
github.com/douyu/jupiter/pkg/server/xfasthttp/server.go:97.8,99.3 1 1
github.com/douyu/jupiter/pkg/server/xfasthttp/server.go:101.33,103.3 1 1
github.com/douyu/jupiter/pkg/server/xfasthttp/server.go:110.31,112.2 1 1
github.com/douyu/jupiter/pkg/server/xfasthttp/server.go:116.58,118.2 1 0
github.com/douyu/jupiter/pkg/server/xfasthttp/server.go:121.45,123.35 2 0
github.com/douyu/jupiter/pkg/server/xfasthttp/server.go:127.2,133.14 2 0
github.com/douyu/jupiter/pkg/server/xfasthttp/server.go:123.35,125.3 1 0
github.com/douyu/jupiter/pkg/client/etcdv3/client.go:42.49,49.24 2 0
github.com/douyu/jupiter/pkg/client/etcdv3/client.go:56.2,68.29 3 0
github.com/douyu/jupiter/pkg/client/etcdv3/client.go:72.2,72.20 1 0
github.com/douyu/jupiter/pkg/client/etcdv3/client.go:76.2,76.22 1 0
github.com/douyu/jupiter/pkg/client/etcdv3/client.go:81.2,86.25 3 0
github.com/douyu/jupiter/pkg/client/etcdv3/client.go:101.2,101.51 1 0
github.com/douyu/jupiter/pkg/client/etcdv3/client.go:110.2,110.16 1 0
github.com/douyu/jupiter/pkg/client/etcdv3/client.go:114.2,116.16 2 0
github.com/douyu/jupiter/pkg/client/etcdv3/client.go:121.2,127.16 3 0
github.com/douyu/jupiter/pkg/client/etcdv3/client.go:49.24,54.3 1 0
github.com/douyu/jupiter/pkg/client/etcdv3/client.go:68.29,70.3 1 0
github.com/douyu/jupiter/pkg/client/etcdv3/client.go:72.20,74.3 1 0
github.com/douyu/jupiter/pkg/client/etcdv3/client.go:76.22,79.3 2 0
github.com/douyu/jupiter/pkg/client/etcdv3/client.go:86.25,88.17 2 0
github.com/douyu/jupiter/pkg/client/etcdv3/client.go:92.3,95.9 3 0
github.com/douyu/jupiter/pkg/client/etcdv3/client.go:98.3,98.20 1 0
github.com/douyu/jupiter/pkg/client/etcdv3/client.go:88.17,90.4 1 0
github.com/douyu/jupiter/pkg/client/etcdv3/client.go:95.9,97.4 1 0
github.com/douyu/jupiter/pkg/client/etcdv3/client.go:101.51,103.17 2 0
github.com/douyu/jupiter/pkg/client/etcdv3/client.go:106.3,107.20 2 0
github.com/douyu/jupiter/pkg/client/etcdv3/client.go:103.17,105.4 1 0
github.com/douyu/jupiter/pkg/client/etcdv3/client.go:110.16,112.3 1 0
github.com/douyu/jupiter/pkg/client/etcdv3/client.go:116.16,119.3 2 0
github.com/douyu/jupiter/pkg/client/etcdv3/client.go:131.101,133.16 2 0
github.com/douyu/jupiter/pkg/client/etcdv3/client.go:137.2,137.21 1 0
github.com/douyu/jupiter/pkg/client/etcdv3/client.go:141.2,141.8 1 0
github.com/douyu/jupiter/pkg/client/etcdv3/client.go:133.16,135.3 1 0
github.com/douyu/jupiter/pkg/client/etcdv3/client.go:137.21,139.3 1 0
github.com/douyu/jupiter/pkg/client/etcdv3/client.go:145.96,151.16 3 0
github.com/douyu/jupiter/pkg/client/etcdv3/client.go:155.2,155.30 1 0
github.com/douyu/jupiter/pkg/client/etcdv3/client.go:159.2,159.18 1 0
github.com/douyu/jupiter/pkg/client/etcdv3/client.go:151.16,153.3 1 0
github.com/douyu/jupiter/pkg/client/etcdv3/client.go:155.30,157.3 1 0
github.com/douyu/jupiter/pkg/client/etcdv3/client.go:163.96,165.16 2 0
github.com/douyu/jupiter/pkg/client/etcdv3/client.go:168.2,168.26 1 0
github.com/douyu/jupiter/pkg/client/etcdv3/client.go:165.16,167.3 1 0
github.com/douyu/jupiter/pkg/client/etcdv3/client.go:172.97,180.36 2 0
github.com/douyu/jupiter/pkg/client/etcdv3/client.go:212.2,213.28 2 0
github.com/douyu/jupiter/pkg/client/etcdv3/client.go:225.2,225.18 1 0
github.com/douyu/jupiter/pkg/client/etcdv3/client.go:180.36,183.25 2 0
github.com/douyu/jupiter/pkg/client/etcdv3/client.go:190.3,191.17 2 0
github.com/douyu/jupiter/pkg/client/etcdv3/client.go:194.3,194.38 1 0
github.com/douyu/jupiter/pkg/client/etcdv3/client.go:207.3,207.25 1 0
github.com/douyu/jupiter/pkg/client/etcdv3/client.go:210.3,210.13 1 0
github.com/douyu/jupiter/pkg/client/etcdv3/client.go:183.25,188.4 1 0
github.com/douyu/jupiter/pkg/client/etcdv3/client.go:191.17,193.4 1 0
github.com/douyu/jupiter/pkg/client/etcdv3/client.go:194.38,197.47 3 0
github.com/douyu/jupiter/pkg/client/etcdv3/client.go:200.4,200.48 1 0
github.com/douyu/jupiter/pkg/client/etcdv3/client.go:197.47,199.5 1 0
github.com/douyu/jupiter/pkg/client/etcdv3/client.go:200.48,202.63 2 0
github.com/douyu/jupiter/pkg/client/etcdv3/client.go:202.63,204.6 1 0
github.com/douyu/jupiter/pkg/client/etcdv3/client.go:207.25,209.4 1 0
github.com/douyu/jupiter/pkg/client/etcdv3/client.go:213.28,214.35 1 0
github.com/douyu/jupiter/pkg/client/etcdv3/client.go:215.14,216.69 1 0
github.com/douyu/jupiter/pkg/client/etcdv3/client.go:219.13,220.52 1 0
github.com/douyu/jupiter/pkg/client/etcdv3/client.go:216.69,218.5 1 0
github.com/douyu/jupiter/pkg/client/etcdv3/client.go:220.52,222.5 1 0
github.com/douyu/jupiter/pkg/client/etcdv3/client.go:229.142,231.2 1 0
github.com/douyu/jupiter/pkg/client/etcdv3/watch.go:39.42,41.2 1 0
github.com/douyu/jupiter/pkg/client/etcdv3/watch.go:44.57,46.2 1 0
github.com/douyu/jupiter/pkg/client/etcdv3/watch.go:49.87,51.16 2 0
github.com/douyu/jupiter/pkg/client/etcdv3/watch.go:56.2,64.16 3 0
github.com/douyu/jupiter/pkg/client/etcdv3/watch.go:98.2,98.15 1 0
github.com/douyu/jupiter/pkg/client/etcdv3/watch.go:51.16,54.3 2 0
github.com/douyu/jupiter/pkg/client/etcdv3/watch.go:64.16,68.7 4 0
github.com/douyu/jupiter/pkg/client/etcdv3/watch.go:68.7,69.23 1 0
github.com/douyu/jupiter/pkg/client/etcdv3/watch.go:88.4,90.22 3 0
github.com/douyu/jupiter/pkg/client/etcdv3/watch.go:69.23,70.39 1 0
github.com/douyu/jupiter/pkg/client/etcdv3/watch.go:73.5,73.44 1 0
github.com/douyu/jupiter/pkg/client/etcdv3/watch.go:76.5,76.35 1 0
github.com/douyu/jupiter/pkg/client/etcdv3/watch.go:80.5,80.33 1 0
github.com/douyu/jupiter/pkg/client/etcdv3/watch.go:70.39,72.6 1 0
github.com/douyu/jupiter/pkg/client/etcdv3/watch.go:73.44,75.6 1 0
github.com/douyu/jupiter/pkg/client/etcdv3/watch.go:76.35,78.14 2 0
github.com/douyu/jupiter/pkg/client/etcdv3/watch.go:80.33,81.13 1 0
github.com/douyu/jupiter/pkg/client/etcdv3/watch.go:82.29,82.29 0 0
github.com/douyu/jupiter/pkg/client/etcdv3/watch.go:83.14,84.110 1 0
github.com/douyu/jupiter/pkg/client/etcdv3/watch.go:90.22,92.5 1 0
github.com/douyu/jupiter/pkg/client/etcdv3/watch.go:92.10,94.5 1 0
github.com/douyu/jupiter/pkg/client/etcdv3/watch.go:102.31,103.21 1 0
github.com/douyu/jupiter/pkg/client/etcdv3/watch.go:106.2,106.12 1 0
github.com/douyu/jupiter/pkg/client/etcdv3/watch.go:103.21,105.3 1 0
github.com/douyu/jupiter/pkg/server/xgoframe/config.go:47.30,55.2 1 1
github.com/douyu/jupiter/pkg/server/xgoframe/config.go:58.37,60.2 1 0
github.com/douyu/jupiter/pkg/server/xgoframe/config.go:63.36,66.43 2 0
github.com/douyu/jupiter/pkg/server/xgoframe/config.go:69.2,69.15 1 0
github.com/douyu/jupiter/pkg/server/xgoframe/config.go:66.43,68.3 1 0
github.com/douyu/jupiter/pkg/server/xgoframe/config.go:73.63,76.2 2 0
github.com/douyu/jupiter/pkg/server/xgoframe/config.go:79.53,82.2 2 0
github.com/douyu/jupiter/pkg/server/xgoframe/config.go:85.50,88.2 2 0
github.com/douyu/jupiter/pkg/server/xgoframe/config.go:91.39,96.27 3 1
github.com/douyu/jupiter/pkg/server/xgoframe/config.go:99.2,99.26 1 1
github.com/douyu/jupiter/pkg/server/xgoframe/config.go:102.2,102.14 1 1
github.com/douyu/jupiter/pkg/server/xgoframe/config.go:96.27,98.3 1 1
github.com/douyu/jupiter/pkg/server/xgoframe/config.go:99.26,101.3 1 1
github.com/douyu/jupiter/pkg/server/xgoframe/config.go:106.40,108.2 1 1
github.com/douyu/jupiter/pkg/server/xgoframe/server.go:36.40,45.2 6 1
github.com/douyu/jupiter/pkg/server/xgoframe/server.go:48.32,51.35 2 1
github.com/douyu/jupiter/pkg/server/xgoframe/server.go:54.2,56.12 2 1
github.com/douyu/jupiter/pkg/server/xgoframe/server.go:51.35,53.3 1 4
github.com/douyu/jupiter/pkg/server/xgoframe/server.go:60.31,62.2 1 1
github.com/douyu/jupiter/pkg/server/xgoframe/server.go:65.58,67.2 1 0
github.com/douyu/jupiter/pkg/server/xgoframe/server.go:70.45,72.35 2 0
github.com/douyu/jupiter/pkg/server/xgoframe/server.go:76.2,81.14 2 0
github.com/douyu/jupiter/pkg/server/xgoframe/server.go:72.35,74.3 1 0
github.com/douyu/jupiter/pkg/server/xgoframe/server.go:86.33,88.2 1 0
github.com/douyu/jupiter/pkg/flag/flag.go:29.13,38.2 1 1
github.com/douyu/jupiter/pkg/flag/flag.go:57.27,59.2 1 6
github.com/douyu/jupiter/pkg/flag/flag.go:62.44,64.2 1 6
github.com/douyu/jupiter/pkg/flag/flag.go:67.23,67.46 1 0
github.com/douyu/jupiter/pkg/flag/flag.go:70.40,72.2 1 0
github.com/douyu/jupiter/pkg/flag/flag.go:75.20,77.2 1 0
github.com/douyu/jupiter/pkg/flag/flag.go:81.51,83.17 2 6
github.com/douyu/jupiter/pkg/flag/flag.go:93.2,93.13 1 6
github.com/douyu/jupiter/pkg/flag/flag.go:83.17,84.32 1 0
github.com/douyu/jupiter/pkg/flag/flag.go:89.3,89.32 1 0
github.com/douyu/jupiter/pkg/flag/flag.go:84.32,85.40 1 0
github.com/douyu/jupiter/pkg/flag/flag.go:85.40,87.5 1 0
github.com/douyu/jupiter/pkg/flag/flag.go:89.32,91.4 1 0
github.com/douyu/jupiter/pkg/flag/flag.go:97.34,98.17 1 0
github.com/douyu/jupiter/pkg/flag/flag.go:101.2,101.29 1 0
github.com/douyu/jupiter/pkg/flag/flag.go:105.2,105.54 1 0
github.com/douyu/jupiter/pkg/flag/flag.go:109.2,109.38 1 0
github.com/douyu/jupiter/pkg/flag/flag.go:119.2,119.12 1 0
github.com/douyu/jupiter/pkg/flag/flag.go:98.17,100.3 1 0
github.com/douyu/jupiter/pkg/flag/flag.go:101.29,103.3 1 0
github.com/douyu/jupiter/pkg/flag/flag.go:105.54,107.3 1 0
github.com/douyu/jupiter/pkg/flag/flag.go:109.38,111.60 1 0
github.com/douyu/jupiter/pkg/flag/flag.go:114.3,114.41 1 0
github.com/douyu/jupiter/pkg/flag/flag.go:111.60,113.4 1 0
github.com/douyu/jupiter/pkg/flag/flag.go:114.41,116.4 1 0
github.com/douyu/jupiter/pkg/flag/flag.go:123.39,123.69 1 0
github.com/douyu/jupiter/pkg/flag/flag.go:126.53,128.17 2 0
github.com/douyu/jupiter/pkg/flag/flag.go:132.2,132.59 1 0
github.com/douyu/jupiter/pkg/flag/flag.go:128.17,130.3 1 0
github.com/douyu/jupiter/pkg/flag/flag.go:136.29,136.58 1 0
github.com/douyu/jupiter/pkg/flag/flag.go:139.43,142.2 2 0
github.com/douyu/jupiter/pkg/flag/flag.go:145.43,145.75 1 0
github.com/douyu/jupiter/pkg/flag/flag.go:148.57,150.17 2 6
github.com/douyu/jupiter/pkg/flag/flag.go:154.2,154.56 1 6
github.com/douyu/jupiter/pkg/flag/flag.go:150.17,152.3 1 0
github.com/douyu/jupiter/pkg/flag/flag.go:158.33,158.64 1 6
github.com/douyu/jupiter/pkg/flag/flag.go:161.47,164.2 2 6
github.com/douyu/jupiter/pkg/flag/flag.go:167.39,167.68 1 0
github.com/douyu/jupiter/pkg/flag/flag.go:170.53,172.17 2 0
github.com/douyu/jupiter/pkg/flag/flag.go:176.2,176.55 1 0
github.com/douyu/jupiter/pkg/flag/flag.go:172.17,174.3 1 0
github.com/douyu/jupiter/pkg/flag/flag.go:180.29,180.57 1 0
github.com/douyu/jupiter/pkg/flag/flag.go:183.43,186.2 2 0
github.com/douyu/jupiter/pkg/flag/flag.go:189.41,189.71 1 0
github.com/douyu/jupiter/pkg/flag/flag.go:192.55,194.17 2 0
github.com/douyu/jupiter/pkg/flag/flag.go:198.2,198.55 1 0
github.com/douyu/jupiter/pkg/flag/flag.go:194.17,196.3 1 0
github.com/douyu/jupiter/pkg/flag/flag.go:202.31,202.60 1 0
github.com/douyu/jupiter/pkg/flag/flag.go:205.45,208.2 2 0
github.com/douyu/jupiter/pkg/flag/flag.go:211.45,211.78 1 0
github.com/douyu/jupiter/pkg/flag/flag.go:214.59,216.17 2 0
github.com/douyu/jupiter/pkg/flag/flag.go:220.2,220.57 1 0
github.com/douyu/jupiter/pkg/flag/flag.go:216.17,218.3 1 0
github.com/douyu/jupiter/pkg/flag/flag.go:224.35,224.67 1 0
github.com/douyu/jupiter/pkg/flag/flag.go:227.49,230.2 2 0
github.com/douyu/jupiter/pkg/flag/flag.go:243.40,244.51 1 0
github.com/douyu/jupiter/pkg/flag/flag.go:244.51,246.24 2 0
github.com/douyu/jupiter/pkg/flag/flag.go:252.3,253.44 2 0
github.com/douyu/jupiter/pkg/flag/flag.go:246.24,248.4 1 0
github.com/douyu/jupiter/pkg/flag/flag.go:248.9,250.4 1 0
github.com/douyu/jupiter/pkg/flag/flag.go:269.42,270.51 1 0
github.com/douyu/jupiter/pkg/flag/flag.go:270.51,272.24 2 0
github.com/douyu/jupiter/pkg/flag/flag.go:277.3,278.44 2 0
github.com/douyu/jupiter/pkg/flag/flag.go:272.24,274.4 1 0
github.com/douyu/jupiter/pkg/flag/flag.go:274.9,276.4 1 0
github.com/douyu/jupiter/pkg/flag/flag.go:292.39,293.51 1 0
github.com/douyu/jupiter/pkg/flag/flag.go:293.51,295.24 2 0
github.com/douyu/jupiter/pkg/flag/flag.go:300.3,300.32 1 0
github.com/douyu/jupiter/pkg/flag/flag.go:295.24,297.4 1 0
github.com/douyu/jupiter/pkg/flag/flag.go:297.9,299.4 1 0
github.com/douyu/jupiter/pkg/flag/flag.go:314.40,315.51 1 0
github.com/douyu/jupiter/pkg/flag/flag.go:315.51,317.24 2 0
github.com/douyu/jupiter/pkg/flag/flag.go:322.3,322.32 1 0
github.com/douyu/jupiter/pkg/flag/flag.go:317.24,319.4 1 0
github.com/douyu/jupiter/pkg/flag/flag.go:319.9,321.4 1 0
github.com/douyu/jupiter/pkg/flag/flag.go:336.43,337.51 1 0
github.com/douyu/jupiter/pkg/flag/flag.go:337.51,339.24 2 0
github.com/douyu/jupiter/pkg/flag/flag.go:344.3,344.32 1 0
github.com/douyu/jupiter/pkg/flag/flag.go:339.24,341.4 1 0
github.com/douyu/jupiter/pkg/flag/flag.go:341.9,343.4 1 0
github.com/douyu/jupiter/pkg/util/xcast/cast.go:11.42,14.2 2 0
github.com/douyu/jupiter/pkg/util/xcast/cast.go:17.52,18.14 1 0
github.com/douyu/jupiter/pkg/util/xcast/cast.go:22.2,22.23 1 0
github.com/douyu/jupiter/pkg/util/xcast/cast.go:27.2,28.14 2 0
github.com/douyu/jupiter/pkg/util/xcast/cast.go:18.14,20.3 1 0
github.com/douyu/jupiter/pkg/util/xcast/cast.go:23.15,24.16 1 0
github.com/douyu/jupiter/pkg/util/xcast/cast.go:29.36,32.32 3 0
github.com/douyu/jupiter/pkg/util/xcast/cast.go:39.3,39.16 1 0
github.com/douyu/jupiter/pkg/util/xcast/cast.go:40.10,41.79 1 0
github.com/douyu/jupiter/pkg/util/xcast/cast.go:32.32,34.18 2 0
github.com/douyu/jupiter/pkg/util/xcast/cast.go:37.4,37.14 1 0
github.com/douyu/jupiter/pkg/util/xcast/cast.go:34.18,36.5 1 0
github.com/douyu/jupiter/pkg/conf/datasource.go:29.61,31.2 1 0
github.com/douyu/jupiter/pkg/conf/datasource.go:43.59,44.22 1 0
github.com/douyu/jupiter/pkg/conf/datasource.go:47.2,48.16 2 0
github.com/douyu/jupiter/pkg/conf/datasource.go:52.2,53.18 2 0
github.com/douyu/jupiter/pkg/conf/datasource.go:57.2,58.12 2 0
github.com/douyu/jupiter/pkg/conf/datasource.go:61.2,61.27 1 0
github.com/douyu/jupiter/pkg/conf/datasource.go:44.22,46.3 1 0
github.com/douyu/jupiter/pkg/conf/datasource.go:48.16,50.3 1 0
github.com/douyu/jupiter/pkg/conf/datasource.go:53.18,55.3 1 0
github.com/douyu/jupiter/pkg/conf/datasource.go:58.12,60.3 1 0
github.com/douyu/jupiter/pkg/xlog/rotate/lumberjack_linux.go:145.26,152.2 3 0
github.com/douyu/jupiter/pkg/xlog/rotate/lumberjack_linux.go:194.26,196.3 1 0
github.com/douyu/jupiter/pkg/xlog/rotate/lumberjack_linux.go:201.24,204.6 2 0
github.com/douyu/jupiter/pkg/xlog/rotate/lumberjack_linux.go:204.6,205.10 1 0
github.com/douyu/jupiter/pkg/xlog/rotate/lumberjack_linux.go:206.23,207.44 1 0
github.com/douyu/jupiter/pkg/xlog/rotate/lumberjack_linux.go:210.4,210.27 1 0
github.com/douyu/jupiter/pkg/xlog/rotate/lumberjack_linux.go:207.44,208.15 1 0
github.com/douyu/jupiter/pkg/xlog/rotate/lumberjack_linux.go:219.53,225.24 4 0
github.com/douyu/jupiter/pkg/xlog/rotate/lumberjack_linux.go:231.2,231.19 1 0
github.com/douyu/jupiter/pkg/xlog/rotate/lumberjack_linux.go:237.2,237.31 1 0
github.com/douyu/jupiter/pkg/xlog/rotate/lumberjack_linux.go:243.2,243.20 1 0
github.com/douyu/jupiter/pkg/xlog/rotate/lumberjack_linux.go:253.2,256.15 3 0
github.com/douyu/jupiter/pkg/xlog/rotate/lumberjack_linux.go:225.24,229.3 1 0
github.com/douyu/jupiter/pkg/xlog/rotate/lumberjack_linux.go:231.19,232.52 1 0
github.com/douyu/jupiter/pkg/xlog/rotate/lumberjack_linux.go:232.52,234.4 1 0
github.com/douyu/jupiter/pkg/xlog/rotate/lumberjack_linux.go:237.31,238.36 1 0
github.com/douyu/jupiter/pkg/xlog/rotate/lumberjack_linux.go:238.36,240.4 1 0
github.com/douyu/jupiter/pkg/xlog/rotate/lumberjack_linux.go:243.20,246.29 2 0
github.com/douyu/jupiter/pkg/xlog/rotate/lumberjack_linux.go:246.29,247.37 1 0
github.com/douyu/jupiter/pkg/xlog/rotate/lumberjack_linux.go:247.37,249.5 1 0
github.com/douyu/jupiter/pkg/xlog/rotate/lumberjack_linux.go:260.32,264.2 3 0
github.com/douyu/jupiter/pkg/xlog/rotate/lumberjack_linux.go:267.32,268.19 1 0
github.com/douyu/jupiter/pkg/xlog/rotate/lumberjack_linux.go:271.2,273.12 3 0
github.com/douyu/jupiter/pkg/xlog/rotate/lumberjack_linux.go:268.19,270.3 1 0
github.com/douyu/jupiter/pkg/xlog/rotate/lumberjack_linux.go:281.33,285.2 3 0
github.com/douyu/jupiter/pkg/xlog/rotate/lumberjack_linux.go:290.33,291.34 1 0
github.com/douyu/jupiter/pkg/xlog/rotate/lumberjack_linux.go:294.2,294.36 1 0
github.com/douyu/jupiter/pkg/xlog/rotate/lumberjack_linux.go:297.2,298.12 2 0
github.com/douyu/jupiter/pkg/xlog/rotate/lumberjack_linux.go:291.34,293.3 1 0
github.com/douyu/jupiter/pkg/xlog/rotate/lumberjack_linux.go:294.36,296.3 1 0
github.com/douyu/jupiter/pkg/xlog/rotate/lumberjack_linux.go:303.34,305.16 2 0
github.com/douyu/jupiter/pkg/xlog/rotate/lumberjack_linux.go:309.2,312.16 4 0
github.com/douyu/jupiter/pkg/xlog/rotate/lumberjack_linux.go:330.2,331.16 2 0
github.com/douyu/jupiter/pkg/xlog/rotate/lumberjack_linux.go:334.2,337.12 4 0
github.com/douyu/jupiter/pkg/xlog/rotate/lumberjack_linux.go:305.16,307.3 1 0
github.com/douyu/jupiter/pkg/xlog/rotate/lumberjack_linux.go:312.16,317.50 3 0
github.com/douyu/jupiter/pkg/xlog/rotate/lumberjack_linux.go:322.3,322.43 1 0
github.com/douyu/jupiter/pkg/xlog/rotate/lumberjack_linux.go:317.50,319.4 1 0
github.com/douyu/jupiter/pkg/xlog/rotate/lumberjack_linux.go:322.43,324.4 1 0
github.com/douyu/jupiter/pkg/xlog/rotate/lumberjack_linux.go:331.16,333.3 1 0
github.com/douyu/jupiter/pkg/xlog/rotate/lumberjack_linux.go:343.49,349.12 6 0
github.com/douyu/jupiter/pkg/xlog/rotate/lumberjack_linux.go:353.2,354.75 2 0
github.com/douyu/jupiter/pkg/xlog/rotate/lumberjack_linux.go:349.12,351.3 1 0
github.com/douyu/jupiter/pkg/xlog/rotate/lumberjack_linux.go:360.56,365.24 4 0
github.com/douyu/jupiter/pkg/xlog/rotate/lumberjack_linux.go:368.2,368.16 1 0
github.com/douyu/jupiter/pkg/xlog/rotate/lumberjack_linux.go:372.2,372.44 1 0
github.com/douyu/jupiter/pkg/xlog/rotate/lumberjack_linux.go:376.2,377.16 2 0
github.com/douyu/jupiter/pkg/xlog/rotate/lumberjack_linux.go:382.2,384.40 3 0
github.com/douyu/jupiter/pkg/xlog/rotate/lumberjack_linux.go:388.2,388.12 1 0
github.com/douyu/jupiter/pkg/xlog/rotate/lumberjack_linux.go:365.24,367.3 1 0
github.com/douyu/jupiter/pkg/xlog/rotate/lumberjack_linux.go:368.16,370.3 1 0
github.com/douyu/jupiter/pkg/xlog/rotate/lumberjack_linux.go:372.44,374.3 1 0
github.com/douyu/jupiter/pkg/xlog/rotate/lumberjack_linux.go:377.16,381.3 1 0
github.com/douyu/jupiter/pkg/xlog/rotate/lumberjack_linux.go:384.40,386.3 1 0
github.com/douyu/jupiter/pkg/xlog/rotate/lumberjack_linux.go:391.46,393.16 2 0
github.com/douyu/jupiter/pkg/xlog/rotate/lumberjack_linux.go:397.2,398.68 2 0
github.com/douyu/jupiter/pkg/xlog/rotate/lumberjack_linux.go:393.16,395.3 1 0
github.com/douyu/jupiter/pkg/xlog/rotate/lumberjack_linux.go:402.36,403.22 1 0
github.com/douyu/jupiter/pkg/xlog/rotate/lumberjack_linux.go:406.2,407.42 2 0
github.com/douyu/jupiter/pkg/xlog/rotate/lumberjack_linux.go:403.22,405.3 1 0
github.com/douyu/jupiter/pkg/xlog/rotate/lumberjack_linux.go:414.38,415.55 1 0
github.com/douyu/jupiter/pkg/xlog/rotate/lumberjack_linux.go:419.2,420.16 2 0
github.com/douyu/jupiter/pkg/xlog/rotate/lumberjack_linux.go:424.2,426.51 2 0
github.com/douyu/jupiter/pkg/xlog/rotate/lumberjack_linux.go:444.2,444.18 1 0
github.com/douyu/jupiter/pkg/xlog/rotate/lumberjack_linux.go:459.2,459.16 1 0
github.com/douyu/jupiter/pkg/xlog/rotate/lumberjack_linux.go:467.2,467.27 1 0
github.com/douyu/jupiter/pkg/xlog/rotate/lumberjack_linux.go:473.2,473.29 1 0
github.com/douyu/jupiter/pkg/xlog/rotate/lumberjack_linux.go:481.2,481.12 1 0
github.com/douyu/jupiter/pkg/xlog/rotate/lumberjack_linux.go:415.55,417.3 1 0
github.com/douyu/jupiter/pkg/xlog/rotate/lumberjack_linux.go:420.16,422.3 1 0
github.com/douyu/jupiter/pkg/xlog/rotate/lumberjack_linux.go:426.51,429.27 3 0
github.com/douyu/jupiter/pkg/xlog/rotate/lumberjack_linux.go:442.3,442.20 1 0
github.com/douyu/jupiter/pkg/xlog/rotate/lumberjack_linux.go:429.27,436.37 4 0
github.com/douyu/jupiter/pkg/xlog/rotate/lumberjack_linux.go:436.37,438.5 1 0
github.com/douyu/jupiter/pkg/xlog/rotate/lumberjack_linux.go:438.10,440.5 1 0
github.com/douyu/jupiter/pkg/xlog/rotate/lumberjack_linux.go:444.18,449.27 4 0
github.com/douyu/jupiter/pkg/xlog/rotate/lumberjack_linux.go:456.3,456.20 1 0
github.com/douyu/jupiter/pkg/xlog/rotate/lumberjack_linux.go:449.27,450.34 1 0
github.com/douyu/jupiter/pkg/xlog/rotate/lumberjack_linux.go:450.34,452.5 1 0
github.com/douyu/jupiter/pkg/xlog/rotate/lumberjack_linux.go:452.10,454.5 1 0
github.com/douyu/jupiter/pkg/xlog/rotate/lumberjack_linux.go:459.16,460.27 1 0
github.com/douyu/jupiter/pkg/xlog/rotate/lumberjack_linux.go:460.27,461.52 1 0
github.com/douyu/jupiter/pkg/xlog/rotate/lumberjack_linux.go:461.52,463.5 1 0
github.com/douyu/jupiter/pkg/xlog/rotate/lumberjack_linux.go:467.27,469.37 2 0
github.com/douyu/jupiter/pkg/xlog/rotate/lumberjack_linux.go:469.37,471.4 1 0
github.com/douyu/jupiter/pkg/xlog/rotate/lumberjack_linux.go:473.29,476.39 3 0
github.com/douyu/jupiter/pkg/xlog/rotate/lumberjack_linux.go:476.39,478.4 1 0
github.com/douyu/jupiter/pkg/xlog/rotate/lumberjack_linux.go:486.28,487.21 1 0
github.com/douyu/jupiter/pkg/xlog/rotate/lumberjack_linux.go:487.21,490.3 1 0
github.com/douyu/jupiter/pkg/xlog/rotate/lumberjack_linux.go:495.25,496.24 1 0
github.com/douyu/jupiter/pkg/xlog/rotate/lumberjack_linux.go:500.2,500.9 1 0
github.com/douyu/jupiter/pkg/xlog/rotate/lumberjack_linux.go:496.24,499.3 2 0
github.com/douyu/jupiter/pkg/xlog/rotate/lumberjack_linux.go:501.24,501.24 0 0
github.com/douyu/jupiter/pkg/xlog/rotate/lumberjack_linux.go:502.10,502.10 0 0
github.com/douyu/jupiter/pkg/xlog/rotate/lumberjack_linux.go:508.51,510.16 2 0
github.com/douyu/jupiter/pkg/xlog/rotate/lumberjack_linux.go:513.2,517.26 3 0
github.com/douyu/jupiter/pkg/xlog/rotate/lumberjack_linux.go:529.2,531.22 2 0
github.com/douyu/jupiter/pkg/xlog/rotate/lumberjack_linux.go:510.16,512.3 1 0
github.com/douyu/jupiter/pkg/xlog/rotate/lumberjack_linux.go:517.26,518.16 1 0
github.com/douyu/jupiter/pkg/xlog/rotate/lumberjack_linux.go:521.3,521.66 1 0
github.com/douyu/jupiter/pkg/xlog/rotate/lumberjack_linux.go:518.16,519.12 1 0
github.com/douyu/jupiter/pkg/xlog/rotate/lumberjack_linux.go:521.66,523.12 2 0
github.com/douyu/jupiter/pkg/xlog/rotate/lumberjack_linux.go:537.80,538.28 1 0
github.com/douyu/jupiter/pkg/xlog/rotate/lumberjack_linux.go:541.2,541.46 1 0
github.com/douyu/jupiter/pkg/xlog/rotate/lumberjack_linux.go:544.2,545.50 2 0
github.com/douyu/jupiter/pkg/xlog/rotate/lumberjack_linux.go:550.2,550.41 1 0
github.com/douyu/jupiter/pkg/xlog/rotate/lumberjack_linux.go:538.28,540.3 1 0
github.com/douyu/jupiter/pkg/xlog/rotate/lumberjack_linux.go:541.46,543.3 1 0
github.com/douyu/jupiter/pkg/xlog/rotate/lumberjack_linux.go:545.50,547.3 1 0
github.com/douyu/jupiter/pkg/xlog/rotate/lumberjack_linux.go:547.8,549.3 1 0
github.com/douyu/jupiter/pkg/xlog/rotate/lumberjack_linux.go:554.30,555.20 1 0
github.com/douyu/jupiter/pkg/xlog/rotate/lumberjack_linux.go:558.2,558.43 1 0
github.com/douyu/jupiter/pkg/xlog/rotate/lumberjack_linux.go:555.20,557.3 1 0
github.com/douyu/jupiter/pkg/xlog/rotate/lumberjack_linux.go:562.31,564.2 1 0
github.com/douyu/jupiter/pkg/xlog/rotate/lumberjack_linux.go:568.54,573.2 4 0
github.com/douyu/jupiter/pkg/xlog/rotate/lumberjack_linux.go:577.51,579.16 2 0
github.com/douyu/jupiter/pkg/xlog/rotate/lumberjack_linux.go:582.2,585.16 3 0
github.com/douyu/jupiter/pkg/xlog/rotate/lumberjack_linux.go:589.2,589.39 1 0
github.com/douyu/jupiter/pkg/xlog/rotate/lumberjack_linux.go:595.2,596.16 2 0
github.com/douyu/jupiter/pkg/xlog/rotate/lumberjack_linux.go:599.2,603.15 3 0
github.com/douyu/jupiter/pkg/xlog/rotate/lumberjack_linux.go:610.2,610.42 1 0
github.com/douyu/jupiter/pkg/xlog/rotate/lumberjack_linux.go:613.2,613.35 1 0
github.com/douyu/jupiter/pkg/xlog/rotate/lumberjack_linux.go:616.2,616.36 1 0
github.com/douyu/jupiter/pkg/xlog/rotate/lumberjack_linux.go:620.2,620.34 1 0
github.com/douyu/jupiter/pkg/xlog/rotate/lumberjack_linux.go:624.2,624.23 1 0
github.com/douyu/jupiter/pkg/xlog/rotate/lumberjack_linux.go:579.16,581.3 1 0
github.com/douyu/jupiter/pkg/xlog/rotate/lumberjack_linux.go:585.16,587.3 1 0
github.com/douyu/jupiter/pkg/xlog/rotate/lumberjack_linux.go:589.39,591.3 1 0
github.com/douyu/jupiter/pkg/xlog/rotate/lumberjack_linux.go:596.16,598.3 1 0
github.com/douyu/jupiter/pkg/xlog/rotate/lumberjack_linux.go:603.15,604.17 1 0
github.com/douyu/jupiter/pkg/xlog/rotate/lumberjack_linux.go:604.17,607.4 2 0
github.com/douyu/jupiter/pkg/xlog/rotate/lumberjack_linux.go:610.42,612.3 1 0
github.com/douyu/jupiter/pkg/xlog/rotate/lumberjack_linux.go:613.35,615.3 1 0
github.com/douyu/jupiter/pkg/xlog/rotate/lumberjack_linux.go:616.36,618.3 1 0
github.com/douyu/jupiter/pkg/xlog/rotate/lumberjack_linux.go:620.34,622.3 1 0
github.com/douyu/jupiter/pkg/xlog/rotate/lumberjack_linux.go:638.43,640.2 1 0
github.com/douyu/jupiter/pkg/xlog/rotate/lumberjack_linux.go:643.38,645.2 1 0
github.com/douyu/jupiter/pkg/xlog/rotate/lumberjack_linux.go:648.33,650.2 1 0
github.com/douyu/jupiter/pkg/server/xecho/error.go:40.55,42.18 2 0
github.com/douyu/jupiter/pkg/server/xecho/error.go:46.2,46.11 1 0
github.com/douyu/jupiter/pkg/server/xecho/error.go:42.18,44.3 1 0
github.com/douyu/jupiter/pkg/server/xecho/error.go:50.35,52.2 1 0
github.com/douyu/jupiter/pkg/conf/api.go:29.40,31.2 1 0
github.com/douyu/jupiter/pkg/conf/api.go:33.40,35.2 1 3
github.com/douyu/jupiter/pkg/conf/api.go:40.73,42.2 1 0
github.com/douyu/jupiter/pkg/conf/api.go:45.67,47.2 1 0
github.com/douyu/jupiter/pkg/conf/api.go:50.47,52.2 1 0
github.com/douyu/jupiter/pkg/conf/api.go:55.14,57.2 1 0
github.com/douyu/jupiter/pkg/conf/api.go:60.50,62.2 1 0
github.com/douyu/jupiter/pkg/conf/api.go:65.24,67.2 1 0
github.com/douyu/jupiter/pkg/conf/api.go:70.34,72.2 1 0
github.com/douyu/jupiter/pkg/conf/api.go:75.30,77.2 1 0
github.com/douyu/jupiter/pkg/conf/api.go:80.39,82.2 1 0
github.com/douyu/jupiter/pkg/client/etcdv3/intercept.go:15.64,21.159 3 0
github.com/douyu/jupiter/pkg/client/etcdv3/intercept.go:21.159,24.10 2 0
github.com/douyu/jupiter/pkg/client/etcdv3/intercept.go:30.3,41.17 6 0
github.com/douyu/jupiter/pkg/client/etcdv3/intercept.go:46.3,48.13 2 0
github.com/douyu/jupiter/pkg/client/etcdv3/intercept.go:24.10,26.4 1 0
github.com/douyu/jupiter/pkg/client/etcdv3/intercept.go:26.9,28.4 1 0
github.com/douyu/jupiter/pkg/client/etcdv3/intercept.go:41.17,44.4 2 0
github.com/douyu/jupiter/pkg/client/etcdv3/intercept.go:52.66,58.170 3 0
github.com/douyu/jupiter/pkg/client/etcdv3/intercept.go:58.170,61.10 2 0
github.com/douyu/jupiter/pkg/client/etcdv3/intercept.go:67.3,78.17 6 0
github.com/douyu/jupiter/pkg/client/etcdv3/intercept.go:83.3,85.27 2 0
github.com/douyu/jupiter/pkg/client/etcdv3/intercept.go:61.10,63.4 1 0
github.com/douyu/jupiter/pkg/client/etcdv3/intercept.go:63.9,65.4 1 0
github.com/douyu/jupiter/pkg/client/etcdv3/intercept.go:78.17,81.4 2 0
github.com/douyu/jupiter/pkg/core/sentinel/sentinel.go:62.13,63.53 1 1
github.com/douyu/jupiter/pkg/core/sentinel/sentinel.go:63.53,65.3 1 0
github.com/douyu/jupiter/pkg/core/sentinel/sentinel.go:69.20,73.2 2 0
github.com/douyu/jupiter/pkg/core/sentinel/sentinel.go:76.80,78.2 1 3
github.com/douyu/jupiter/proto/testproto/hello.pb.go:46.32,48.29 2 2
github.com/douyu/jupiter/proto/testproto/hello.pb.go:48.29,52.3 3 2
github.com/douyu/jupiter/proto/testproto/hello.pb.go:55.40,57.2 1 0
github.com/douyu/jupiter/proto/testproto/hello.pb.go:59.38,59.39 0 0
github.com/douyu/jupiter/proto/testproto/hello.pb.go:61.60,63.41 2 6
github.com/douyu/jupiter/proto/testproto/hello.pb.go:70.2,70.24 1 0
github.com/douyu/jupiter/proto/testproto/hello.pb.go:63.41,65.34 2 6
github.com/douyu/jupiter/proto/testproto/hello.pb.go:68.3,68.12 1 6
github.com/douyu/jupiter/proto/testproto/hello.pb.go:65.34,67.4 1 2
github.com/douyu/jupiter/proto/testproto/hello.pb.go:74.51,76.2 1 0
github.com/douyu/jupiter/proto/testproto/hello.pb.go:78.41,79.14 1 0
github.com/douyu/jupiter/proto/testproto/hello.pb.go:82.2,82.11 1 0
github.com/douyu/jupiter/proto/testproto/hello.pb.go:79.14,81.3 1 0
github.com/douyu/jupiter/proto/testproto/hello.pb.go:91.32,93.29 2 0
github.com/douyu/jupiter/proto/testproto/hello.pb.go:93.29,97.3 3 0
github.com/douyu/jupiter/proto/testproto/hello.pb.go:100.40,102.2 1 0
github.com/douyu/jupiter/proto/testproto/hello.pb.go:104.38,104.39 0 0
github.com/douyu/jupiter/proto/testproto/hello.pb.go:106.60,108.41 2 0
github.com/douyu/jupiter/proto/testproto/hello.pb.go:115.2,115.24 1 0
github.com/douyu/jupiter/proto/testproto/hello.pb.go:108.41,110.34 2 0
github.com/douyu/jupiter/proto/testproto/hello.pb.go:113.3,113.12 1 0
github.com/douyu/jupiter/proto/testproto/hello.pb.go:110.34,112.4 1 0
github.com/douyu/jupiter/proto/testproto/hello.pb.go:119.51,121.2 1 0
github.com/douyu/jupiter/proto/testproto/hello.pb.go:131.34,133.29 2 0
github.com/douyu/jupiter/proto/testproto/hello.pb.go:133.29,137.3 3 0
github.com/douyu/jupiter/proto/testproto/hello.pb.go:140.42,142.2 1 0
github.com/douyu/jupiter/proto/testproto/hello.pb.go:144.40,144.41 0 0
github.com/douyu/jupiter/proto/testproto/hello.pb.go:146.62,148.41 2 0
github.com/douyu/jupiter/proto/testproto/hello.pb.go:155.2,155.24 1 0
github.com/douyu/jupiter/proto/testproto/hello.pb.go:148.41,150.34 2 0
github.com/douyu/jupiter/proto/testproto/hello.pb.go:153.3,153.12 1 0
github.com/douyu/jupiter/proto/testproto/hello.pb.go:150.34,152.4 1 0
github.com/douyu/jupiter/proto/testproto/hello.pb.go:159.53,161.2 1 0
github.com/douyu/jupiter/proto/testproto/hello.pb.go:163.46,164.14 1 0
github.com/douyu/jupiter/proto/testproto/hello.pb.go:167.2,167.11 1 0
github.com/douyu/jupiter/proto/testproto/hello.pb.go:164.14,166.3 1 0
github.com/douyu/jupiter/proto/testproto/hello.pb.go:185.30,187.29 2 2
github.com/douyu/jupiter/proto/testproto/hello.pb.go:187.29,191.3 3 2
github.com/douyu/jupiter/proto/testproto/hello.pb.go:194.38,196.2 1 0
github.com/douyu/jupiter/proto/testproto/hello.pb.go:198.36,198.37 0 0
github.com/douyu/jupiter/proto/testproto/hello.pb.go:200.58,202.41 2 10
github.com/douyu/jupiter/proto/testproto/hello.pb.go:209.2,209.24 1 0
github.com/douyu/jupiter/proto/testproto/hello.pb.go:202.41,204.34 2 10
github.com/douyu/jupiter/proto/testproto/hello.pb.go:207.3,207.12 1 10
github.com/douyu/jupiter/proto/testproto/hello.pb.go:204.34,206.4 1 4
github.com/douyu/jupiter/proto/testproto/hello.pb.go:213.49,215.2 1 0
github.com/douyu/jupiter/proto/testproto/hello.pb.go:217.42,218.14 1 0
github.com/douyu/jupiter/proto/testproto/hello.pb.go:221.2,221.11 1 0
github.com/douyu/jupiter/proto/testproto/hello.pb.go:218.14,220.3 1 0
github.com/douyu/jupiter/proto/testproto/hello.pb.go:224.38,225.14 1 0
github.com/douyu/jupiter/proto/testproto/hello.pb.go:228.2,228.10 1 0
github.com/douyu/jupiter/proto/testproto/hello.pb.go:225.14,227.3 1 0
github.com/douyu/jupiter/proto/testproto/hello.pb.go:231.38,232.14 1 0
github.com/douyu/jupiter/proto/testproto/hello.pb.go:235.2,235.10 1 0
github.com/douyu/jupiter/proto/testproto/hello.pb.go:232.14,234.3 1 0
github.com/douyu/jupiter/proto/testproto/hello.pb.go:238.40,239.14 1 0
github.com/douyu/jupiter/proto/testproto/hello.pb.go:242.2,242.10 1 0
github.com/douyu/jupiter/proto/testproto/hello.pb.go:239.14,241.3 1 0
github.com/douyu/jupiter/proto/testproto/hello.pb.go:245.40,246.14 1 0
github.com/douyu/jupiter/proto/testproto/hello.pb.go:249.2,249.10 1 0
github.com/douyu/jupiter/proto/testproto/hello.pb.go:246.14,248.3 1 0
github.com/douyu/jupiter/proto/testproto/hello.pb.go:252.39,253.14 1 0
github.com/douyu/jupiter/proto/testproto/hello.pb.go:256.2,256.12 1 0
github.com/douyu/jupiter/proto/testproto/hello.pb.go:253.14,255.3 1 0
github.com/douyu/jupiter/proto/testproto/hello.pb.go:259.37,260.14 1 0
github.com/douyu/jupiter/proto/testproto/hello.pb.go:263.2,263.14 1 0
github.com/douyu/jupiter/proto/testproto/hello.pb.go:260.14,262.3 1 0
github.com/douyu/jupiter/proto/testproto/hello.pb.go:318.60,319.57 1 0
github.com/douyu/jupiter/proto/testproto/hello.pb.go:322.2,322.53 1 0
github.com/douyu/jupiter/proto/testproto/hello.pb.go:319.57,321.3 1 0
github.com/douyu/jupiter/proto/testproto/hello.pb.go:346.13,346.56 1 1
github.com/douyu/jupiter/proto/testproto/hello.pb.go:347.46,348.45 1 1
github.com/douyu/jupiter/proto/testproto/hello.pb.go:351.2,351.30 1 1
github.com/douyu/jupiter/proto/testproto/hello.pb.go:401.2,418.48 6 1
github.com/douyu/jupiter/proto/testproto/hello.pb.go:348.45,350.3 1 0
github.com/douyu/jupiter/proto/testproto/hello.pb.go:351.30,352.98 1 0
github.com/douyu/jupiter/proto/testproto/hello.pb.go:364.3,364.98 1 0
github.com/douyu/jupiter/proto/testproto/hello.pb.go:376.3,376.98 1 0
github.com/douyu/jupiter/proto/testproto/hello.pb.go:388.3,388.98 1 0
github.com/douyu/jupiter/proto/testproto/hello.pb.go:352.98,353.37 1 0
github.com/douyu/jupiter/proto/testproto/hello.pb.go:354.11,355.20 1 0
github.com/douyu/jupiter/proto/testproto/hello.pb.go:356.11,357.24 1 0
github.com/douyu/jupiter/proto/testproto/hello.pb.go:358.11,359.28 1 0
github.com/douyu/jupiter/proto/testproto/hello.pb.go:360.12,361.15 1 0
github.com/douyu/jupiter/proto/testproto/hello.pb.go:364.98,365.37 1 0
github.com/douyu/jupiter/proto/testproto/hello.pb.go:366.11,367.20 1 0
github.com/douyu/jupiter/proto/testproto/hello.pb.go:368.11,369.24 1 0
github.com/douyu/jupiter/proto/testproto/hello.pb.go:370.11,371.28 1 0
github.com/douyu/jupiter/proto/testproto/hello.pb.go:372.12,373.15 1 0
github.com/douyu/jupiter/proto/testproto/hello.pb.go:376.98,377.39 1 0
github.com/douyu/jupiter/proto/testproto/hello.pb.go:378.11,379.20 1 0
github.com/douyu/jupiter/proto/testproto/hello.pb.go:380.11,381.24 1 0
github.com/douyu/jupiter/proto/testproto/hello.pb.go:382.11,383.28 1 0
github.com/douyu/jupiter/proto/testproto/hello.pb.go:384.12,385.15 1 0
github.com/douyu/jupiter/proto/testproto/hello.pb.go:388.98,389.35 1 0
github.com/douyu/jupiter/proto/testproto/hello.pb.go:390.11,391.20 1 0
github.com/douyu/jupiter/proto/testproto/hello.pb.go:392.11,393.24 1 0
github.com/douyu/jupiter/proto/testproto/hello.pb.go:394.11,395.28 1 0
github.com/douyu/jupiter/proto/testproto/hello.pb.go:396.12,397.15 1 0
github.com/douyu/jupiter/pkg/util/xstring/json.go:57.13,59.2 1 1
github.com/douyu/jupiter/pkg/util/xstring/json.go:62.35,65.2 2 0
github.com/douyu/jupiter/pkg/util/xstring/json.go:68.40,71.2 2 0
github.com/douyu/jupiter/pkg/util/xstring/json.go:74.41,77.2 2 0
github.com/douyu/jupiter/pkg/util/xstring/json.go:80.46,83.2 2 0
github.com/douyu/jupiter/pkg/util/xstring/json.go:90.100,91.48 1 0
github.com/douyu/jupiter/pkg/util/xstring/json.go:91.48,94.40 3 0
github.com/douyu/jupiter/pkg/util/xstring/json.go:100.3,100.19 1 0
github.com/douyu/jupiter/pkg/util/xstring/json.go:94.40,95.30 1 0
github.com/douyu/jupiter/pkg/util/xstring/json.go:95.30,97.10 2 0
github.com/douyu/jupiter/pkg/util/xstring/json.go:100.19,103.4 2 0
github.com/douyu/jupiter/pkg/util/xstring/json.go:110.44,112.2 1 0
github.com/douyu/jupiter/pkg/core/xtrace/carrier.go:28.54,30.22 2 2
github.com/douyu/jupiter/pkg/core/xtrace/carrier.go:33.2,33.18 1 0
github.com/douyu/jupiter/pkg/core/xtrace/carrier.go:30.22,32.3 1 2
github.com/douyu/jupiter/pkg/core/xtrace/carrier.go:36.54,38.2 1 0
github.com/douyu/jupiter/pkg/core/xtrace/carrier.go:40.47,42.32 2 0
github.com/douyu/jupiter/pkg/core/xtrace/carrier.go:45.2,45.13 1 0
github.com/douyu/jupiter/pkg/core/xtrace/carrier.go:42.32,44.3 1 0
github.com/douyu/jupiter/pkg/util/xgo/chan.go:17.44,18.9 1 0
github.com/douyu/jupiter/pkg/util/xgo/chan.go:23.2,23.14 1 0
github.com/douyu/jupiter/pkg/util/xgo/chan.go:19.12,20.14 1 0
github.com/douyu/jupiter/pkg/util/xgo/chan.go:21.10,21.10 0 0
github.com/douyu/jupiter/pkg/core/sentinel/context.go:27.80,29.2 1 0
github.com/douyu/jupiter/pkg/core/sentinel/context.go:31.59,32.16 1 0
github.com/douyu/jupiter/pkg/core/sentinel/context.go:35.2,35.70 1 0
github.com/douyu/jupiter/pkg/core/sentinel/context.go:38.2,38.12 1 0
github.com/douyu/jupiter/pkg/core/sentinel/context.go:32.16,34.3 1 0
github.com/douyu/jupiter/pkg/core/sentinel/context.go:35.70,37.3 1 0
github.com/douyu/jupiter/pkg/server/xecho/handler.go:33.58,36.8 3 0
github.com/douyu/jupiter/pkg/server/xecho/handler.go:41.2,41.30 1 0
github.com/douyu/jupiter/pkg/server/xecho/handler.go:36.8,37.50 1 0
github.com/douyu/jupiter/pkg/server/xecho/handler.go:37.50,39.4 1 0
github.com/douyu/jupiter/pkg/server/xecho/handler.go:45.63,49.36 4 0
github.com/douyu/jupiter/pkg/server/xecho/handler.go:54.2,54.63 1 0
github.com/douyu/jupiter/pkg/server/xecho/handler.go:62.2,66.16 4 0
github.com/douyu/jupiter/pkg/server/xecho/handler.go:70.2,71.12 2 0
github.com/douyu/jupiter/pkg/server/xecho/handler.go:49.36,52.3 2 0
github.com/douyu/jupiter/pkg/server/xecho/handler.go:54.63,60.3 5 0
github.com/douyu/jupiter/pkg/server/xecho/handler.go:66.16,68.3 1 0
github.com/douyu/jupiter/pkg/server/xecho/handler.go:75.55,77.30 2 0
github.com/douyu/jupiter/pkg/server/xecho/handler.go:80.2,80.36 1 0
github.com/douyu/jupiter/pkg/server/xecho/handler.go:77.30,78.47 1 0
github.com/douyu/jupiter/pkg/server/xecho/handler.go:80.36,82.37 2 0
github.com/douyu/jupiter/pkg/server/xecho/handler.go:85.3,86.41 2 0
github.com/douyu/jupiter/pkg/server/xecho/handler.go:94.3,99.17 6 0
github.com/douyu/jupiter/pkg/server/xecho/handler.go:102.3,102.19 1 0
github.com/douyu/jupiter/pkg/server/xecho/handler.go:105.3,106.36 2 0
github.com/douyu/jupiter/pkg/server/xecho/handler.go:112.3,112.22 1 0
github.com/douyu/jupiter/pkg/server/xecho/handler.go:115.3,115.55 1 0
github.com/douyu/jupiter/pkg/server/xecho/handler.go:82.37,84.4 1 0
github.com/douyu/jupiter/pkg/server/xecho/handler.go:86.41,87.25 1 0
github.com/douyu/jupiter/pkg/server/xecho/handler.go:87.25,88.55 1 0
github.com/douyu/jupiter/pkg/server/xecho/handler.go:91.5,91.29 1 0
github.com/douyu/jupiter/pkg/server/xecho/handler.go:88.55,90.6 1 0
github.com/douyu/jupiter/pkg/server/xecho/handler.go:99.17,101.4 1 0
github.com/douyu/jupiter/pkg/server/xecho/handler.go:102.19,104.4 1 0
github.com/douyu/jupiter/pkg/server/xecho/handler.go:106.36,107.45 1 0
github.com/douyu/jupiter/pkg/server/xecho/handler.go:110.4,110.79 1 0
github.com/douyu/jupiter/pkg/server/xecho/handler.go:107.45,109.5 1 0
github.com/douyu/jupiter/pkg/server/xecho/handler.go:112.22,114.4 1 0
github.com/douyu/jupiter/pkg/util/xgo/goroutine.go:28.35,29.16 1 0
github.com/douyu/jupiter/pkg/util/xgo/goroutine.go:29.16,30.26 1 0
github.com/douyu/jupiter/pkg/util/xgo/goroutine.go:30.26,32.4 1 0
github.com/douyu/jupiter/pkg/util/xgo/goroutine.go:37.37,39.16 2 0
github.com/douyu/jupiter/pkg/util/xgo/goroutine.go:39.16,41.26 2 0
github.com/douyu/jupiter/pkg/util/xgo/goroutine.go:45.3,45.12 1 0
github.com/douyu/jupiter/pkg/util/xgo/goroutine.go:41.26,44.4 1 0
github.com/douyu/jupiter/pkg/util/xgo/goroutine.go:50.59,52.16 2 0
github.com/douyu/jupiter/pkg/util/xgo/goroutine.go:52.16,54.26 2 0
github.com/douyu/jupiter/pkg/util/xgo/goroutine.go:63.3,64.17 2 0
github.com/douyu/jupiter/pkg/util/xgo/goroutine.go:54.26,56.23 2 0
github.com/douyu/jupiter/pkg/util/xgo/goroutine.go:56.23,61.5 4 0
github.com/douyu/jupiter/pkg/util/xgo/goroutine.go:69.52,71.27 2 0
github.com/douyu/jupiter/pkg/util/xgo/goroutine.go:75.2,76.12 2 0
github.com/douyu/jupiter/pkg/util/xgo/goroutine.go:71.27,73.3 1 0
github.com/douyu/jupiter/pkg/util/xgo/goroutine.go:76.12,77.16 1 0
github.com/douyu/jupiter/pkg/util/xgo/goroutine.go:83.3,84.17 2 0
github.com/douyu/jupiter/pkg/util/xgo/goroutine.go:77.16,78.36 1 0
github.com/douyu/jupiter/pkg/util/xgo/goroutine.go:78.36,80.5 1 0
github.com/douyu/jupiter/pkg/util/xgo/goroutine.go:84.17,87.4 2 0
github.com/douyu/jupiter/pkg/util/xgo/goroutine.go:92.20,95.2 1 0
github.com/douyu/jupiter/pkg/util/xgo/goroutine.go:98.46,100.12 2 0
github.com/douyu/jupiter/pkg/util/xgo/goroutine.go:100.12,101.16 1 0
github.com/douyu/jupiter/pkg/util/xgo/goroutine.go:106.3,107.7 2 0
github.com/douyu/jupiter/pkg/util/xgo/goroutine.go:101.16,102.36 1 0
github.com/douyu/jupiter/pkg/util/xgo/goroutine.go:102.36,104.5 1 0
github.com/douyu/jupiter/pkg/util/xgo/goroutine.go:112.41,113.12 1 0
github.com/douyu/jupiter/pkg/util/xgo/goroutine.go:113.12,115.17 2 0
github.com/douyu/jupiter/pkg/util/xgo/goroutine.go:115.17,117.4 1 0
github.com/douyu/jupiter/pkg/server/server.go:55.45,57.2 1 0
github.com/douyu/jupiter/pkg/server/server.go:59.46,61.2 1 0
github.com/douyu/jupiter/pkg/server/server.go:64.38,66.2 1 0
github.com/douyu/jupiter/pkg/server/server.go:71.49,78.2 2 0
github.com/douyu/jupiter/pkg/server/server.go:103.50,105.33 2 0
github.com/douyu/jupiter/pkg/server/server.go:108.2,108.13 1 0
github.com/douyu/jupiter/pkg/server/server.go:105.33,107.3 1 0
github.com/douyu/jupiter/pkg/server/server.go:111.45,112.30 1 0
github.com/douyu/jupiter/pkg/server/server.go:112.30,114.3 1 0
github.com/douyu/jupiter/pkg/server/server.go:117.39,118.30 1 0
github.com/douyu/jupiter/pkg/server/server.go:118.30,120.3 1 0
github.com/douyu/jupiter/pkg/server/server.go:123.41,124.30 1 0
github.com/douyu/jupiter/pkg/server/server.go:124.30,126.3 1 0
github.com/douyu/jupiter/pkg/server/server.go:129.49,130.30 1 0
github.com/douyu/jupiter/pkg/server/server.go:130.30,132.3 1 0
github.com/douyu/jupiter/pkg/server/server.go:135.39,157.2 6 0
github.com/douyu/jupiter/pkg/core/hooks/hooks.go:29.32,30.11 1 0
github.com/douyu/jupiter/pkg/core/hooks/hooks.go:43.2,43.17 1 0
github.com/douyu/jupiter/pkg/core/hooks/hooks.go:31.30,32.28 1 0
github.com/douyu/jupiter/pkg/core/hooks/hooks.go:33.29,34.27 1 0
github.com/douyu/jupiter/pkg/core/hooks/hooks.go:35.23,36.21 1 0
github.com/douyu/jupiter/pkg/core/hooks/hooks.go:37.24,38.22 1 0
github.com/douyu/jupiter/pkg/core/hooks/hooks.go:39.23,40.21 1 0
github.com/douyu/jupiter/pkg/core/hooks/hooks.go:56.43,58.2 1 1
github.com/douyu/jupiter/pkg/core/hooks/hooks.go:61.22,64.23 2 0
github.com/douyu/jupiter/pkg/core/hooks/hooks.go:68.2,68.52 1 0
github.com/douyu/jupiter/pkg/core/hooks/hooks.go:75.2,75.97 1 0
github.com/douyu/jupiter/pkg/core/hooks/hooks.go:64.23,66.3 1 0
github.com/douyu/jupiter/pkg/core/hooks/hooks.go:68.52,70.16 2 0
github.com/douyu/jupiter/pkg/core/hooks/hooks.go:70.16,72.4 1 0
github.com/douyu/jupiter/pkg/server/xgin/status.go:34.32,34.55 1 0
github.com/douyu/jupiter/pkg/server/xgin/status.go:37.40,37.55 1 0
github.com/douyu/jupiter/pkg/server/xgin/status.go:40.38,40.39 0 0
github.com/douyu/jupiter/pkg/server/xgin/status.go:50.36,50.63 1 0
github.com/douyu/jupiter/pkg/server/xgin/status.go:53.44,53.79 1 0
github.com/douyu/jupiter/pkg/server/xgin/status.go:56.42,56.43 0 0
github.com/douyu/jupiter/pkg/server/xgin/status.go:59.60,61.16 2 0
github.com/douyu/jupiter/pkg/server/xgin/status.go:65.2,75.26 2 0
github.com/douyu/jupiter/pkg/server/xgin/status.go:61.16,63.3 1 0
github.com/douyu/jupiter/pkg/server/xgin/status.go:83.45,84.16 1 1
github.com/douyu/jupiter/pkg/server/xgin/status.go:87.2,87.43 1 1
github.com/douyu/jupiter/pkg/server/xgin/status.go:84.16,86.3 1 0
github.com/douyu/jupiter/pkg/server/xgin/status.go:89.13,93.2 3 1
github.com/douyu/jupiter/pkg/server/xgin/status.go:94.52,96.13 2 1
github.com/douyu/jupiter/pkg/server/xgin/status.go:99.2,100.16 2 1
github.com/douyu/jupiter/pkg/server/xgin/status.go:104.2,110.9 1 1
github.com/douyu/jupiter/pkg/server/xgin/status.go:96.13,98.3 1 0
github.com/douyu/jupiter/pkg/server/xgin/status.go:100.16,102.3 1 0
github.com/douyu/jupiter/pkg/server/xgin/status.go:112.54,114.2 1 1
github.com/douyu/jupiter/test/e2e/server/xfasthttp.go:27.56,30.27 2 1
github.com/douyu/jupiter/test/e2e/server/xfasthttp.go:44.2,44.26 1 1
github.com/douyu/jupiter/test/e2e/server/xfasthttp.go:48.2,48.65 1 1
github.com/douyu/jupiter/test/e2e/server/xfasthttp.go:30.27,32.51 2 1
github.com/douyu/jupiter/test/e2e/server/xfasthttp.go:35.3,35.13 1 1
github.com/douyu/jupiter/test/e2e/server/xfasthttp.go:41.3,41.26 1 1
github.com/douyu/jupiter/test/e2e/server/xfasthttp.go:32.51,34.4 1 1
github.com/douyu/jupiter/test/e2e/server/xfasthttp.go:35.13,37.18 2 1
github.com/douyu/jupiter/test/e2e/server/xfasthttp.go:37.18,38.15 1 0
github.com/douyu/jupiter/test/e2e/server/xfasthttp.go:44.26,46.3 1 1
[...]
github.com/douyu/jupiter/pkg/util/xstring/uuid.go:56.22,59.3 2 0
github.com/douyu/jupiter/pkg/util/xstring/uuid.go:64.26,66.2 1 0
github.com/douyu/jupiter/pkg/xlog/rotate/chown_linux.go:27.49,29.16 2 0
github.com/douyu/jupiter/pkg/xlog/rotate/chown_linux.go:32.2,34.53 3 0
github.com/douyu/jupiter/pkg/xlog/rotate/chown_linux.go:29.16,31.3 1 0
github.com/douyu/jupiter/pkg/util/xgo/init.go:31.55,32.20 1 0
github.com/douyu/jupiter/pkg/util/xgo/init.go:35.2,35.15 1 0
github.com/douyu/jupiter/pkg/util/xgo/init.go:48.2,48.13 1 0
github.com/douyu/jupiter/pkg/util/xgo/init.go:32.20,34.3 1 0
github.com/douyu/jupiter/pkg/util/xgo/init.go:35.15,36.35 1 0
github.com/douyu/jupiter/pkg/util/xgo/init.go:36.35,40.32 3 0
github.com/douyu/jupiter/pkg/util/xgo/init.go:45.4,45.80 1 0
github.com/douyu/jupiter/pkg/util/xgo/init.go:40.32,42.5 1 0
github.com/douyu/jupiter/pkg/util/xgo/init.go:42.10,44.5 1 0
github.com/douyu/jupiter/pkg/util/xgo/init.go:51.50,52.20 1 0
github.com/douyu/jupiter/pkg/util/xgo/init.go:55.2,55.15 1 0
github.com/douyu/jupiter/pkg/util/xgo/init.go:66.2,67.12 2 0
github.com/douyu/jupiter/pkg/util/xgo/init.go:52.20,54.3 1 0
github.com/douyu/jupiter/pkg/util/xgo/init.go:55.15,57.35 2 0
github.com/douyu/jupiter/pkg/util/xgo/init.go:57.35,59.32 2 0
github.com/douyu/jupiter/pkg/util/xgo/init.go:59.32,61.5 1 0
github.com/douyu/jupiter/pkg/util/xgo/init.go:61.10,63.5 1 0
github.com/douyu/jupiter/pkg/server/xgin/config.go:49.30,57.2 1 1
github.com/douyu/jupiter/pkg/server/xgin/config.go:60.37,62.2 1 0
github.com/douyu/jupiter/pkg/server/xgin/config.go:65.36,68.43 2 0
github.com/douyu/jupiter/pkg/server/xgin/config.go:71.2,71.15 1 0
github.com/douyu/jupiter/pkg/server/xgin/config.go:68.43,70.3 1 0
github.com/douyu/jupiter/pkg/server/xgin/config.go:75.63,78.2 2 0
github.com/douyu/jupiter/pkg/server/xgin/config.go:81.53,84.2 2 0
github.com/douyu/jupiter/pkg/server/xgin/config.go:87.50,90.2 2 0
github.com/douyu/jupiter/pkg/server/xgin/config.go:93.39,97.27 3 1
github.com/douyu/jupiter/pkg/server/xgin/config.go:101.2,101.26 1 1
github.com/douyu/jupiter/pkg/server/xgin/config.go:104.2,104.15 1 1
github.com/douyu/jupiter/pkg/server/xgin/config.go:97.27,99.3 1 1
github.com/douyu/jupiter/pkg/server/xgin/config.go:101.26,103.3 1 1
github.com/douyu/jupiter/pkg/server/xgin/config.go:108.40,110.2 1 3
github.com/douyu/jupiter/pkg/server/xecho/middleware.go:39.40,41.2 1 1
github.com/douyu/jupiter/pkg/server/xecho/middleware.go:44.98,45.54 1 1
github.com/douyu/jupiter/pkg/server/xecho/middleware.go:45.54,46.45 1 1
github.com/douyu/jupiter/pkg/server/xecho/middleware.go:46.45,50.17 3 1
github.com/douyu/jupiter/pkg/server/xecho/middleware.go:83.4,83.20 1 1
github.com/douyu/jupiter/pkg/server/xecho/middleware.go:50.17,52.37 2 1
github.com/douyu/jupiter/pkg/server/xecho/middleware.go:64.5,70.38 2 1
github.com/douyu/jupiter/pkg/server/xecho/middleware.go:75.5,75.19 1 1
github.com/douyu/jupiter/pkg/server/xecho/middleware.go:80.5,80.37 1 1
github.com/douyu/jupiter/pkg/server/xecho/middleware.go:52.37,53.31 1 0
github.com/douyu/jupiter/pkg/server/xecho/middleware.go:60.6,62.70 3 0
github.com/douyu/jupiter/pkg/server/xecho/middleware.go:54.17,55.16 1 0
github.com/douyu/jupiter/pkg/server/xecho/middleware.go:56.14,57.34 1 0
github.com/douyu/jupiter/pkg/server/xecho/middleware.go:70.38,71.80 1 1
github.com/douyu/jupiter/pkg/server/xecho/middleware.go:71.80,73.7 1 0
github.com/douyu/jupiter/pkg/server/xecho/middleware.go:75.19,79.6 3 0
github.com/douyu/jupiter/pkg/server/xecho/middleware.go:88.52,89.54 1 1
github.com/douyu/jupiter/pkg/server/xecho/middleware.go:89.54,90.43 1 1
github.com/douyu/jupiter/pkg/server/xecho/middleware.go:90.43,95.39 5 1
github.com/douyu/jupiter/pkg/server/xecho/middleware.go:98.4,100.14 3 1
github.com/douyu/jupiter/pkg/server/xecho/middleware.go:95.39,97.5 1 0
github.com/douyu/jupiter/pkg/server/xecho/middleware.go:105.51,111.54 3 1
github.com/douyu/jupiter/pkg/server/xecho/middleware.go:111.54,112.43 1 1
github.com/douyu/jupiter/pkg/server/xecho/middleware.go:112.43,121.4 6 1
github.com/douyu/jupiter/pkg/server/xecho/middleware.go:125.54,126.54 1 1
github.com/douyu/jupiter/pkg/server/xecho/middleware.go:126.54,127.37 1 1
github.com/douyu/jupiter/pkg/server/xecho/middleware.go:127.37,132.23 2 1
github.com/douyu/jupiter/pkg/server/xecho/middleware.go:136.4,139.14 3 1
github.com/douyu/jupiter/pkg/server/xecho/middleware.go:132.23,134.5 1 0
github.com/douyu/jupiter/pkg/core/metric/gauge.go:36.44,48.2 3 3
github.com/douyu/jupiter/pkg/core/metric/gauge.go:51.58,58.2 1 1
github.com/douyu/jupiter/pkg/core/metric/gauge.go:61.43,63.2 1 0
github.com/douyu/jupiter/pkg/core/metric/gauge.go:66.54,68.2 1 0
github.com/douyu/jupiter/pkg/core/metric/gauge.go:71.54,73.2 1 0
github.com/douyu/jupiter/pkg/core/sentinel/sentinel_circuitbreaker.go:55.73,58.29 2 0
github.com/douyu/jupiter/pkg/core/sentinel/sentinel_circuitbreaker.go:73.2,73.11 1 0
github.com/douyu/jupiter/pkg/core/sentinel/sentinel_circuitbreaker.go:58.29,59.18 1 0
github.com/douyu/jupiter/pkg/core/sentinel/sentinel_circuitbreaker.go:59.18,70.4 1 0
github.com/douyu/jupiter/pkg/core/sentinel/sentinel_circuitbreaker.go:76.38,80.2 1 0
github.com/douyu/jupiter/pkg/core/sentinel/sentinel_circuitbreaker.go:85.108,87.2 1 0
github.com/douyu/jupiter/pkg/core/sentinel/sentinel_circuitbreaker.go:91.77,93.2 1 0
github.com/douyu/jupiter/pkg/core/sentinel/sentinel_circuitbreaker.go:96.110,98.2 1 0
github.com/douyu/jupiter/proto/testproto/hello_grpc.pb.go:31.66,33.2 1 0
github.com/douyu/jupiter/proto/testproto/hello_grpc.pb.go:35.119,38.16 3 0
github.com/douyu/jupiter/proto/testproto/hello_grpc.pb.go:41.2,41.17 1 0
github.com/douyu/jupiter/proto/testproto/hello_grpc.pb.go:38.16,40.3 1 0
github.com/douyu/jupiter/proto/testproto/hello_grpc.pb.go:44.124,47.16 3 0
github.com/douyu/jupiter/proto/testproto/hello_grpc.pb.go:50.2,50.17 1 0
github.com/douyu/jupiter/proto/testproto/hello_grpc.pb.go:47.16,49.3 1 0
github.com/douyu/jupiter/proto/testproto/hello_grpc.pb.go:53.118,55.16 2 0
github.com/douyu/jupiter/proto/testproto/hello_grpc.pb.go:58.2,59.15 2 0
github.com/douyu/jupiter/proto/testproto/hello_grpc.pb.go:55.16,57.3 1 0
github.com/douyu/jupiter/proto/testproto/hello_grpc.pb.go:72.64,74.2 1 0
github.com/douyu/jupiter/proto/testproto/hello_grpc.pb.go:76.64,78.50 2 0
github.com/douyu/jupiter/proto/testproto/hello_grpc.pb.go:81.2,81.15 1 0
github.com/douyu/jupiter/proto/testproto/hello_grpc.pb.go:78.50,80.3 1 0
github.com/douyu/jupiter/proto/testproto/hello_grpc.pb.go:98.97,100.2 1 0
github.com/douyu/jupiter/proto/testproto/hello_grpc.pb.go:101.102,103.2 1 0
github.com/douyu/jupiter/proto/testproto/hello_grpc.pb.go:104.80,106.2 1 0
github.com/douyu/jupiter/proto/testproto/hello_grpc.pb.go:115.72,117.2 1 2
github.com/douyu/jupiter/proto/testproto/hello_grpc.pb.go:119.161,121.32 2 2
github.com/douyu/jupiter/proto/testproto/hello_grpc.pb.go:124.2,124.24 1 2
github.com/douyu/jupiter/proto/testproto/hello_grpc.pb.go:127.2,131.77 2 2
github.com/douyu/jupiter/proto/testproto/hello_grpc.pb.go:134.2,134.44 1 2
github.com/douyu/jupiter/proto/testproto/hello_grpc.pb.go:121.32,123.3 1 0
github.com/douyu/jupiter/proto/testproto/hello_grpc.pb.go:124.24,126.3 1 0
github.com/douyu/jupiter/proto/testproto/hello_grpc.pb.go:131.77,133.3 1 2
github.com/douyu/jupiter/proto/testproto/hello_grpc.pb.go:137.162,139.32 2 0
github.com/douyu/jupiter/proto/testproto/hello_grpc.pb.go:142.2,142.24 1 0
github.com/douyu/jupiter/proto/testproto/hello_grpc.pb.go:145.2,149.77 2 0
github.com/douyu/jupiter/proto/testproto/hello_grpc.pb.go:152.2,152.44 1 0
github.com/douyu/jupiter/proto/testproto/hello_grpc.pb.go:139.32,141.3 1 0
github.com/douyu/jupiter/proto/testproto/hello_grpc.pb.go:142.24,144.3 1 0
github.com/douyu/jupiter/proto/testproto/hello_grpc.pb.go:149.77,151.3 1 0
github.com/douyu/jupiter/proto/testproto/hello_grpc.pb.go:155.84,157.2 1 0
github.com/douyu/jupiter/proto/testproto/hello_grpc.pb.go:169.62,171.2 1 0
github.com/douyu/jupiter/proto/testproto/hello_grpc.pb.go:173.66,175.50 2 0
github.com/douyu/jupiter/proto/testproto/hello_grpc.pb.go:178.2,178.15 1 0
github.com/douyu/jupiter/proto/testproto/hello_grpc.pb.go:175.50,177.3 1 0
github.com/douyu/jupiter/test/e2e/server/xgoframe.go:27.55,30.27 2 1
github.com/douyu/jupiter/test/e2e/server/xgoframe.go:44.2,44.26 1 1
github.com/douyu/jupiter/test/e2e/server/xgoframe.go:48.2,48.64 1 1
github.com/douyu/jupiter/test/e2e/server/xgoframe.go:30.27,32.54 2 1
github.com/douyu/jupiter/test/e2e/server/xgoframe.go:35.3,35.13 1 1
github.com/douyu/jupiter/test/e2e/server/xgoframe.go:41.3,41.26 1 1
github.com/douyu/jupiter/test/e2e/server/xgoframe.go:32.54,34.4 1 1
github.com/douyu/jupiter/test/e2e/server/xgoframe.go:35.13,37.18 2 1
github.com/douyu/jupiter/test/e2e/server/xgoframe.go:37.18,38.15 1 0
github.com/douyu/jupiter/test/e2e/server/xgoframe.go:44.26,46.3 1 1
github.com/douyu/jupiter/test/e2e/server/xgoframe.go:48.64,50.3 1 1
github.com/douyu/jupiter/test/e2e/server/xgrpc.go:32.116,36.2 1 2
github.com/douyu/jupiter/test/e2e/server/xgrpc.go:38.51,41.27 2 1
github.com/douyu/jupiter/test/e2e/server/xgrpc.go:53.2,53.26 1 1
github.com/douyu/jupiter/test/e2e/server/xgrpc.go:57.2,57.70 1 1
github.com/douyu/jupiter/test/e2e/server/xgrpc.go:70.2,70.62 1 1
github.com/douyu/jupiter/test/e2e/server/xgrpc.go:41.27,44.13 3 2
github.com/douyu/jupiter/test/e2e/server/xgrpc.go:50.3,50.26 1 2
github.com/douyu/jupiter/test/e2e/server/xgrpc.go:44.13,46.18 2 2
github.com/douyu/jupiter/test/e2e/server/xgrpc.go:46.18,47.15 1 0
github.com/douyu/jupiter/test/e2e/server/xgrpc.go:53.26,55.3 1 2
github.com/douyu/jupiter/test/e2e/server/xgrpc.go:57.70,59.3 1 1
github.com/douyu/jupiter/test/e2e/server/xgrpc.go:70.62,72.3 1 1
github.com/douyu/jupiter/pkg/flag/init.go:26.42,29.4 2 0
github.com/douyu/jupiter/pkg/xlog/config.go:29.13,30.44 1 1
github.com/douyu/jupiter/pkg/xlog/config.go:30.44,33.36 2 0
github.com/douyu/jupiter/pkg/xlog/config.go:37.3,45.44 7 0
github.com/douyu/jupiter/pkg/xlog/config.go:33.36,35.4 1 0
github.com/douyu/jupiter/pkg/xlog/config.go:80.41,82.2 1 0
github.com/douyu/jupiter/pkg/xlog/config.go:85.36,90.2 4 0
github.com/douyu/jupiter/pkg/xlog/config.go:93.45,95.2 1 0
github.com/douyu/jupiter/pkg/xlog/config.go:98.30,118.2 1 0
github.com/douyu/jupiter/pkg/xlog/config.go:121.43,127.2 4 0
github.com/douyu/jupiter/pkg/xlog/config.go:130.38,131.33 1 2
github.com/douyu/jupiter/pkg/xlog/config.go:134.2,134.18 1 2
github.com/douyu/jupiter/pkg/xlog/config.go:137.2,139.15 2 2
github.com/douyu/jupiter/pkg/xlog/config.go:131.33,133.3 1 2
github.com/douyu/jupiter/pkg/xlog/config.go:134.18,136.3 1 2
github.com/douyu/jupiter/pkg/core/ecode/code.go:39.47,40.29 1 0
github.com/douyu/jupiter/pkg/core/ecode/code.go:44.2,44.37 1 0
github.com/douyu/jupiter/pkg/core/ecode/code.go:40.29,42.3 1 0
github.com/douyu/jupiter/pkg/core/ecode/code.go:47.47,57.2 3 1
github.com/douyu/jupiter/pkg/core/ecode/code.go:60.39,61.14 1 2
github.com/douyu/jupiter/pkg/core/ecode/code.go:66.2,73.3 2 0
github.com/douyu/jupiter/pkg/core/ecode/code.go:61.14,63.3 1 2
github.com/douyu/jupiter/pkg/core/xtrace/otelgrpc/config.go:27.36,29.55 2 0
github.com/douyu/jupiter/pkg/core/xtrace/otelgrpc/config.go:32.2,32.15 1 0
github.com/douyu/jupiter/pkg/core/xtrace/otelgrpc/config.go:29.55,31.3 1 0
github.com/douyu/jupiter/pkg/core/xtrace/otelgrpc/config.go:36.30,42.2 1 0
github.com/douyu/jupiter/pkg/core/xtrace/otelgrpc/config.go:45.52,51.16 4 0
github.com/douyu/jupiter/pkg/core/xtrace/otelgrpc/config.go:57.2,58.16 2 0
github.com/douyu/jupiter/pkg/core/xtrace/otelgrpc/config.go:63.2,75.11 3 0
github.com/douyu/jupiter/pkg/core/xtrace/otelgrpc/config.go:51.16,54.3 2 0
github.com/douyu/jupiter/pkg/core/xtrace/otelgrpc/config.go:58.16,61.3 2 0
github.com/douyu/jupiter/pkg/core/xtrace/init.go:26.13,28.44 1 1
github.com/douyu/jupiter/pkg/core/xtrace/init.go:28.44,32.27 3 0
github.com/douyu/jupiter/pkg/core/xtrace/init.go:39.3,40.27 2 0
github.com/douyu/jupiter/pkg/core/xtrace/init.go:32.27,37.4 3 0
github.com/douyu/jupiter/pkg/core/xtrace/init.go:40.27,45.4 3 0
github.com/douyu/jupiter/pkg/util/xdebug/debug.go:24.32,35.15 11 0
github.com/douyu/jupiter/pkg/util/xdebug/debug.go:38.2,39.15 2 0
github.com/douyu/jupiter/pkg/util/xdebug/debug.go:42.2,43.14 2 0
github.com/douyu/jupiter/pkg/util/xdebug/debug.go:35.15,37.3 1 0
github.com/douyu/jupiter/pkg/util/xdebug/debug.go:39.15,41.3 1 0
github.com/douyu/jupiter/pkg/util/xdebug/debug.go:47.29,58.15 11 0
github.com/douyu/jupiter/pkg/util/xdebug/debug.go:61.2,62.15 2 0
github.com/douyu/jupiter/pkg/util/xdebug/debug.go:65.2,65.54 1 0
github.com/douyu/jupiter/pkg/util/xdebug/debug.go:58.15,60.3 1 0
github.com/douyu/jupiter/pkg/util/xdebug/debug.go:62.15,64.3 1 0
github.com/douyu/jupiter/pkg/core/sentinel/config.go:52.25,54.2 1 0
github.com/douyu/jupiter/pkg/core/sentinel/config.go:56.35,59.53 2 0
github.com/douyu/jupiter/pkg/core/sentinel/config.go:63.2,63.78 1 0
github.com/douyu/jupiter/pkg/core/sentinel/config.go:69.2,69.15 1 0
github.com/douyu/jupiter/pkg/core/sentinel/config.go:59.53,61.3 1 0
github.com/douyu/jupiter/pkg/core/sentinel/config.go:63.78,67.3 2 0
github.com/douyu/jupiter/pkg/core/sentinel/config.go:72.29,84.2 1 0
github.com/douyu/jupiter/pkg/core/sentinel/config.go:86.76,87.22 1 0
github.com/douyu/jupiter/pkg/core/sentinel/config.go:93.2,95.18 2 0
github.com/douyu/jupiter/pkg/core/sentinel/config.go:87.22,89.3 1 0
github.com/douyu/jupiter/pkg/core/sentinel/config.go:89.8,91.3 1 0
github.com/douyu/jupiter/pkg/core/sentinel/config.go:98.91,99.15 1 3
github.com/douyu/jupiter/pkg/core/sentinel/config.go:103.2,107.14 3 0
github.com/douyu/jupiter/pkg/core/sentinel/config.go:113.2,115.13 2 0
github.com/douyu/jupiter/pkg/core/sentinel/config.go:99.15,101.3 1 3
github.com/douyu/jupiter/pkg/core/sentinel/config.go:107.14,111.3 2 0
github.com/douyu/jupiter/pkg/core/sentinel/config.go:118.31,120.15 1 0
github.com/douyu/jupiter/pkg/core/sentinel/config.go:126.2,126.47 1 0
github.com/douyu/jupiter/pkg/core/sentinel/config.go:132.2,136.16 4 0
github.com/douyu/jupiter/pkg/core/sentinel/config.go:140.2,144.12 3 0
github.com/douyu/jupiter/pkg/core/sentinel/config.go:120.15,124.3 2 0
github.com/douyu/jupiter/pkg/core/sentinel/config.go:126.47,130.3 2 0
github.com/douyu/jupiter/pkg/core/sentinel/config.go:136.16,138.3 1 0
github.com/douyu/jupiter/pkg/core/sentinel/config.go:147.29,151.22 2 0
github.com/douyu/jupiter/pkg/core/sentinel/config.go:152.32,155.17 2 0
github.com/douyu/jupiter/pkg/core/sentinel/config.go:159.3,160.17 2 0
github.com/douyu/jupiter/pkg/core/sentinel/config.go:164.3,165.17 2 0
github.com/douyu/jupiter/pkg/core/sentinel/config.go:169.3,170.17 2 0
github.com/douyu/jupiter/pkg/core/sentinel/config.go:173.10,177.17 3 0
github.com/douyu/jupiter/pkg/core/sentinel/config.go:181.3,182.17 2 0
github.com/douyu/jupiter/pkg/core/sentinel/config.go:186.3,188.17 3 0
github.com/douyu/jupiter/pkg/core/sentinel/config.go:155.17,156.14 1 0
github.com/douyu/jupiter/pkg/core/sentinel/config.go:160.17,162.4 1 0
github.com/douyu/jupiter/pkg/core/sentinel/config.go:165.17,167.4 1 0
github.com/douyu/jupiter/pkg/core/sentinel/config.go:170.17,172.4 1 0
github.com/douyu/jupiter/pkg/core/sentinel/config.go:177.17,179.4 1 0
github.com/douyu/jupiter/pkg/core/sentinel/config.go:182.17,184.4 1 0
github.com/douyu/jupiter/pkg/core/sentinel/config.go:188.17,190.4 1 0
github.com/douyu/jupiter/pkg/core/sentinel/config.go:194.55,195.19 1 0
github.com/douyu/jupiter/pkg/core/sentinel/config.go:198.2,198.18 1 0
github.com/douyu/jupiter/pkg/core/sentinel/config.go:195.19,197.3 1 0
github.com/douyu/jupiter/pkg/core/sentinel/config.go:201.89,205.16 2 0
github.com/douyu/jupiter/pkg/core/sentinel/config.go:209.2,209.32 1 0
github.com/douyu/jupiter/pkg/core/sentinel/config.go:205.16,207.3 1 0
github.com/douyu/jupiter/pkg/core/sentinel/config.go:212.73,213.55 1 0
github.com/douyu/jupiter/pkg/core/sentinel/config.go:217.2,218.52 2 0
github.com/douyu/jupiter/pkg/core/sentinel/config.go:225.2,227.35 2 0
github.com/douyu/jupiter/pkg/core/sentinel/config.go:213.55,215.3 1 0
github.com/douyu/jupiter/pkg/core/sentinel/config.go:218.52,223.3 3 0
github.com/douyu/jupiter/pkg/server/xfasthttp/middleware.go:31.46,32.68 1 1
github.com/douyu/jupiter/pkg/server/xfasthttp/middleware.go:32.68,33.41 1 1
github.com/douyu/jupiter/pkg/server/xfasthttp/middleware.go:33.41,38.17 4 1
github.com/douyu/jupiter/pkg/server/xfasthttp/middleware.go:73.4,73.13 1 1
github.com/douyu/jupiter/pkg/server/xfasthttp/middleware.go:38.17,40.37 2 1
github.com/douyu/jupiter/pkg/server/xfasthttp/middleware.go:58.5,64.19 2 1
github.com/douyu/jupiter/pkg/server/xfasthttp/middleware.go:70.5,70.39 1 1
github.com/douyu/jupiter/pkg/server/xfasthttp/middleware.go:40.37,41.31 1 0
github.com/douyu/jupiter/pkg/server/xfasthttp/middleware.go:48.6,52.30 4 0
github.com/douyu/jupiter/pkg/server/xfasthttp/middleware.go:42.17,43.16 1 0
github.com/douyu/jupiter/pkg/server/xfasthttp/middleware.go:44.14,45.34 1 0
github.com/douyu/jupiter/pkg/server/xfasthttp/middleware.go:52.30,55.7 2 0
github.com/douyu/jupiter/pkg/server/xfasthttp/middleware.go:64.19,68.6 3 0
github.com/douyu/jupiter/pkg/server/xgoframe/status.go:34.32,34.55 1 0
github.com/douyu/jupiter/pkg/server/xgoframe/status.go:37.40,37.55 1 0
github.com/douyu/jupiter/pkg/server/xgoframe/status.go:40.38,40.39 0 0
github.com/douyu/jupiter/pkg/server/xgoframe/status.go:50.36,50.63 1 0
github.com/douyu/jupiter/pkg/server/xgoframe/status.go:53.44,53.76 1 0
github.com/douyu/jupiter/pkg/server/xgoframe/status.go:56.42,56.43 0 0
github.com/douyu/jupiter/pkg/server/xgoframe/status.go:59.60,62.16 2 0
github.com/douyu/jupiter/pkg/server/xgoframe/status.go:66.2,76.26 2 0
github.com/douyu/jupiter/pkg/server/xgoframe/status.go:62.16,64.3 1 0
github.com/douyu/jupiter/pkg/server/xgoframe/status.go:84.45,85.16 1 1
github.com/douyu/jupiter/pkg/server/xgoframe/status.go:88.2,88.43 1 1
github.com/douyu/jupiter/pkg/server/xgoframe/status.go:85.16,87.3 1 0
github.com/douyu/jupiter/pkg/server/xgoframe/status.go:90.13,94.2 3 1
github.com/douyu/jupiter/pkg/server/xgoframe/status.go:95.52,97.13 2 1
github.com/douyu/jupiter/pkg/server/xgoframe/status.go:100.2,101.16 2 1
github.com/douyu/jupiter/pkg/server/xgoframe/status.go:105.2,111.9 1 1
github.com/douyu/jupiter/pkg/server/xgoframe/status.go:97.13,99.3 1 0
github.com/douyu/jupiter/pkg/server/xgoframe/status.go:101.16,103.3 1 0
github.com/douyu/jupiter/pkg/server/xgoframe/status.go:113.54,115.2 1 1
github.com/douyu/jupiter/pkg/xlog/field.go:26.35,28.2 1 0
github.com/douyu/jupiter/pkg/xlog/field.go:31.35,34.2 2 3
github.com/douyu/jupiter/pkg/xlog/field.go:37.36,39.2 1 2
github.com/douyu/jupiter/pkg/xlog/field.go:42.44,44.2 1 0
github.com/douyu/jupiter/pkg/xlog/field.go:47.36,49.2 1 0
github.com/douyu/jupiter/pkg/xlog/field.go:52.36,54.2 1 0
github.com/douyu/jupiter/pkg/xlog/field.go:57.35,59.2 1 0
github.com/douyu/jupiter/pkg/xlog/field.go:62.43,64.2 1 2
github.com/douyu/jupiter/pkg/xlog/field.go:67.35,69.2 1 0
github.com/douyu/jupiter/pkg/xlog/field.go:72.43,74.2 1 0
github.com/douyu/jupiter/pkg/xlog/field.go:77.37,79.2 1 0
github.com/douyu/jupiter/pkg/xlog/field.go:82.45,84.2 1 0
github.com/douyu/jupiter/pkg/xlog/field.go:87.39,89.2 1 0
github.com/douyu/jupiter/pkg/xlog/field.go:92.32,94.2 1 0
github.com/douyu/jupiter/pkg/xlog/field.go:97.39,99.2 1 0
github.com/douyu/jupiter/pkg/xlog/field.go:102.49,104.2 1 0
github.com/douyu/jupiter/pkg/xlog/field.go:107.37,109.2 1 0
github.com/douyu/jupiter/pkg/xlog/field.go:112.38,114.2 1 8
github.com/douyu/jupiter/pkg/xlog/field.go:117.37,119.2 1 2
github.com/douyu/jupiter/pkg/xlog/field.go:122.36,124.2 1 0
github.com/douyu/jupiter/pkg/xlog/field.go:127.38,129.2 1 0
github.com/douyu/jupiter/pkg/xlog/field.go:132.34,134.2 1 0
github.com/douyu/jupiter/pkg/xlog/field.go:137.39,139.2 1 0
github.com/douyu/jupiter/pkg/xlog/field.go:142.37,144.2 1 0
github.com/douyu/jupiter/pkg/xlog/field.go:147.41,149.2 1 0
github.com/douyu/jupiter/pkg/xlog/field.go:152.35,154.2 1 0
